mode: atomic
github.com/subhasundardass/retui/main.go:9.47,77.2 2 0
github.com/subhasundardass/retui/main.go:79.30,82.34 2 0
github.com/subhasundardass/retui/main.go:82.34,84.3 1 0
github.com/subhasundardass/retui/main.go:86.2,86.34 1 0
github.com/subhasundardass/retui/main.go:86.34,88.3 1 0
github.com/subhasundardass/retui/main.go:90.2,103.3 1 0
github.com/subhasundardass/retui/main.go:107.13,110.2 2 0
github.com/subhasundardass/retui/cmd/retui-gen/main.go:12.13,16.20 3 0
github.com/subhasundardass/retui/cmd/retui-gen/main.go:16.20,20.3 3 0
github.com/subhasundardass/retui/cmd/retui-gen/main.go:22.2,23.45 2 0
github.com/subhasundardass/retui/cmd/retui-gen/main.go:23.45,26.3 2 0
github.com/subhasundardass/retui/cmd/retui-gen/main.go:28.2,29.22 2 0
github.com/subhasundardass/retui/cmd/retui-gen/main.go:32.34,35.47 2 0
github.com/subhasundardass/retui/cmd/retui-gen/main.go:35.47,38.3 2 0
github.com/subhasundardass/retui/cmd/retui-gen/main.go:41.2,47.36 2 0
github.com/subhasundardass/retui/cmd/retui-gen/main.go:47.36,50.17 3 0
github.com/subhasundardass/retui/cmd/retui-gen/main.go:50.17,53.4 2 0
github.com/subhasundardass/retui/cmd/retui-gen/main.go:54.3,60.5 3 0
github.com/subhasundardass/retui/cmd/retui-gen/main.go:63.2,69.44 3 0
github.com/subhasundardass/retui/ent/client.go:52.40,56.2 3 0
github.com/subhasundardass/retui/ent/client.go:58.25,68.2 9 0
github.com/subhasundardass/retui/ent/client.go:89.39,93.2 3 0
github.com/subhasundardass/retui/ent/client.go:96.42,97.27 1 0
github.com/subhasundardass/retui/ent/client.go:97.27,99.3 1 0
github.com/subhasundardass/retui/ent/client.go:100.2,100.13 1 0
github.com/subhasundardass/retui/ent/client.go:100.13,102.3 1 0
github.com/subhasundardass/retui/ent/client.go:106.21,107.25 1 0
github.com/subhasundardass/retui/ent/client.go:107.25,109.3 1 0
github.com/subhasundardass/retui/ent/client.go:113.34,114.25 1 0
github.com/subhasundardass/retui/ent/client.go:114.25,116.3 1 0
github.com/subhasundardass/retui/ent/client.go:120.43,121.25 1 0
github.com/subhasundardass/retui/ent/client.go:121.25,123.3 1 0
github.com/subhasundardass/retui/ent/client.go:129.82,130.20 1 0
github.com/subhasundardass/retui/ent/client.go:131.55,133.17 2 0
github.com/subhasundardass/retui/ent/client.go:133.17,135.4 1 0
github.com/subhasundardass/retui/ent/client.go:136.3,136.57 1 0
github.com/subhasundardass/retui/ent/client.go:137.10,138.63 1 0
github.com/subhasundardass/retui/ent/client.go:147.55,148.39 1 0
github.com/subhasundardass/retui/ent/client.go:148.39,150.3 1 0
github.com/subhasundardass/retui/ent/client.go:151.2,152.16 2 0
github.com/subhasundardass/retui/ent/client.go:152.16,154.3 1 0
github.com/subhasundardass/retui/ent/client.go:155.2,168.8 3 0
github.com/subhasundardass/retui/ent/client.go:172.81,173.39 1 0
github.com/subhasundardass/retui/ent/client.go:173.39,175.3 1 0
github.com/subhasundardass/retui/ent/client.go:176.2,179.16 2 0
github.com/subhasundardass/retui/ent/client.go:179.16,181.3 1 0
github.com/subhasundardass/retui/ent/client.go:182.2,195.8 3 0
github.com/subhasundardass/retui/ent/client.go:204.34,205.13 1 0
github.com/subhasundardass/retui/ent/client.go:205.13,207.3 1 0
github.com/subhasundardass/retui/ent/client.go:208.2,212.15 5 0
github.com/subhasundardass/retui/ent/client.go:216.32,218.2 1 0
github.com/subhasundardass/retui/ent/client.go:222.37,226.4 1 0
github.com/subhasundardass/retui/ent/client.go:226.4,228.3 1 0
github.com/subhasundardass/retui/ent/client.go:233.57,237.4 1 0
github.com/subhasundardass/retui/ent/client.go:237.4,239.3 1 0
github.com/subhasundardass/retui/ent/client.go:243.73,244.23 1 0
github.com/subhasundardass/retui/ent/client.go:245.24,246.34 1 0
github.com/subhasundardass/retui/ent/client.go:247.24,248.34 1 0
github.com/subhasundardass/retui/ent/client.go:249.28,250.39 1 0
github.com/subhasundardass/retui/ent/client.go:251.23,252.33 1 0
github.com/subhasundardass/retui/ent/client.go:253.28,254.39 1 0
github.com/subhasundardass/retui/ent/client.go:255.28,256.38 1 0
github.com/subhasundardass/retui/ent/client.go:257.25,258.35 1 0
github.com/subhasundardass/retui/ent/client.go:259.22,260.32 1 0
github.com/subhasundardass/retui/ent/client.go:261.10,262.61 1 0
github.com/subhasundardass/retui/ent/client.go:272.48,274.2 1 0
github.com/subhasundardass/retui/ent/client.go:278.44,280.2 1 0
github.com/subhasundardass/retui/ent/client.go:284.64,286.2 1 0
github.com/subhasundardass/retui/ent/client.go:289.49,292.2 2 0
github.com/subhasundardass/retui/ent/client.go:295.83,297.2 1 0
github.com/subhasundardass/retui/ent/client.go:301.104,303.32 2 0
github.com/subhasundardass/retui/ent/client.go:303.32,305.3 1 0
github.com/subhasundardass/retui/ent/client.go:306.2,307.32 2 0
github.com/subhasundardass/retui/ent/client.go:307.32,310.3 2 0
github.com/subhasundardass/retui/ent/client.go:311.2,311.65 1 0
github.com/subhasundardass/retui/ent/client.go:315.49,318.2 2 0
github.com/subhasundardass/retui/ent/client.go:321.66,324.2 2 0
github.com/subhasundardass/retui/ent/client.go:327.63,330.2 2 0
github.com/subhasundardass/retui/ent/client.go:333.49,336.2 2 0
github.com/subhasundardass/retui/ent/client.go:339.66,341.2 1 0
github.com/subhasundardass/retui/ent/client.go:344.63,349.2 4 0
github.com/subhasundardass/retui/ent/client.go:352.47,358.2 1 0
github.com/subhasundardass/retui/ent/client.go:361.76,363.2 1 0
github.com/subhasundardass/retui/ent/client.go:366.68,368.16 2 0
github.com/subhasundardass/retui/ent/client.go:368.16,369.13 1 0
github.com/subhasundardass/retui/ent/client.go:371.2,371.12 1 0
github.com/subhasundardass/retui/ent/client.go:375.62,377.68 2 0
github.com/subhasundardass/retui/ent/client.go:377.68,386.3 4 0
github.com/subhasundardass/retui/ent/client.go:387.2,387.14 1 0
github.com/subhasundardass/retui/ent/client.go:391.40,393.2 1 0
github.com/subhasundardass/retui/ent/client.go:396.54,398.2 1 0
github.com/subhasundardass/retui/ent/client.go:400.88,401.16 1 0
github.com/subhasundardass/retui/ent/client.go:402.16,403.85 1 0
github.com/subhasundardass/retui/ent/client.go:404.16,405.85 1 0
github.com/subhasundardass/retui/ent/client.go:406.19,407.88 1 0
github.com/subhasundardass/retui/ent/client.go:408.29,409.85 1 0
github.com/subhasundardass/retui/ent/client.go:410.10,411.73 1 0
github.com/subhasundardass/retui/ent/client.go:421.48,423.2 1 0
github.com/subhasundardass/retui/ent/client.go:427.44,429.2 1 0
github.com/subhasundardass/retui/ent/client.go:433.64,435.2 1 0
github.com/subhasundardass/retui/ent/client.go:438.49,441.2 2 0
github.com/subhasundardass/retui/ent/client.go:444.83,446.2 1 0
github.com/subhasundardass/retui/ent/client.go:450.104,452.32 2 0
github.com/subhasundardass/retui/ent/client.go:452.32,454.3 1 0
github.com/subhasundardass/retui/ent/client.go:455.2,456.32 2 0
github.com/subhasundardass/retui/ent/client.go:456.32,459.3 2 0
github.com/subhasundardass/retui/ent/client.go:460.2,460.65 1 0
github.com/subhasundardass/retui/ent/client.go:464.49,467.2 2 0
github.com/subhasundardass/retui/ent/client.go:470.66,473.2 2 0
github.com/subhasundardass/retui/ent/client.go:476.63,479.2 2 0
github.com/subhasundardass/retui/ent/client.go:482.49,485.2 2 0
github.com/subhasundardass/retui/ent/client.go:488.66,490.2 1 0
github.com/subhasundardass/retui/ent/client.go:493.63,498.2 4 0
github.com/subhasundardass/retui/ent/client.go:501.47,507.2 1 0
github.com/subhasundardass/retui/ent/client.go:510.76,512.2 1 0
github.com/subhasundardass/retui/ent/client.go:515.68,517.16 2 0
github.com/subhasundardass/retui/ent/client.go:517.16,518.13 1 0
github.com/subhasundardass/retui/ent/client.go:520.2,520.12 1 0
github.com/subhasundardass/retui/ent/client.go:524.67,526.68 2 0
github.com/subhasundardass/retui/ent/client.go:526.68,535.3 4 0
github.com/subhasundardass/retui/ent/client.go:536.2,536.14 1 0
github.com/subhasundardass/retui/ent/client.go:540.40,542.2 1 0
github.com/subhasundardass/retui/ent/client.go:545.54,547.2 1 0
github.com/subhasundardass/retui/ent/client.go:549.88,550.16 1 0
github.com/subhasundardass/retui/ent/client.go:551.16,552.85 1 0
github.com/subhasundardass/retui/ent/client.go:553.16,554.85 1 0
github.com/subhasundardass/retui/ent/client.go:555.19,556.88 1 0
github.com/subhasundardass/retui/ent/client.go:557.29,558.85 1 0
github.com/subhasundardass/retui/ent/client.go:559.10,560.73 1 0
github.com/subhasundardass/retui/ent/client.go:570.56,572.2 1 0
github.com/subhasundardass/retui/ent/client.go:576.48,578.2 1 0
github.com/subhasundardass/retui/ent/client.go:582.68,584.2 1 0
github.com/subhasundardass/retui/ent/client.go:587.57,590.2 2 0
github.com/subhasundardass/retui/ent/client.go:593.95,595.2 1 0
github.com/subhasundardass/retui/ent/client.go:599.116,601.32 2 0
github.com/subhasundardass/retui/ent/client.go:601.32,603.3 1 0
github.com/subhasundardass/retui/ent/client.go:604.2,605.32 2 0
github.com/subhasundardass/retui/ent/client.go:605.32,608.3 2 0
github.com/subhasundardass/retui/ent/client.go:609.2,609.69 1 0
github.com/subhasundardass/retui/ent/client.go:613.57,616.2 2 0
github.com/subhasundardass/retui/ent/client.go:619.79,622.2 2 0
github.com/subhasundardass/retui/ent/client.go:625.71,628.2 2 0
github.com/subhasundardass/retui/ent/client.go:631.57,634.2 2 0
github.com/subhasundardass/retui/ent/client.go:637.79,639.2 1 0
github.com/subhasundardass/retui/ent/client.go:642.71,647.2 4 0
github.com/subhasundardass/retui/ent/client.go:650.55,656.2 1 0
github.com/subhasundardass/retui/ent/client.go:659.85,661.2 1 0
github.com/subhasundardass/retui/ent/client.go:664.77,666.16 2 0
github.com/subhasundardass/retui/ent/client.go:666.16,667.13 1 0
github.com/subhasundardass/retui/ent/client.go:669.2,669.12 1 0
github.com/subhasundardass/retui/ent/client.go:673.74,675.68 2 0
github.com/subhasundardass/retui/ent/client.go:675.68,684.3 4 0
github.com/subhasundardass/retui/ent/client.go:685.2,685.14 1 0
github.com/subhasundardass/retui/ent/client.go:689.72,691.68 2 0
github.com/subhasundardass/retui/ent/client.go:691.68,700.3 4 0
github.com/subhasundardass/retui/ent/client.go:701.2,701.14 1 0
github.com/subhasundardass/retui/ent/client.go:705.44,707.2 1 0
github.com/subhasundardass/retui/ent/client.go:710.58,712.2 1 0
github.com/subhasundardass/retui/ent/client.go:714.96,715.16 1 0
github.com/subhasundardass/retui/ent/client.go:716.16,717.89 1 0
github.com/subhasundardass/retui/ent/client.go:718.16,719.89 1 0
github.com/subhasundardass/retui/ent/client.go:720.19,721.92 1 0
github.com/subhasundardass/retui/ent/client.go:722.29,723.89 1 0
github.com/subhasundardass/retui/ent/client.go:724.10,725.78 1 0
github.com/subhasundardass/retui/ent/client.go:735.46,737.2 1 0
github.com/subhasundardass/retui/ent/client.go:741.43,743.2 1 0
github.com/subhasundardass/retui/ent/client.go:747.63,749.2 1 0
github.com/subhasundardass/retui/ent/client.go:752.47,755.2 2 0
github.com/subhasundardass/retui/ent/client.go:758.80,760.2 1 0
github.com/subhasundardass/retui/ent/client.go:764.101,766.32 2 0
github.com/subhasundardass/retui/ent/client.go:766.32,768.3 1 0
github.com/subhasundardass/retui/ent/client.go:769.2,770.32 2 0
github.com/subhasundardass/retui/ent/client.go:770.32,773.3 2 0
github.com/subhasundardass/retui/ent/client.go:774.2,774.64 1 0
github.com/subhasundardass/retui/ent/client.go:778.47,781.2 2 0
github.com/subhasundardass/retui/ent/client.go:784.63,787.2 2 0
github.com/subhasundardass/retui/ent/client.go:790.61,793.2 2 0
github.com/subhasundardass/retui/ent/client.go:796.47,799.2 2 0
github.com/subhasundardass/retui/ent/client.go:802.63,804.2 1 0
github.com/subhasundardass/retui/ent/client.go:807.61,812.2 4 0
github.com/subhasundardass/retui/ent/client.go:815.45,821.2 1 0
github.com/subhasundardass/retui/ent/client.go:824.74,826.2 1 0
github.com/subhasundardass/retui/ent/client.go:829.66,831.16 2 0
github.com/subhasundardass/retui/ent/client.go:831.16,832.13 1 0
github.com/subhasundardass/retui/ent/client.go:834.2,834.12 1 0
github.com/subhasundardass/retui/ent/client.go:838.65,840.68 2 0
github.com/subhasundardass/retui/ent/client.go:840.68,849.3 4 0
github.com/subhasundardass/retui/ent/client.go:850.2,850.14 1 0
github.com/subhasundardass/retui/ent/client.go:854.65,856.68 2 0
github.com/subhasundardass/retui/ent/client.go:856.68,865.3 4 0
github.com/subhasundardass/retui/ent/client.go:866.2,866.14 1 0
github.com/subhasundardass/retui/ent/client.go:870.72,872.68 2 0
github.com/subhasundardass/retui/ent/client.go:872.68,881.3 4 0
github.com/subhasundardass/retui/ent/client.go:882.2,882.14 1 0
github.com/subhasundardass/retui/ent/client.go:886.39,888.2 1 0
github.com/subhasundardass/retui/ent/client.go:891.53,893.2 1 0
github.com/subhasundardass/retui/ent/client.go:895.86,896.16 1 0
github.com/subhasundardass/retui/ent/client.go:897.16,898.84 1 0
github.com/subhasundardass/retui/ent/client.go:899.16,900.84 1 0
github.com/subhasundardass/retui/ent/client.go:901.19,902.87 1 0
github.com/subhasundardass/retui/ent/client.go:903.29,904.84 1 0
github.com/subhasundardass/retui/ent/client.go:905.10,906.72 1 0
github.com/subhasundardass/retui/ent/client.go:916.56,918.2 1 0
github.com/subhasundardass/retui/ent/client.go:922.48,924.2 1 0
github.com/subhasundardass/retui/ent/client.go:928.68,930.2 1 0
github.com/subhasundardass/retui/ent/client.go:933.57,936.2 2 0
github.com/subhasundardass/retui/ent/client.go:939.95,941.2 1 0
github.com/subhasundardass/retui/ent/client.go:945.116,947.32 2 0
github.com/subhasundardass/retui/ent/client.go:947.32,949.3 1 0
github.com/subhasundardass/retui/ent/client.go:950.2,951.32 2 0
github.com/subhasundardass/retui/ent/client.go:951.32,954.3 2 0
github.com/subhasundardass/retui/ent/client.go:955.2,955.69 1 0
github.com/subhasundardass/retui/ent/client.go:959.57,962.2 2 0
github.com/subhasundardass/retui/ent/client.go:965.79,968.2 2 0
github.com/subhasundardass/retui/ent/client.go:971.71,974.2 2 0
github.com/subhasundardass/retui/ent/client.go:977.57,980.2 2 0
github.com/subhasundardass/retui/ent/client.go:983.79,985.2 1 0
github.com/subhasundardass/retui/ent/client.go:988.71,993.2 4 0
github.com/subhasundardass/retui/ent/client.go:996.55,1002.2 1 0
github.com/subhasundardass/retui/ent/client.go:1005.85,1007.2 1 0
github.com/subhasundardass/retui/ent/client.go:1010.77,1012.16 2 0
github.com/subhasundardass/retui/ent/client.go:1012.16,1013.13 1 0
github.com/subhasundardass/retui/ent/client.go:1015.2,1015.12 1 0
github.com/subhasundardass/retui/ent/client.go:1019.79,1021.68 2 0
github.com/subhasundardass/retui/ent/client.go:1021.68,1030.3 4 0
github.com/subhasundardass/retui/ent/client.go:1031.2,1031.14 1 0
github.com/subhasundardass/retui/ent/client.go:1035.77,1037.68 2 0
github.com/subhasundardass/retui/ent/client.go:1037.68,1046.3 4 0
github.com/subhasundardass/retui/ent/client.go:1047.2,1047.14 1 0
github.com/subhasundardass/retui/ent/client.go:1051.73,1053.68 2 0
github.com/subhasundardass/retui/ent/client.go:1053.68,1062.3 4 0
github.com/subhasundardass/retui/ent/client.go:1063.2,1063.14 1 0
github.com/subhasundardass/retui/ent/client.go:1067.44,1069.2 1 0
github.com/subhasundardass/retui/ent/client.go:1072.58,1074.2 1 0
github.com/subhasundardass/retui/ent/client.go:1076.96,1077.16 1 0
github.com/subhasundardass/retui/ent/client.go:1078.16,1079.89 1 0
github.com/subhasundardass/retui/ent/client.go:1080.16,1081.89 1 0
github.com/subhasundardass/retui/ent/client.go:1082.19,1083.92 1 0
github.com/subhasundardass/retui/ent/client.go:1084.29,1085.89 1 0
github.com/subhasundardass/retui/ent/client.go:1086.10,1087.78 1 0
github.com/subhasundardass/retui/ent/client.go:1097.56,1099.2 1 0
github.com/subhasundardass/retui/ent/client.go:1103.48,1105.2 1 0
github.com/subhasundardass/retui/ent/client.go:1109.68,1111.2 1 0
github.com/subhasundardass/retui/ent/client.go:1114.57,1117.2 2 0
github.com/subhasundardass/retui/ent/client.go:1120.95,1122.2 1 0
github.com/subhasundardass/retui/ent/client.go:1126.116,1128.32 2 0
github.com/subhasundardass/retui/ent/client.go:1128.32,1130.3 1 0
github.com/subhasundardass/retui/ent/client.go:1131.2,1132.32 2 0
github.com/subhasundardass/retui/ent/client.go:1132.32,1135.3 2 0
github.com/subhasundardass/retui/ent/client.go:1136.2,1136.69 1 0
github.com/subhasundardass/retui/ent/client.go:1140.57,1143.2 2 0
github.com/subhasundardass/retui/ent/client.go:1146.78,1149.2 2 0
github.com/subhasundardass/retui/ent/client.go:1152.71,1155.2 2 0
github.com/subhasundardass/retui/ent/client.go:1158.57,1161.2 2 0
github.com/subhasundardass/retui/ent/client.go:1164.78,1166.2 1 0
github.com/subhasundardass/retui/ent/client.go:1169.71,1174.2 4 0
github.com/subhasundardass/retui/ent/client.go:1177.55,1183.2 1 0
github.com/subhasundardass/retui/ent/client.go:1186.84,1188.2 1 0
github.com/subhasundardass/retui/ent/client.go:1191.76,1193.16 2 0
github.com/subhasundardass/retui/ent/client.go:1193.16,1194.13 1 0
github.com/subhasundardass/retui/ent/client.go:1196.2,1196.12 1 0
github.com/subhasundardass/retui/ent/client.go:1200.71,1202.68 2 0
github.com/subhasundardass/retui/ent/client.go:1202.68,1211.3 4 0
github.com/subhasundardass/retui/ent/client.go:1212.2,1212.14 1 0
github.com/subhasundardass/retui/ent/client.go:1216.44,1218.2 1 0
github.com/subhasundardass/retui/ent/client.go:1221.58,1223.2 1 0
github.com/subhasundardass/retui/ent/client.go:1225.96,1226.16 1 0
github.com/subhasundardass/retui/ent/client.go:1227.16,1228.89 1 0
github.com/subhasundardass/retui/ent/client.go:1229.16,1230.89 1 0
github.com/subhasundardass/retui/ent/client.go:1231.19,1232.92 1 0
github.com/subhasundardass/retui/ent/client.go:1233.29,1234.89 1 0
github.com/subhasundardass/retui/ent/client.go:1235.10,1236.77 1 0
github.com/subhasundardass/retui/ent/client.go:1246.50,1248.2 1 0
github.com/subhasundardass/retui/ent/client.go:1252.45,1254.2 1 0
github.com/subhasundardass/retui/ent/client.go:1258.65,1260.2 1 0
github.com/subhasundardass/retui/ent/client.go:1263.51,1266.2 2 0
github.com/subhasundardass/retui/ent/client.go:1269.86,1271.2 1 0
github.com/subhasundardass/retui/ent/client.go:1275.107,1277.32 2 0
github.com/subhasundardass/retui/ent/client.go:1277.32,1279.3 1 0
github.com/subhasundardass/retui/ent/client.go:1280.2,1281.32 2 0
github.com/subhasundardass/retui/ent/client.go:1281.32,1284.3 2 0
github.com/subhasundardass/retui/ent/client.go:1285.2,1285.66 1 0
github.com/subhasundardass/retui/ent/client.go:1289.51,1292.2 2 0
github.com/subhasundardass/retui/ent/client.go:1295.69,1298.2 2 0
github.com/subhasundardass/retui/ent/client.go:1301.65,1304.2 2 0
github.com/subhasundardass/retui/ent/client.go:1307.51,1310.2 2 0
github.com/subhasundardass/retui/ent/client.go:1313.69,1315.2 1 0
github.com/subhasundardass/retui/ent/client.go:1318.65,1323.2 4 0
github.com/subhasundardass/retui/ent/client.go:1326.49,1332.2 1 0
github.com/subhasundardass/retui/ent/client.go:1335.78,1337.2 1 0
github.com/subhasundardass/retui/ent/client.go:1340.70,1342.16 2 0
github.com/subhasundardass/retui/ent/client.go:1342.16,1343.13 1 0
github.com/subhasundardass/retui/ent/client.go:1345.2,1345.12 1 0
github.com/subhasundardass/retui/ent/client.go:1349.41,1351.2 1 0
github.com/subhasundardass/retui/ent/client.go:1354.55,1356.2 1 0
github.com/subhasundardass/retui/ent/client.go:1358.90,1359.16 1 0
github.com/subhasundardass/retui/ent/client.go:1360.16,1361.86 1 0
github.com/subhasundardass/retui/ent/client.go:1362.16,1363.86 1 0
github.com/subhasundardass/retui/ent/client.go:1364.19,1365.89 1 0
github.com/subhasundardass/retui/ent/client.go:1366.29,1367.86 1 0
github.com/subhasundardass/retui/ent/client.go:1368.10,1369.74 1 0
github.com/subhasundardass/retui/ent/client.go:1379.44,1381.2 1 0
github.com/subhasundardass/retui/ent/client.go:1385.42,1387.2 1 0
github.com/subhasundardass/retui/ent/client.go:1391.62,1393.2 1 0
github.com/subhasundardass/retui/ent/client.go:1396.45,1399.2 2 0
github.com/subhasundardass/retui/ent/client.go:1402.77,1404.2 1 0
github.com/subhasundardass/retui/ent/client.go:1408.98,1410.32 2 0
github.com/subhasundardass/retui/ent/client.go:1410.32,1412.3 1 0
github.com/subhasundardass/retui/ent/client.go:1413.2,1414.32 2 0
github.com/subhasundardass/retui/ent/client.go:1414.32,1417.3 2 0
github.com/subhasundardass/retui/ent/client.go:1418.2,1418.63 1 0
github.com/subhasundardass/retui/ent/client.go:1422.45,1425.2 2 0
github.com/subhasundardass/retui/ent/client.go:1428.60,1431.2 2 0
github.com/subhasundardass/retui/ent/client.go:1434.59,1437.2 2 0
github.com/subhasundardass/retui/ent/client.go:1440.45,1443.2 2 0
github.com/subhasundardass/retui/ent/client.go:1446.60,1448.2 1 0
github.com/subhasundardass/retui/ent/client.go:1451.59,1456.2 4 0
github.com/subhasundardass/retui/ent/client.go:1459.43,1465.2 1 0
github.com/subhasundardass/retui/ent/client.go:1468.72,1470.2 1 0
github.com/subhasundardass/retui/ent/client.go:1473.64,1475.16 2 0
github.com/subhasundardass/retui/ent/client.go:1475.16,1476.13 1 0
github.com/subhasundardass/retui/ent/client.go:1478.2,1478.12 1 0
github.com/subhasundardass/retui/ent/client.go:1482.61,1484.68 2 0
github.com/subhasundardass/retui/ent/client.go:1484.68,1493.3 4 0
github.com/subhasundardass/retui/ent/client.go:1494.2,1494.14 1 0
github.com/subhasundardass/retui/ent/client.go:1498.38,1500.2 1 0
github.com/subhasundardass/retui/ent/client.go:1503.52,1505.2 1 0
github.com/subhasundardass/retui/ent/client.go:1507.84,1508.16 1 0
github.com/subhasundardass/retui/ent/client.go:1509.16,1510.83 1 0
github.com/subhasundardass/retui/ent/client.go:1511.16,1512.83 1 0
github.com/subhasundardass/retui/ent/client.go:1513.19,1514.86 1 0
github.com/subhasundardass/retui/ent/client.go:1515.29,1516.83 1 0
github.com/subhasundardass/retui/ent/client.go:1517.10,1518.71 1 0
github.com/subhasundardass/retui/ent/country.go:40.55,41.22 1 0
github.com/subhasundardass/retui/ent/country.go:41.22,43.3 1 0
github.com/subhasundardass/retui/ent/country.go:44.2,44.45 1 0
github.com/subhasundardass/retui/ent/country.go:48.61,50.25 2 0
github.com/subhasundardass/retui/ent/country.go:50.25,51.21 1 0
github.com/subhasundardass/retui/ent/country.go:52.24,53.34 1 0
github.com/subhasundardass/retui/ent/country.go:54.45,55.35 1 0
github.com/subhasundardass/retui/ent/country.go:56.11,57.36 1 0
github.com/subhasundardass/retui/ent/country.go:60.2,60.20 1 0
github.com/subhasundardass/retui/ent/country.go:65.71,66.46 1 0
github.com/subhasundardass/retui/ent/country.go:66.46,68.3 1 0
github.com/subhasundardass/retui/ent/country.go:69.2,69.25 1 0
github.com/subhasundardass/retui/ent/country.go:69.25,70.21 1 0
github.com/subhasundardass/retui/ent/country.go:71.24,73.11 2 0
github.com/subhasundardass/retui/ent/country.go:73.11,75.5 1 0
github.com/subhasundardass/retui/ent/country.go:76.4,76.28 1 0
github.com/subhasundardass/retui/ent/country.go:77.26,78.53 1 0
github.com/subhasundardass/retui/ent/country.go:78.53,80.5 1 0
github.com/subhasundardass/retui/ent/country.go:80.10,80.26 1 0
github.com/subhasundardass/retui/ent/country.go:80.26,82.5 1 0
github.com/subhasundardass/retui/ent/country.go:83.26,84.53 1 0
github.com/subhasundardass/retui/ent/country.go:84.53,86.5 1 0
github.com/subhasundardass/retui/ent/country.go:86.10,86.26 1 0
github.com/subhasundardass/retui/ent/country.go:86.26,88.5 1 0
github.com/subhasundardass/retui/ent/country.go:89.11,90.46 1 0
github.com/subhasundardass/retui/ent/country.go:93.2,93.12 1 0
github.com/subhasundardass/retui/ent/country.go:98.58,100.2 1 0
github.com/subhasundardass/retui/ent/country.go:103.46,105.2 1 0
github.com/subhasundardass/retui/ent/country.go:110.47,112.2 1 0
github.com/subhasundardass/retui/ent/country.go:116.38,118.9 2 0
github.com/subhasundardass/retui/ent/country.go:118.9,119.54 1 0
github.com/subhasundardass/retui/ent/country.go:121.2,122.11 2 0
github.com/subhasundardass/retui/ent/country.go:126.36,137.2 10 0
github.com/subhasundardass/retui/ent/country_create.go:24.59,27.2 2 0
github.com/subhasundardass/retui/ent/country_create.go:30.59,33.2 2 0
github.com/subhasundardass/retui/ent/country_create.go:36.65,39.2 2 0
github.com/subhasundardass/retui/ent/country_create.go:42.64,44.19 2 0
github.com/subhasundardass/retui/ent/country_create.go:44.19,46.3 1 0
github.com/subhasundardass/retui/ent/country_create.go:47.2,47.31 1 0
github.com/subhasundardass/retui/ent/country_create.go:51.54,53.2 1 0
github.com/subhasundardass/retui/ent/country_create.go:56.70,58.2 1 0
github.com/subhasundardass/retui/ent/country_create.go:61.62,63.16 2 0
github.com/subhasundardass/retui/ent/country_create.go:63.16,64.13 1 0
github.com/subhasundardass/retui/ent/country_create.go:66.2,66.10 1 0
github.com/subhasundardass/retui/ent/country_create.go:70.58,73.2 2 0
github.com/subhasundardass/retui/ent/country_create.go:76.53,77.37 1 0
github.com/subhasundardass/retui/ent/country_create.go:77.37,78.13 1 0
github.com/subhasundardass/retui/ent/country_create.go:83.40,84.38 1 0
github.com/subhasundardass/retui/ent/country_create.go:84.38,86.3 1 0
github.com/subhasundardass/retui/ent/country_create.go:87.2,87.37 1 0
github.com/subhasundardass/retui/ent/country_create.go:87.37,88.50 1 0
github.com/subhasundardass/retui/ent/country_create.go:88.50,90.4 1 0
github.com/subhasundardass/retui/ent/country_create.go:92.2,92.38 1 0
github.com/subhasundardass/retui/ent/country_create.go:92.38,94.3 1 0
github.com/subhasundardass/retui/ent/country_create.go:95.2,95.37 1 0
github.com/subhasundardass/retui/ent/country_create.go:95.37,96.50 1 0
github.com/subhasundardass/retui/ent/country_create.go:96.50,98.4 1 0
github.com/subhasundardass/retui/ent/country_create.go:100.2,100.12 1 0
github.com/subhasundardass/retui/ent/country_create.go:103.73,104.35 1 0
github.com/subhasundardass/retui/ent/country_create.go:104.35,106.3 1 0
github.com/subhasundardass/retui/ent/country_create.go:107.2,108.67 2 0
github.com/subhasundardass/retui/ent/country_create.go:108.67,109.38 1 0
github.com/subhasundardass/retui/ent/country_create.go:109.38,111.4 1 0
github.com/subhasundardass/retui/ent/country_create.go:112.3,112.18 1 0
github.com/subhasundardass/retui/ent/country_create.go:114.2,118.19 5 0
github.com/subhasundardass/retui/ent/country_create.go:121.72,126.41 2 0
github.com/subhasundardass/retui/ent/country_create.go:126.41,129.3 2 0
github.com/subhasundardass/retui/ent/country_create.go:130.2,130.41 1 0
github.com/subhasundardass/retui/ent/country_create.go:130.41,133.3 2 0
github.com/subhasundardass/retui/ent/country_create.go:134.2,134.54 1 0
github.com/subhasundardass/retui/ent/country_create.go:134.54,145.27 2 0
github.com/subhasundardass/retui/ent/country_create.go:145.27,147.4 1 0
github.com/subhasundardass/retui/ent/country_create.go:148.3,148.42 1 0
github.com/subhasundardass/retui/ent/country_create.go:150.2,150.21 1 0
github.com/subhasundardass/retui/ent/country_create.go:161.76,162.19 1 0
github.com/subhasundardass/retui/ent/country_create.go:162.19,164.3 1 0
github.com/subhasundardass/retui/ent/country_create.go:165.2,168.29 4 0
github.com/subhasundardass/retui/ent/country_create.go:168.29,169.37 1 0
github.com/subhasundardass/retui/ent/country_create.go:169.37,171.86 2 0
github.com/subhasundardass/retui/ent/country_create.go:171.86,173.12 2 0
github.com/subhasundardass/retui/ent/country_create.go:173.12,175.6 1 0
github.com/subhasundardass/retui/ent/country_create.go:176.5,176.43 1 0
github.com/subhasundardass/retui/ent/country_create.go:176.43,178.6 1 0
github.com/subhasundardass/retui/ent/country_create.go:179.5,182.28 4 0
github.com/subhasundardass/retui/ent/country_create.go:182.28,184.6 1 0
github.com/subhasundardass/retui/ent/country_create.go:184.11,187.70 2 0
github.com/subhasundardass/retui/ent/country_create.go:187.70,188.42 1 0
github.com/subhasundardass/retui/ent/country_create.go:188.42,190.8 1 0
github.com/subhasundardass/retui/ent/country_create.go:193.5,193.19 1 0
github.com/subhasundardass/retui/ent/country_create.go:193.19,195.6 1 0
github.com/subhasundardass/retui/ent/country_create.go:196.5,197.33 2 0
github.com/subhasundardass/retui/ent/country_create.go:197.33,200.6 2 0
github.com/subhasundardass/retui/ent/country_create.go:201.5,202.25 2 0
github.com/subhasundardass/retui/ent/country_create.go:204.4,204.49 1 0
github.com/subhasundardass/retui/ent/country_create.go:204.49,206.5 1 0
github.com/subhasundardass/retui/ent/country_create.go:207.4,207.21 1 0
github.com/subhasundardass/retui/ent/country_create.go:210.2,210.23 1 0
github.com/subhasundardass/retui/ent/country_create.go:210.23,211.77 1 0
github.com/subhasundardass/retui/ent/country_create.go:211.77,213.4 1 0
github.com/subhasundardass/retui/ent/country_create.go:215.2,215.19 1 0
github.com/subhasundardass/retui/ent/country_create.go:219.68,221.16 2 0
github.com/subhasundardass/retui/ent/country_create.go:221.16,222.13 1 0
github.com/subhasundardass/retui/ent/country_create.go:224.2,224.10 1 0
github.com/subhasundardass/retui/ent/country_create.go:228.62,231.2 2 0
github.com/subhasundardass/retui/ent/country_create.go:234.57,235.37 1 0
github.com/subhasundardass/retui/ent/country_create.go:235.37,236.13 1 0
github.com/subhasundardass/retui/ent/country_delete.go:23.72,26.2 2 0
github.com/subhasundardass/retui/ent/country_delete.go:29.65,31.2 1 0
github.com/subhasundardass/retui/ent/country_delete.go:34.57,36.16 2 0
github.com/subhasundardass/retui/ent/country_delete.go:36.16,37.13 1 0
github.com/subhasundardass/retui/ent/country_delete.go:39.2,39.10 1 0
github.com/subhasundardass/retui/ent/country_delete.go:42.68,44.47 2 0
github.com/subhasundardass/retui/ent/country_delete.go:44.47,45.50 1 0
github.com/subhasundardass/retui/ent/country_delete.go:45.50,46.22 1 0
github.com/subhasundardass/retui/ent/country_delete.go:46.22,48.5 1 0
github.com/subhasundardass/retui/ent/country_delete.go:51.2,52.51 2 0
github.com/subhasundardass/retui/ent/country_delete.go:52.51,54.3 1 0
github.com/subhasundardass/retui/ent/country_delete.go:55.2,56.22 2 0
github.com/subhasundardass/retui/ent/country_delete.go:65.78,68.2 2 0
github.com/subhasundardass/retui/ent/country_delete.go:71.61,73.9 2 0
github.com/subhasundardass/retui/ent/country_delete.go:74.18,75.13 1 0
github.com/subhasundardass/retui/ent/country_delete.go:76.14,77.39 1 0
github.com/subhasundardass/retui/ent/country_delete.go:78.10,79.13 1 0
github.com/subhasundardass/retui/ent/country_delete.go:84.56,85.37 1 0
github.com/subhasundardass/retui/ent/country_delete.go:85.37,86.13 1 0
github.com/subhasundardass/retui/ent/country_query.go:34.70,37.2 2 0
github.com/subhasundardass/retui/ent/country_query.go:40.56,43.2 2 0
github.com/subhasundardass/retui/ent/country_query.go:46.58,49.2 2 0
github.com/subhasundardass/retui/ent/country_query.go:53.59,56.2 2 0
github.com/subhasundardass/retui/ent/country_query.go:59.71,62.2 2 0
github.com/subhasundardass/retui/ent/country_query.go:65.51,67.74 2 0
github.com/subhasundardass/retui/ent/country_query.go:67.74,68.46 1 0
github.com/subhasundardass/retui/ent/country_query.go:68.46,70.4 1 0
github.com/subhasundardass/retui/ent/country_query.go:71.3,72.40 2 0
github.com/subhasundardass/retui/ent/country_query.go:72.40,74.4 1 0
github.com/subhasundardass/retui/ent/country_query.go:75.3,81.20 3 0
github.com/subhasundardass/retui/ent/country_query.go:83.2,83.14 1 0
github.com/subhasundardass/retui/ent/country_query.go:88.70,90.16 2 0
github.com/subhasundardass/retui/ent/country_query.go:90.16,92.3 1 0
github.com/subhasundardass/retui/ent/country_query.go:93.2,93.21 1 0
github.com/subhasundardass/retui/ent/country_query.go:93.21,95.3 1 0
github.com/subhasundardass/retui/ent/country_query.go:96.2,96.22 1 0
github.com/subhasundardass/retui/ent/country_query.go:100.62,102.36 2 0
github.com/subhasundardass/retui/ent/country_query.go:102.36,103.13 1 0
github.com/subhasundardass/retui/ent/country_query.go:105.2,105.13 1 0
github.com/subhasundardass/retui/ent/country_query.go:110.74,112.91 2 0
github.com/subhasundardass/retui/ent/country_query.go:112.91,114.3 1 0
github.com/subhasundardass/retui/ent/country_query.go:115.2,115.19 1 0
github.com/subhasundardass/retui/ent/country_query.go:115.19,118.3 2 0
github.com/subhasundardass/retui/ent/country_query.go:119.2,119.20 1 0
github.com/subhasundardass/retui/ent/country_query.go:123.59,125.36 2 0
github.com/subhasundardass/retui/ent/country_query.go:125.36,126.13 1 0
github.com/subhasundardass/retui/ent/country_query.go:128.2,128.11 1 0
github.com/subhasundardass/retui/ent/country_query.go:134.69,136.16 2 0
github.com/subhasundardass/retui/ent/country_query.go:136.16,138.3 1 0
github.com/subhasundardass/retui/ent/country_query.go:139.2,139.20 1 0
github.com/subhasundardass/retui/ent/country_query.go:140.9,141.23 1 0
github.com/subhasundardass/retui/ent/country_query.go:142.9,143.44 1 0
github.com/subhasundardass/retui/ent/country_query.go:144.10,145.47 1 0
github.com/subhasundardass/retui/ent/country_query.go:150.61,152.16 2 0
github.com/subhasundardass/retui/ent/country_query.go:152.16,153.13 1 0
github.com/subhasundardass/retui/ent/country_query.go:155.2,155.13 1 0
github.com/subhasundardass/retui/ent/country_query.go:161.73,163.90 2 0
github.com/subhasundardass/retui/ent/country_query.go:163.90,165.3 1 0
github.com/subhasundardass/retui/ent/country_query.go:166.2,166.18 1 0
github.com/subhasundardass/retui/ent/country_query.go:167.9,168.14 1 0
github.com/subhasundardass/retui/ent/country_query.go:169.9,170.38 1 0
github.com/subhasundardass/retui/ent/country_query.go:171.10,172.41 1 0
github.com/subhasundardass/retui/ent/country_query.go:174.2,174.8 1 0
github.com/subhasundardass/retui/ent/country_query.go:178.58,180.16 2 0
github.com/subhasundardass/retui/ent/country_query.go:180.16,181.13 1 0
github.com/subhasundardass/retui/ent/country_query.go:183.2,183.11 1 0
github.com/subhasundardass/retui/ent/country_query.go:187.70,189.45 2 0
github.com/subhasundardass/retui/ent/country_query.go:189.45,191.3 1 0
github.com/subhasundardass/retui/ent/country_query.go:192.2,193.61 2 0
github.com/subhasundardass/retui/ent/country_query.go:197.62,199.16 2 0
github.com/subhasundardass/retui/ent/country_query.go:199.16,200.13 1 0
github.com/subhasundardass/retui/ent/country_query.go:202.2,202.14 1 0
github.com/subhasundardass/retui/ent/country_query.go:206.73,207.44 1 0
github.com/subhasundardass/retui/ent/country_query.go:207.44,209.3 1 0
github.com/subhasundardass/retui/ent/country_query.go:210.2,211.66 2 0
github.com/subhasundardass/retui/ent/country_query.go:211.66,213.3 1 0
github.com/subhasundardass/retui/ent/country_query.go:214.2,214.17 1 0
github.com/subhasundardass/retui/ent/country_query.go:218.57,220.16 2 0
github.com/subhasundardass/retui/ent/country_query.go:220.16,221.13 1 0
github.com/subhasundardass/retui/ent/country_query.go:223.2,223.12 1 0
github.com/subhasundardass/retui/ent/country_query.go:227.65,229.45 2 0
github.com/subhasundardass/retui/ent/country_query.go:229.45,231.3 1 0
github.com/subhasundardass/retui/ent/country_query.go:232.2,232.81 1 0
github.com/subhasundardass/retui/ent/country_query.go:236.57,238.16 2 0
github.com/subhasundardass/retui/ent/country_query.go:238.16,239.13 1 0
github.com/subhasundardass/retui/ent/country_query.go:241.2,241.14 1 0
github.com/subhasundardass/retui/ent/country_query.go:245.66,247.36 2 0
github.com/subhasundardass/retui/ent/country_query.go:248.23,249.20 1 0
github.com/subhasundardass/retui/ent/country_query.go:250.18,251.60 1 0
github.com/subhasundardass/retui/ent/country_query.go:252.10,253.19 1 0
github.com/subhasundardass/retui/ent/country_query.go:258.58,260.16 2 0
github.com/subhasundardass/retui/ent/country_query.go:260.16,261.13 1 0
github.com/subhasundardass/retui/ent/country_query.go:263.2,263.14 1 0
github.com/subhasundardass/retui/ent/country_query.go:268.47,269.15 1 0
github.com/subhasundardass/retui/ent/country_query.go:269.15,271.3 1 0
github.com/subhasundardass/retui/ent/country_query.go:272.2,282.3 1 0
github.com/subhasundardass/retui/ent/country_query.go:287.77,289.27 2 0
github.com/subhasundardass/retui/ent/country_query.go:289.27,291.3 1 0
github.com/subhasundardass/retui/ent/country_query.go:292.2,293.11 2 0
github.com/subhasundardass/retui/ent/country_query.go:310.81,317.2 6 0
github.com/subhasundardass/retui/ent/country_query.go:331.65,337.2 5 0
github.com/subhasundardass/retui/ent/country_query.go:340.72,342.2 1 0
github.com/subhasundardass/retui/ent/country_query.go:344.65,345.34 1 0
github.com/subhasundardass/retui/ent/country_query.go:345.34,346.19 1 0
github.com/subhasundardass/retui/ent/country_query.go:346.19,348.4 1 0
github.com/subhasundardass/retui/ent/country_query.go:349.3,349.39 1 0
github.com/subhasundardass/retui/ent/country_query.go:349.39,350.48 1 0
github.com/subhasundardass/retui/ent/country_query.go:350.48,352.5 1 0
github.com/subhasundardass/retui/ent/country_query.go:355.2,355.34 1 0
github.com/subhasundardass/retui/ent/country_query.go:355.34,356.30 1 0
github.com/subhasundardass/retui/ent/country_query.go:356.30,358.4 1 0
github.com/subhasundardass/retui/ent/country_query.go:360.2,360.20 1 0
github.com/subhasundardass/retui/ent/country_query.go:360.20,362.17 2 0
github.com/subhasundardass/retui/ent/country_query.go:362.17,364.4 1 0
github.com/subhasundardass/retui/ent/country_query.go:365.3,365.16 1 0
github.com/subhasundardass/retui/ent/country_query.go:367.2,367.12 1 0
github.com/subhasundardass/retui/ent/country_query.go:370.93,378.59 2 0
github.com/subhasundardass/retui/ent/country_query.go:378.59,380.3 1 0
github.com/subhasundardass/retui/ent/country_query.go:381.2,381.60 1 0
github.com/subhasundardass/retui/ent/country_query.go:381.60,386.3 4 0
github.com/subhasundardass/retui/ent/country_query.go:387.2,387.23 1 0
github.com/subhasundardass/retui/ent/country_query.go:387.23,389.3 1 0
github.com/subhasundardass/retui/ent/country_query.go:390.2,390.67 1 0
github.com/subhasundardass/retui/ent/country_query.go:390.67,392.3 1 0
github.com/subhasundardass/retui/ent/country_query.go:393.2,393.21 1 0
github.com/subhasundardass/retui/ent/country_query.go:393.21,395.3 1 0
github.com/subhasundardass/retui/ent/country_query.go:396.2,396.42 1 0
github.com/subhasundardass/retui/ent/country_query.go:396.42,398.21 1 0
github.com/subhasundardass/retui/ent/country_query.go:398.21,398.52 1 0
github.com/subhasundardass/retui/ent/country_query.go:399.31,399.77 1 0
github.com/subhasundardass/retui/ent/country_query.go:399.91,401.4 1 0
github.com/subhasundardass/retui/ent/country_query.go:403.2,403.19 1 0
github.com/subhasundardass/retui/ent/country_query.go:406.152,409.23 3 0
github.com/subhasundardass/retui/ent/country_query.go:409.23,412.18 3 0
github.com/subhasundardass/retui/ent/country_query.go:412.18,414.4 1 0
github.com/subhasundardass/retui/ent/country_query.go:416.2,416.31 1 0
github.com/subhasundardass/retui/ent/country_query.go:416.31,418.3 1 0
github.com/subhasundardass/retui/ent/country_query.go:419.2,419.52 1 0
github.com/subhasundardass/retui/ent/country_query.go:419.52,421.3 1 0
github.com/subhasundardass/retui/ent/country_query.go:422.2,423.16 2 0
github.com/subhasundardass/retui/ent/country_query.go:423.16,425.3 1 0
github.com/subhasundardass/retui/ent/country_query.go:426.2,426.30 1 0
github.com/subhasundardass/retui/ent/country_query.go:426.30,429.10 3 0
github.com/subhasundardass/retui/ent/country_query.go:429.10,431.4 1 0
github.com/subhasundardass/retui/ent/country_query.go:432.3,432.18 1 0
github.com/subhasundardass/retui/ent/country_query.go:434.2,434.12 1 0
github.com/subhasundardass/retui/ent/country_query.go:437.68,440.28 3 0
github.com/subhasundardass/retui/ent/country_query.go:440.28,442.3 1 0
github.com/subhasundardass/retui/ent/country_query.go:443.2,443.51 1 0
github.com/subhasundardass/retui/ent/country_query.go:446.57,449.44 3 0
github.com/subhasundardass/retui/ent/country_query.go:449.44,451.3 1 0
github.com/subhasundardass/retui/ent/country_query.go:451.8,451.27 1 0
github.com/subhasundardass/retui/ent/country_query.go:451.27,453.3 1 0
github.com/subhasundardass/retui/ent/country_query.go:454.2,454.46 1 0
github.com/subhasundardass/retui/ent/country_query.go:454.46,457.25 3 0
github.com/subhasundardass/retui/ent/country_query.go:457.25,458.36 1 0
github.com/subhasundardass/retui/ent/country_query.go:458.36,460.5 1 0
github.com/subhasundardass/retui/ent/country_query.go:463.2,463.38 1 0
github.com/subhasundardass/retui/ent/country_query.go:463.38,464.50 1 0
github.com/subhasundardass/retui/ent/country_query.go:464.50,465.22 1 0
github.com/subhasundardass/retui/ent/country_query.go:465.22,467.5 1 0
github.com/subhasundardass/retui/ent/country_query.go:470.2,470.41 1 0
github.com/subhasundardass/retui/ent/country_query.go:470.41,472.3 1 0
github.com/subhasundardass/retui/ent/country_query.go:473.2,473.44 1 0
github.com/subhasundardass/retui/ent/country_query.go:473.44,475.3 1 0
github.com/subhasundardass/retui/ent/country_query.go:476.2,476.33 1 0
github.com/subhasundardass/retui/ent/country_query.go:476.33,477.46 1 0
github.com/subhasundardass/retui/ent/country_query.go:477.46,478.22 1 0
github.com/subhasundardass/retui/ent/country_query.go:478.22,480.5 1 0
github.com/subhasundardass/retui/ent/country_query.go:483.2,483.14 1 0
github.com/subhasundardass/retui/ent/country_query.go:486.69,490.23 4 0
github.com/subhasundardass/retui/ent/country_query.go:490.23,492.3 1 0
github.com/subhasundardass/retui/ent/country_query.go:493.2,494.19 2 0
github.com/subhasundardass/retui/ent/country_query.go:494.19,497.3 2 0
github.com/subhasundardass/retui/ent/country_query.go:498.2,498.44 1 0
github.com/subhasundardass/retui/ent/country_query.go:498.44,500.3 1 0
github.com/subhasundardass/retui/ent/country_query.go:501.2,501.34 1 0
github.com/subhasundardass/retui/ent/country_query.go:501.34,503.3 1 0
github.com/subhasundardass/retui/ent/country_query.go:504.2,504.29 1 0
github.com/subhasundardass/retui/ent/country_query.go:504.29,506.3 1 0
github.com/subhasundardass/retui/ent/country_query.go:507.2,507.44 1 0
github.com/subhasundardass/retui/ent/country_query.go:507.44,511.3 1 0
github.com/subhasundardass/retui/ent/country_query.go:512.2,512.41 1 0
github.com/subhasundardass/retui/ent/country_query.go:512.41,514.3 1 0
github.com/subhasundardass/retui/ent/country_query.go:515.2,515.17 1 0
github.com/subhasundardass/retui/ent/country_query.go:525.75,528.2 2 0
github.com/subhasundardass/retui/ent/country_query.go:531.66,533.51 2 0
github.com/subhasundardass/retui/ent/country_query.go:533.51,535.3 1 0
github.com/subhasundardass/retui/ent/country_query.go:536.2,536.100 1 0
github.com/subhasundardass/retui/ent/country_query.go:539.89,542.28 3 0
github.com/subhasundardass/retui/ent/country_query.go:542.28,544.3 1 0
github.com/subhasundardass/retui/ent/country_query.go:545.2,545.42 1 0
github.com/subhasundardass/retui/ent/country_query.go:545.42,547.30 2 0
github.com/subhasundardass/retui/ent/country_query.go:547.30,549.4 1 0
github.com/subhasundardass/retui/ent/country_query.go:550.3,551.30 2 0
github.com/subhasundardass/retui/ent/country_query.go:553.2,554.39 2 0
github.com/subhasundardass/retui/ent/country_query.go:554.39,556.3 1 0
github.com/subhasundardass/retui/ent/country_query.go:557.2,559.70 3 0
github.com/subhasundardass/retui/ent/country_query.go:559.70,561.3 1 0
github.com/subhasundardass/retui/ent/country_query.go:562.2,563.31 2 0
github.com/subhasundardass/retui/ent/country_query.go:573.73,576.2 2 0
github.com/subhasundardass/retui/ent/country_query.go:579.65,581.45 2 0
github.com/subhasundardass/retui/ent/country_query.go:581.45,583.3 1 0
github.com/subhasundardass/retui/ent/country_query.go:584.2,584.100 1 0
github.com/subhasundardass/retui/ent/country_query.go:587.88,590.28 3 0
github.com/subhasundardass/retui/ent/country_query.go:590.28,592.3 1 0
github.com/subhasundardass/retui/ent/country_query.go:593.2,593.38 1 0
github.com/subhasundardass/retui/ent/country_query.go:594.38,595.34 1 0
github.com/subhasundardass/retui/ent/country_query.go:596.38,597.40 1 0
github.com/subhasundardass/retui/ent/country_query.go:599.2,601.64 3 0
github.com/subhasundardass/retui/ent/country_query.go:601.64,603.3 1 0
github.com/subhasundardass/retui/ent/country_query.go:604.2,605.31 2 0
github.com/subhasundardass/retui/ent/country_update.go:26.72,29.2 2 0
github.com/subhasundardass/retui/ent/country_update.go:32.59,35.2 2 0
github.com/subhasundardass/retui/ent/country_update.go:38.68,39.14 1 0
github.com/subhasundardass/retui/ent/country_update.go:39.14,41.3 1 0
github.com/subhasundardass/retui/ent/country_update.go:42.2,42.11 1 0
github.com/subhasundardass/retui/ent/country_update.go:46.59,49.2 2 0
github.com/subhasundardass/retui/ent/country_update.go:52.68,53.14 1 0
github.com/subhasundardass/retui/ent/country_update.go:53.14,55.3 1 0
github.com/subhasundardass/retui/ent/country_update.go:56.2,56.11 1 0
github.com/subhasundardass/retui/ent/country_update.go:60.65,63.2 2 0
github.com/subhasundardass/retui/ent/country_update.go:66.64,68.19 2 0
github.com/subhasundardass/retui/ent/country_update.go:68.19,70.3 1 0
github.com/subhasundardass/retui/ent/country_update.go:71.2,71.31 1 0
github.com/subhasundardass/retui/ent/country_update.go:75.54,77.2 1 0
github.com/subhasundardass/retui/ent/country_update.go:80.55,83.2 2 0
github.com/subhasundardass/retui/ent/country_update.go:86.68,89.2 2 0
github.com/subhasundardass/retui/ent/country_update.go:92.67,94.19 2 0
github.com/subhasundardass/retui/ent/country_update.go:94.19,96.3 1 0
github.com/subhasundardass/retui/ent/country_update.go:97.2,97.34 1 0
github.com/subhasundardass/retui/ent/country_update.go:101.65,103.2 1 0
github.com/subhasundardass/retui/ent/country_update.go:106.57,108.16 2 0
github.com/subhasundardass/retui/ent/country_update.go:108.16,109.13 1 0
github.com/subhasundardass/retui/ent/country_update.go:111.2,111.17 1 0
github.com/subhasundardass/retui/ent/country_update.go:115.58,118.2 2 0
github.com/subhasundardass/retui/ent/country_update.go:121.53,122.37 1 0
github.com/subhasundardass/retui/ent/country_update.go:122.37,123.13 1 0
github.com/subhasundardass/retui/ent/country_update.go:128.40,129.37 1 0
github.com/subhasundardass/retui/ent/country_update.go:129.37,130.50 1 0
github.com/subhasundardass/retui/ent/country_update.go:130.50,132.4 1 0
github.com/subhasundardass/retui/ent/country_update.go:134.2,134.37 1 0
github.com/subhasundardass/retui/ent/country_update.go:134.37,135.50 1 0
github.com/subhasundardass/retui/ent/country_update.go:135.50,137.4 1 0
github.com/subhasundardass/retui/ent/country_update.go:139.2,139.12 1 0
github.com/subhasundardass/retui/ent/country_update.go:142.78,143.35 1 0
github.com/subhasundardass/retui/ent/country_update.go:143.35,145.3 1 0
github.com/subhasundardass/retui/ent/country_update.go:146.2,147.47 2 0
github.com/subhasundardass/retui/ent/country_update.go:147.47,148.50 1 0
github.com/subhasundardass/retui/ent/country_update.go:148.50,149.22 1 0
github.com/subhasundardass/retui/ent/country_update.go:149.22,151.5 1 0
github.com/subhasundardass/retui/ent/country_update.go:154.2,154.41 1 0
github.com/subhasundardass/retui/ent/country_update.go:154.41,156.3 1 0
github.com/subhasundardass/retui/ent/country_update.go:157.2,157.41 1 0
github.com/subhasundardass/retui/ent/country_update.go:157.41,159.3 1 0
github.com/subhasundardass/retui/ent/country_update.go:160.2,160.33 1 0
github.com/subhasundardass/retui/ent/country_update.go:160.33,172.3 2 0
github.com/subhasundardass/retui/ent/country_update.go:173.2,173.93 1 0
github.com/subhasundardass/retui/ent/country_update.go:173.93,184.27 2 0
github.com/subhasundardass/retui/ent/country_update.go:184.27,186.4 1 0
github.com/subhasundardass/retui/ent/country_update.go:187.3,187.54 1 0
github.com/subhasundardass/retui/ent/country_update.go:189.2,189.54 1 0
github.com/subhasundardass/retui/ent/country_update.go:189.54,200.27 2 0
github.com/subhasundardass/retui/ent/country_update.go:200.27,202.4 1 0
github.com/subhasundardass/retui/ent/country_update.go:203.3,203.50 1 0
github.com/subhasundardass/retui/ent/country_update.go:205.2,205.74 1 0
github.com/subhasundardass/retui/ent/country_update.go:205.74,206.49 1 0
github.com/subhasundardass/retui/ent/country_update.go:206.49,208.4 1 0
github.com/subhasundardass/retui/ent/country_update.go:208.9,208.45 1 0
github.com/subhasundardass/retui/ent/country_update.go:208.45,210.4 1 0
github.com/subhasundardass/retui/ent/country_update.go:211.3,211.16 1 0
github.com/subhasundardass/retui/ent/country_update.go:213.2,214.19 2 0
github.com/subhasundardass/retui/ent/country_update.go:226.65,229.2 2 0
github.com/subhasundardass/retui/ent/country_update.go:232.74,233.14 1 0
github.com/subhasundardass/retui/ent/country_update.go:233.14,235.3 1 0
github.com/subhasundardass/retui/ent/country_update.go:236.2,236.11 1 0
github.com/subhasundardass/retui/ent/country_update.go:240.65,243.2 2 0
github.com/subhasundardass/retui/ent/country_update.go:246.74,247.14 1 0
github.com/subhasundardass/retui/ent/country_update.go:247.14,249.3 1 0
github.com/subhasundardass/retui/ent/country_update.go:250.2,250.11 1 0
github.com/subhasundardass/retui/ent/country_update.go:254.71,257.2 2 0
github.com/subhasundardass/retui/ent/country_update.go:260.70,262.19 2 0
github.com/subhasundardass/retui/ent/country_update.go:262.19,264.3 1 0
github.com/subhasundardass/retui/ent/country_update.go:265.2,265.31 1 0
github.com/subhasundardass/retui/ent/country_update.go:269.57,271.2 1 0
github.com/subhasundardass/retui/ent/country_update.go:274.61,277.2 2 0
github.com/subhasundardass/retui/ent/country_update.go:280.74,283.2 2 0
github.com/subhasundardass/retui/ent/country_update.go:286.73,288.19 2 0
github.com/subhasundardass/retui/ent/country_update.go:288.19,290.3 1 0
github.com/subhasundardass/retui/ent/country_update.go:291.2,291.34 1 0
github.com/subhasundardass/retui/ent/country_update.go:295.78,298.2 2 0
github.com/subhasundardass/retui/ent/country_update.go:302.86,305.2 2 0
github.com/subhasundardass/retui/ent/country_update.go:308.73,310.2 1 0
github.com/subhasundardass/retui/ent/country_update.go:313.65,315.16 2 0
github.com/subhasundardass/retui/ent/country_update.go:315.16,316.13 1 0
github.com/subhasundardass/retui/ent/country_update.go:318.2,318.13 1 0
github.com/subhasundardass/retui/ent/country_update.go:322.61,325.2 2 0
github.com/subhasundardass/retui/ent/country_update.go:328.56,329.37 1 0
github.com/subhasundardass/retui/ent/country_update.go:329.37,330.13 1 0
github.com/subhasundardass/retui/ent/country_update.go:335.43,336.37 1 0
github.com/subhasundardass/retui/ent/country_update.go:336.37,337.50 1 0
github.com/subhasundardass/retui/ent/country_update.go:337.50,339.4 1 0
github.com/subhasundardass/retui/ent/country_update.go:341.2,341.37 1 0
github.com/subhasundardass/retui/ent/country_update.go:341.37,342.50 1 0
github.com/subhasundardass/retui/ent/country_update.go:342.50,344.4 1 0
github.com/subhasundardass/retui/ent/country_update.go:346.2,346.12 1 0
github.com/subhasundardass/retui/ent/country_update.go:349.86,350.35 1 0
github.com/subhasundardass/retui/ent/country_update.go:350.35,352.3 1 0
github.com/subhasundardass/retui/ent/country_update.go:353.2,355.9 3 0
github.com/subhasundardass/retui/ent/country_update.go:355.9,357.3 1 0
github.com/subhasundardass/retui/ent/country_update.go:358.2,359.42 2 0
github.com/subhasundardass/retui/ent/country_update.go:359.42,362.28 3 0
github.com/subhasundardass/retui/ent/country_update.go:362.28,363.31 1 0
github.com/subhasundardass/retui/ent/country_update.go:363.31,365.5 1 0
github.com/subhasundardass/retui/ent/country_update.go:366.4,366.28 1 0
github.com/subhasundardass/retui/ent/country_update.go:366.28,368.5 1 0
github.com/subhasundardass/retui/ent/country_update.go:371.2,371.47 1 0
github.com/subhasundardass/retui/ent/country_update.go:371.47,372.50 1 0
github.com/subhasundardass/retui/ent/country_update.go:372.50,373.22 1 0
github.com/subhasundardass/retui/ent/country_update.go:373.22,375.5 1 0
github.com/subhasundardass/retui/ent/country_update.go:378.2,378.41 1 0
github.com/subhasundardass/retui/ent/country_update.go:378.41,380.3 1 0
github.com/subhasundardass/retui/ent/country_update.go:381.2,381.41 1 0
github.com/subhasundardass/retui/ent/country_update.go:381.41,383.3 1 0
github.com/subhasundardass/retui/ent/country_update.go:384.2,384.33 1 0
github.com/subhasundardass/retui/ent/country_update.go:384.33,396.3 2 0
github.com/subhasundardass/retui/ent/country_update.go:397.2,397.93 1 0
github.com/subhasundardass/retui/ent/country_update.go:397.93,408.27 2 0
github.com/subhasundardass/retui/ent/country_update.go:408.27,410.4 1 0
github.com/subhasundardass/retui/ent/country_update.go:411.3,411.54 1 0
github.com/subhasundardass/retui/ent/country_update.go:413.2,413.54 1 0
github.com/subhasundardass/retui/ent/country_update.go:413.54,424.27 2 0
github.com/subhasundardass/retui/ent/country_update.go:424.27,426.4 1 0
github.com/subhasundardass/retui/ent/country_update.go:427.3,427.50 1 0
github.com/subhasundardass/retui/ent/country_update.go:429.2,432.66 4 0
github.com/subhasundardass/retui/ent/country_update.go:432.66,433.49 1 0
github.com/subhasundardass/retui/ent/country_update.go:433.49,435.4 1 0
github.com/subhasundardass/retui/ent/country_update.go:435.9,435.45 1 0
github.com/subhasundardass/retui/ent/country_update.go:435.45,437.4 1 0
github.com/subhasundardass/retui/ent/country_update.go:438.3,438.18 1 0
github.com/subhasundardass/retui/ent/country_update.go:440.2,441.19 2 0
github.com/subhasundardass/retui/ent/ent.go:47.47,50.2 2 0
github.com/subhasundardass/retui/ent/ent.go:53.68,55.2 1 0
github.com/subhasundardass/retui/ent/ent.go:60.45,63.2 2 0
github.com/subhasundardass/retui/ent/ent.go:66.67,68.2 1 0
github.com/subhasundardass/retui/ent/ent.go:80.37,81.22 1 0
github.com/subhasundardass/retui/ent/ent.go:81.22,92.3 1 0
github.com/subhasundardass/retui/ent/ent.go:93.2,93.26 1 0
github.com/subhasundardass/retui/ent/ent.go:97.48,98.31 1 0
github.com/subhasundardass/retui/ent/ent.go:98.31,99.28 1 0
github.com/subhasundardass/retui/ent/ent.go:99.28,100.56 1 0
github.com/subhasundardass/retui/ent/ent.go:100.56,102.5 1 0
github.com/subhasundardass/retui/ent/ent.go:103.4,103.30 1 0
github.com/subhasundardass/retui/ent/ent.go:109.49,110.31 1 0
github.com/subhasundardass/retui/ent/ent.go:110.31,111.28 1 0
github.com/subhasundardass/retui/ent/ent.go:111.28,112.56 1 0
github.com/subhasundardass/retui/ent/ent.go:112.56,114.5 1 0
github.com/subhasundardass/retui/ent/ent.go:115.4,115.31 1 0
github.com/subhasundardass/retui/ent/ent.go:128.53,129.38 1 0
github.com/subhasundardass/retui/ent/ent.go:129.38,131.3 1 0
github.com/subhasundardass/retui/ent/ent.go:135.28,136.38 1 0
github.com/subhasundardass/retui/ent/ent.go:136.38,138.3 1 0
github.com/subhasundardass/retui/ent/ent.go:142.38,143.38 1 0
github.com/subhasundardass/retui/ent/ent.go:143.38,144.59 1 0
github.com/subhasundardass/retui/ent/ent.go:144.59,147.4 2 0
github.com/subhasundardass/retui/ent/ent.go:148.3,148.29 1 0
github.com/subhasundardass/retui/ent/ent.go:153.39,154.38 1 0
github.com/subhasundardass/retui/ent/ent.go:154.38,155.59 1 0
github.com/subhasundardass/retui/ent/ent.go:155.59,158.4 2 0
github.com/subhasundardass/retui/ent/ent.go:159.3,159.29 1 0
github.com/subhasundardass/retui/ent/ent.go:164.38,165.38 1 0
github.com/subhasundardass/retui/ent/ent.go:165.38,166.59 1 0
github.com/subhasundardass/retui/ent/ent.go:166.59,169.4 2 0
github.com/subhasundardass/retui/ent/ent.go:170.3,170.29 1 0
github.com/subhasundardass/retui/ent/ent.go:175.38,176.38 1 0
github.com/subhasundardass/retui/ent/ent.go:176.38,177.59 1 0
github.com/subhasundardass/retui/ent/ent.go:177.59,180.4 2 0
github.com/subhasundardass/retui/ent/ent.go:181.3,181.29 1 0
github.com/subhasundardass/retui/ent/ent.go:192.42,194.2 1 0
github.com/subhasundardass/retui/ent/ent.go:197.42,199.2 1 0
github.com/subhasundardass/retui/ent/ent.go:202.40,203.16 1 0
github.com/subhasundardass/retui/ent/ent.go:203.16,205.3 1 0
github.com/subhasundardass/retui/ent/ent.go:206.2,207.27 2 0
github.com/subhasundardass/retui/ent/ent.go:216.40,218.2 1 0
github.com/subhasundardass/retui/ent/ent.go:221.33,222.16 1 0
github.com/subhasundardass/retui/ent/ent.go:222.16,224.3 1 0
github.com/subhasundardass/retui/ent/ent.go:225.2,226.27 2 0
github.com/subhasundardass/retui/ent/ent.go:230.36,231.21 1 0
github.com/subhasundardass/retui/ent/ent.go:231.21,233.3 1 0
github.com/subhasundardass/retui/ent/ent.go:234.2,234.12 1 0
github.com/subhasundardass/retui/ent/ent.go:243.43,245.2 1 0
github.com/subhasundardass/retui/ent/ent.go:248.36,249.16 1 0
github.com/subhasundardass/retui/ent/ent.go:249.16,251.3 1 0
github.com/subhasundardass/retui/ent/ent.go:252.2,253.27 2 0
github.com/subhasundardass/retui/ent/ent.go:262.41,264.2 1 0
github.com/subhasundardass/retui/ent/ent.go:267.34,268.16 1 0
github.com/subhasundardass/retui/ent/ent.go:268.16,270.3 1 0
github.com/subhasundardass/retui/ent/ent.go:271.2,272.27 2 0
github.com/subhasundardass/retui/ent/ent.go:284.41,286.2 1 0
github.com/subhasundardass/retui/ent/ent.go:289.42,291.2 1 0
github.com/subhasundardass/retui/ent/ent.go:294.40,295.16 1 0
github.com/subhasundardass/retui/ent/ent.go:295.16,297.3 1 0
github.com/subhasundardass/retui/ent/ent.go:298.2,299.27 2 0
github.com/subhasundardass/retui/ent/ent.go:311.54,312.39 1 0
github.com/subhasundardass/retui/ent/ent.go:312.39,313.13 1 0
github.com/subhasundardass/retui/ent/ent.go:318.67,319.22 1 0
github.com/subhasundardass/retui/ent/ent.go:319.22,321.3 1 0
github.com/subhasundardass/retui/ent/ent.go:322.2,323.40 2 0
github.com/subhasundardass/retui/ent/ent.go:323.40,325.3 1 0
github.com/subhasundardass/retui/ent/ent.go:326.2,326.15 1 0
github.com/subhasundardass/retui/ent/ent.go:330.59,332.16 2 0
github.com/subhasundardass/retui/ent/ent.go:332.16,333.13 1 0
github.com/subhasundardass/retui/ent/ent.go:335.2,335.10 1 0
github.com/subhasundardass/retui/ent/ent.go:339.70,341.41 2 0
github.com/subhasundardass/retui/ent/ent.go:341.41,343.3 1 0
github.com/subhasundardass/retui/ent/ent.go:344.2,344.16 1 0
github.com/subhasundardass/retui/ent/ent.go:345.9,346.19 1 0
github.com/subhasundardass/retui/ent/ent.go:347.9,348.32 1 0
github.com/subhasundardass/retui/ent/ent.go:349.10,350.85 1 0
github.com/subhasundardass/retui/ent/ent.go:352.2,352.8 1 0
github.com/subhasundardass/retui/ent/ent.go:356.56,358.16 2 0
github.com/subhasundardass/retui/ent/ent.go:358.16,359.13 1 0
github.com/subhasundardass/retui/ent/ent.go:361.2,361.10 1 0
github.com/subhasundardass/retui/ent/ent.go:365.61,366.22 1 0
github.com/subhasundardass/retui/ent/ent.go:366.22,368.3 1 0
github.com/subhasundardass/retui/ent/ent.go:369.2,370.40 2 0
github.com/subhasundardass/retui/ent/ent.go:370.40,372.3 1 0
github.com/subhasundardass/retui/ent/ent.go:373.2,373.15 1 0
github.com/subhasundardass/retui/ent/ent.go:377.53,379.16 2 0
github.com/subhasundardass/retui/ent/ent.go:379.16,380.13 1 0
github.com/subhasundardass/retui/ent/ent.go:382.2,382.10 1 0
github.com/subhasundardass/retui/ent/ent.go:386.64,388.38 2 0
github.com/subhasundardass/retui/ent/ent.go:388.38,390.3 1 0
github.com/subhasundardass/retui/ent/ent.go:391.2,391.16 1 0
github.com/subhasundardass/retui/ent/ent.go:392.9,393.19 1 0
github.com/subhasundardass/retui/ent/ent.go:394.9,395.32 1 0
github.com/subhasundardass/retui/ent/ent.go:396.10,397.82 1 0
github.com/subhasundardass/retui/ent/ent.go:399.2,399.8 1 0
github.com/subhasundardass/retui/ent/ent.go:403.50,405.16 2 0
github.com/subhasundardass/retui/ent/ent.go:405.16,406.13 1 0
github.com/subhasundardass/retui/ent/ent.go:408.2,408.10 1 0
github.com/subhasundardass/retui/ent/ent.go:412.69,413.22 1 0
github.com/subhasundardass/retui/ent/ent.go:413.22,415.3 1 0
github.com/subhasundardass/retui/ent/ent.go:416.2,417.40 2 0
github.com/subhasundardass/retui/ent/ent.go:417.40,419.3 1 0
github.com/subhasundardass/retui/ent/ent.go:420.2,420.15 1 0
github.com/subhasundardass/retui/ent/ent.go:424.61,426.16 2 0
github.com/subhasundardass/retui/ent/ent.go:426.16,427.13 1 0
github.com/subhasundardass/retui/ent/ent.go:429.2,429.10 1 0
github.com/subhasundardass/retui/ent/ent.go:433.72,435.42 2 0
github.com/subhasundardass/retui/ent/ent.go:435.42,437.3 1 0
github.com/subhasundardass/retui/ent/ent.go:438.2,438.16 1 0
github.com/subhasundardass/retui/ent/ent.go:439.9,440.19 1 0
github.com/subhasundardass/retui/ent/ent.go:441.9,442.32 1 0
github.com/subhasundardass/retui/ent/ent.go:443.10,444.86 1 0
github.com/subhasundardass/retui/ent/ent.go:446.2,446.8 1 0
github.com/subhasundardass/retui/ent/ent.go:450.58,452.16 2 0
github.com/subhasundardass/retui/ent/ent.go:452.16,453.13 1 0
github.com/subhasundardass/retui/ent/ent.go:455.2,455.10 1 0
github.com/subhasundardass/retui/ent/ent.go:459.63,460.22 1 0
github.com/subhasundardass/retui/ent/ent.go:460.22,462.3 1 0
github.com/subhasundardass/retui/ent/ent.go:463.2,464.40 2 0
github.com/subhasundardass/retui/ent/ent.go:464.40,466.3 1 0
github.com/subhasundardass/retui/ent/ent.go:467.2,467.15 1 0
github.com/subhasundardass/retui/ent/ent.go:471.55,473.16 2 0
github.com/subhasundardass/retui/ent/ent.go:473.16,474.13 1 0
github.com/subhasundardass/retui/ent/ent.go:476.2,476.10 1 0
github.com/subhasundardass/retui/ent/ent.go:480.66,482.39 2 0
github.com/subhasundardass/retui/ent/ent.go:482.39,484.3 1 0
github.com/subhasundardass/retui/ent/ent.go:485.2,485.16 1 0
github.com/subhasundardass/retui/ent/ent.go:486.9,487.19 1 0
github.com/subhasundardass/retui/ent/ent.go:488.9,489.32 1 0
github.com/subhasundardass/retui/ent/ent.go:490.10,491.83 1 0
github.com/subhasundardass/retui/ent/ent.go:493.2,493.8 1 0
github.com/subhasundardass/retui/ent/ent.go:497.52,499.16 2 0
github.com/subhasundardass/retui/ent/ent.go:499.16,500.13 1 0
github.com/subhasundardass/retui/ent/ent.go:502.2,502.10 1 0
github.com/subhasundardass/retui/ent/ent.go:509.112,510.21 1 0
github.com/subhasundardass/retui/ent/ent.go:510.21,512.3 1 0
github.com/subhasundardass/retui/ent/ent.go:513.2,513.84 1 0
github.com/subhasundardass/retui/ent/ent.go:513.84,515.10 2 0
github.com/subhasundardass/retui/ent/ent.go:515.10,517.4 1 0
github.com/subhasundardass/retui/ent/ent.go:519.3,520.19 2 0
github.com/subhasundardass/retui/ent/ent.go:522.2,522.39 1 0
github.com/subhasundardass/retui/ent/ent.go:522.39,523.22 1 0
github.com/subhasundardass/retui/ent/ent.go:523.22,525.4 1 0
github.com/subhasundardass/retui/ent/ent.go:526.3,526.22 1 0
github.com/subhasundardass/retui/ent/ent.go:528.2,529.16 2 0
github.com/subhasundardass/retui/ent/ent.go:529.16,531.3 1 0
github.com/subhasundardass/retui/ent/ent.go:532.2,533.9 2 0
github.com/subhasundardass/retui/ent/ent.go:533.9,535.3 1 0
github.com/subhasundardass/retui/ent/ent.go:536.2,536.16 1 0
github.com/subhasundardass/retui/ent/ent.go:540.85,541.38 1 0
github.com/subhasundardass/retui/ent/ent.go:541.38,544.3 2 0
github.com/subhasundardass/retui/ent/ent.go:545.2,545.12 1 0
github.com/subhasundardass/retui/ent/ent.go:550.14,551.71 1 0
github.com/subhasundardass/retui/ent/ent.go:551.71,553.10 2 0
github.com/subhasundardass/retui/ent/ent.go:553.10,555.4 1 0
github.com/subhasundardass/retui/ent/ent.go:556.3,556.27 1 0
github.com/subhasundardass/retui/ent/ent.go:562.14,563.71 1 0
github.com/subhasundardass/retui/ent/ent.go:563.71,565.10 2 0
github.com/subhasundardass/retui/ent/ent.go:565.10,567.4 1 0
github.com/subhasundardass/retui/ent/ent.go:568.3,568.29 1 0
github.com/subhasundardass/retui/ent/ent.go:572.113,573.40 1 0
github.com/subhasundardass/retui/ent/ent.go:573.40,575.3 1 0
github.com/subhasundardass/retui/ent/ent.go:576.2,577.16 2 0
github.com/subhasundardass/retui/ent/ent.go:577.16,579.3 1 0
github.com/subhasundardass/retui/ent/ent.go:580.2,581.9 2 0
github.com/subhasundardass/retui/ent/ent.go:581.9,583.3 1 0
github.com/subhasundardass/retui/ent/ent.go:584.2,584.16 1 0
github.com/subhasundardass/retui/ent/ent.go:589.92,591.81 2 0
github.com/subhasundardass/retui/ent/ent.go:591.81,593.10 2 0
github.com/subhasundardass/retui/ent/ent.go:593.10,595.4 1 0
github.com/subhasundardass/retui/ent/ent.go:596.3,596.62 1 0
github.com/subhasundardass/retui/ent/ent.go:596.62,598.4 1 0
github.com/subhasundardass/retui/ent/ent.go:599.3,599.71 1 0
github.com/subhasundardass/retui/ent/ent.go:599.71,601.4 1 0
github.com/subhasundardass/retui/ent/ent.go:602.3,602.16 1 0
github.com/subhasundardass/retui/ent/ent.go:604.2,604.40 1 0
github.com/subhasundardass/retui/ent/ent.go:604.40,606.3 1 0
github.com/subhasundardass/retui/ent/ent.go:607.2,608.16 2 0
github.com/subhasundardass/retui/ent/ent.go:608.16,610.3 1 0
github.com/subhasundardass/retui/ent/ent.go:611.2,611.37 1 0
github.com/subhasundardass/retui/ent/ent.go:612.61,612.61 0 0
github.com/subhasundardass/retui/ent/ent.go:613.31,614.28 1 0
github.com/subhasundardass/retui/ent/ent.go:615.38,616.21 1 0
github.com/subhasundardass/retui/ent/ent.go:618.2,618.12 1 0
github.com/subhasundardass/retui/ent/journal.go:71.61,72.22 1 0
github.com/subhasundardass/retui/ent/journal.go:72.22,74.3 1 0
github.com/subhasundardass/retui/ent/journal.go:75.2,75.44 1 0
github.com/subhasundardass/retui/ent/journal.go:79.61,81.25 2 0
github.com/subhasundardass/retui/ent/journal.go:81.25,82.21 1 0
github.com/subhasundardass/retui/ent/journal.go:83.58,84.36 1 0
github.com/subhasundardass/retui/ent/journal.go:85.102,86.34 1 0
github.com/subhasundardass/retui/ent/journal.go:87.213,88.35 1 0
github.com/subhasundardass/retui/ent/journal.go:89.102,90.33 1 0
github.com/subhasundardass/retui/ent/journal.go:91.11,92.36 1 0
github.com/subhasundardass/retui/ent/journal.go:95.2,95.20 1 0
github.com/subhasundardass/retui/ent/journal.go:100.71,101.46 1 0
github.com/subhasundardass/retui/ent/journal.go:101.46,103.3 1 0
github.com/subhasundardass/retui/ent/journal.go:104.2,104.25 1 0
github.com/subhasundardass/retui/ent/journal.go:104.25,105.21 1 0
github.com/subhasundardass/retui/ent/journal.go:106.24,108.11 2 0
github.com/subhasundardass/retui/ent/journal.go:108.11,110.5 1 0
github.com/subhasundardass/retui/ent/journal.go:111.4,111.28 1 0
github.com/subhasundardass/retui/ent/journal.go:112.32,113.51 1 0
github.com/subhasundardass/retui/ent/journal.go:113.51,115.5 1 0
github.com/subhasundardass/retui/ent/journal.go:115.10,115.26 1 0
github.com/subhasundardass/retui/ent/journal.go:115.26,117.5 1 0
github.com/subhasundardass/retui/ent/journal.go:118.32,119.51 1 0
github.com/subhasundardass/retui/ent/journal.go:119.51,121.5 1 0
github.com/subhasundardass/retui/ent/journal.go:121.10,121.26 1 0
github.com/subhasundardass/retui/ent/journal.go:121.26,123.5 1 0
github.com/subhasundardass/retui/ent/journal.go:124.26,125.51 1 0
github.com/subhasundardass/retui/ent/journal.go:125.51,127.5 1 0
github.com/subhasundardass/retui/ent/journal.go:127.10,127.26 1 0
github.com/subhasundardass/retui/ent/journal.go:127.26,129.5 1 0
github.com/subhasundardass/retui/ent/journal.go:130.33,131.53 1 0
github.com/subhasundardass/retui/ent/journal.go:131.53,133.5 1 0
github.com/subhasundardass/retui/ent/journal.go:133.10,133.26 1 0
github.com/subhasundardass/retui/ent/journal.go:133.26,135.5 1 0
github.com/subhasundardass/retui/ent/journal.go:136.31,137.53 1 0
github.com/subhasundardass/retui/ent/journal.go:137.53,139.5 1 0
github.com/subhasundardass/retui/ent/journal.go:139.10,139.26 1 0
github.com/subhasundardass/retui/ent/journal.go:139.26,141.5 1 0
github.com/subhasundardass/retui/ent/journal.go:142.33,143.51 1 0
github.com/subhasundardass/retui/ent/journal.go:143.51,145.5 1 0
github.com/subhasundardass/retui/ent/journal.go:145.10,145.26 1 0
github.com/subhasundardass/retui/ent/journal.go:145.26,147.5 1 0
github.com/subhasundardass/retui/ent/journal.go:148.33,149.53 1 0
github.com/subhasundardass/retui/ent/journal.go:149.53,151.5 1 0
github.com/subhasundardass/retui/ent/journal.go:151.10,151.26 1 0
github.com/subhasundardass/retui/ent/journal.go:151.26,154.5 2 0
github.com/subhasundardass/retui/ent/journal.go:155.33,156.53 1 0
github.com/subhasundardass/retui/ent/journal.go:156.53,158.5 1 0
github.com/subhasundardass/retui/ent/journal.go:158.10,158.26 1 0
github.com/subhasundardass/retui/ent/journal.go:158.26,161.5 2 0
github.com/subhasundardass/retui/ent/journal.go:162.35,163.53 1 0
github.com/subhasundardass/retui/ent/journal.go:163.53,165.5 1 0
github.com/subhasundardass/retui/ent/journal.go:165.10,165.26 1 0
github.com/subhasundardass/retui/ent/journal.go:165.26,167.5 1 0
github.com/subhasundardass/retui/ent/journal.go:168.32,169.52 1 0
github.com/subhasundardass/retui/ent/journal.go:169.52,171.5 1 0
github.com/subhasundardass/retui/ent/journal.go:171.10,171.26 1 0
github.com/subhasundardass/retui/ent/journal.go:171.26,174.5 2 0
github.com/subhasundardass/retui/ent/journal.go:175.37,176.52 1 0
github.com/subhasundardass/retui/ent/journal.go:176.52,178.5 1 0
github.com/subhasundardass/retui/ent/journal.go:178.10,178.26 1 0
github.com/subhasundardass/retui/ent/journal.go:178.26,181.5 2 0
github.com/subhasundardass/retui/ent/journal.go:182.31,183.53 1 0
github.com/subhasundardass/retui/ent/journal.go:183.53,185.5 1 0
github.com/subhasundardass/retui/ent/journal.go:185.10,185.26 1 0
github.com/subhasundardass/retui/ent/journal.go:185.26,188.5 2 0
github.com/subhasundardass/retui/ent/journal.go:189.34,190.53 1 0
github.com/subhasundardass/retui/ent/journal.go:190.53,192.5 1 0
github.com/subhasundardass/retui/ent/journal.go:192.10,192.26 1 0
github.com/subhasundardass/retui/ent/journal.go:192.26,195.5 2 0
github.com/subhasundardass/retui/ent/journal.go:196.32,197.53 1 0
github.com/subhasundardass/retui/ent/journal.go:197.53,199.5 1 0
github.com/subhasundardass/retui/ent/journal.go:199.10,199.26 1 0
github.com/subhasundardass/retui/ent/journal.go:199.26,202.5 2 0
github.com/subhasundardass/retui/ent/journal.go:203.30,204.52 1 0
github.com/subhasundardass/retui/ent/journal.go:204.52,206.5 1 0
github.com/subhasundardass/retui/ent/journal.go:206.10,206.26 1 0
github.com/subhasundardass/retui/ent/journal.go:206.26,209.5 2 0
github.com/subhasundardass/retui/ent/journal.go:210.32,211.54 1 0
github.com/subhasundardass/retui/ent/journal.go:211.54,213.5 1 0
github.com/subhasundardass/retui/ent/journal.go:213.10,213.26 1 0
github.com/subhasundardass/retui/ent/journal.go:213.26,215.5 1 0
github.com/subhasundardass/retui/ent/journal.go:216.33,217.54 1 0
github.com/subhasundardass/retui/ent/journal.go:217.54,219.5 1 0
github.com/subhasundardass/retui/ent/journal.go:219.10,219.26 1 0
github.com/subhasundardass/retui/ent/journal.go:219.26,221.5 1 0
github.com/subhasundardass/retui/ent/journal.go:222.11,223.46 1 0
github.com/subhasundardass/retui/ent/journal.go:226.2,226.12 1 0
github.com/subhasundardass/retui/ent/journal.go:231.58,233.2 1 0
github.com/subhasundardass/retui/ent/journal.go:236.51,238.2 1 0
github.com/subhasundardass/retui/ent/journal.go:243.47,245.2 1 0
github.com/subhasundardass/retui/ent/journal.go:249.38,251.9 2 0
github.com/subhasundardass/retui/ent/journal.go:251.9,252.54 1 0
github.com/subhasundardass/retui/ent/journal.go:254.2,255.11 2 0
github.com/subhasundardass/retui/ent/journal.go:259.36,281.35 22 0
github.com/subhasundardass/retui/ent/journal.go:281.35,284.3 2 0
github.com/subhasundardass/retui/ent/journal.go:285.2,286.35 2 0
github.com/subhasundardass/retui/ent/journal.go:286.35,289.3 2 0
github.com/subhasundardass/retui/ent/journal.go:290.2,294.34 5 0
github.com/subhasundardass/retui/ent/journal.go:294.34,297.3 2 0
github.com/subhasundardass/retui/ent/journal.go:298.2,299.39 2 0
github.com/subhasundardass/retui/ent/journal.go:299.39,302.3 2 0
github.com/subhasundardass/retui/ent/journal.go:303.2,304.33 2 0
github.com/subhasundardass/retui/ent/journal.go:304.33,307.3 2 0
github.com/subhasundardass/retui/ent/journal.go:308.2,309.36 2 0
github.com/subhasundardass/retui/ent/journal.go:309.36,312.3 2 0
github.com/subhasundardass/retui/ent/journal.go:313.2,314.34 2 0
github.com/subhasundardass/retui/ent/journal.go:314.34,317.3 2 0
github.com/subhasundardass/retui/ent/journal.go:318.2,319.32 2 0
github.com/subhasundardass/retui/ent/journal.go:319.32,322.3 2 0
github.com/subhasundardass/retui/ent/journal.go:323.2,330.25 8 0
github.com/subhasundardass/retui/ent/journal_create.go:25.68,28.2 2 0
github.com/subhasundardass/retui/ent/journal_create.go:31.77,32.14 1 0
github.com/subhasundardass/retui/ent/journal_create.go:32.14,34.3 1 0
github.com/subhasundardass/retui/ent/journal_create.go:35.2,35.11 1 0
github.com/subhasundardass/retui/ent/journal_create.go:39.68,42.2 2 0
github.com/subhasundardass/retui/ent/journal_create.go:45.77,46.14 1 0
github.com/subhasundardass/retui/ent/journal_create.go:46.14,48.3 1 0
github.com/subhasundardass/retui/ent/journal_create.go:49.2,49.11 1 0
github.com/subhasundardass/retui/ent/journal_create.go:53.62,56.2 2 0
github.com/subhasundardass/retui/ent/journal_create.go:59.66,62.2 2 0
github.com/subhasundardass/retui/ent/journal_create.go:65.64,68.2 2 0
github.com/subhasundardass/retui/ent/journal_create.go:71.69,74.2 2 0
github.com/subhasundardass/retui/ent/journal_create.go:77.66,80.2 2 0
github.com/subhasundardass/retui/ent/journal_create.go:83.75,84.14 1 0
github.com/subhasundardass/retui/ent/journal_create.go:84.14,86.3 1 0
github.com/subhasundardass/retui/ent/journal_create.go:87.2,87.11 1 0
github.com/subhasundardass/retui/ent/journal_create.go:91.66,94.2 2 0
github.com/subhasundardass/retui/ent/journal_create.go:97.75,98.14 1 0
github.com/subhasundardass/retui/ent/journal_create.go:98.14,100.3 1 0
github.com/subhasundardass/retui/ent/journal_create.go:101.2,101.11 1 0
github.com/subhasundardass/retui/ent/journal_create.go:105.83,108.2 2 0
github.com/subhasundardass/retui/ent/journal_create.go:111.92,112.14 1 0
github.com/subhasundardass/retui/ent/journal_create.go:112.14,114.3 1 0
github.com/subhasundardass/retui/ent/journal_create.go:115.2,115.11 1 0
github.com/subhasundardass/retui/ent/journal_create.go:119.62,122.2 2 0
github.com/subhasundardass/retui/ent/journal_create.go:125.71,126.14 1 0
github.com/subhasundardass/retui/ent/journal_create.go:126.14,128.3 1 0
github.com/subhasundardass/retui/ent/journal_create.go:129.2,129.11 1 0
github.com/subhasundardass/retui/ent/journal_create.go:133.67,136.2 2 0
github.com/subhasundardass/retui/ent/journal_create.go:139.76,140.14 1 0
github.com/subhasundardass/retui/ent/journal_create.go:140.14,142.3 1 0
github.com/subhasundardass/retui/ent/journal_create.go:143.2,143.11 1 0
github.com/subhasundardass/retui/ent/journal_create.go:147.64,150.2 2 0
github.com/subhasundardass/retui/ent/journal_create.go:153.73,154.14 1 0
github.com/subhasundardass/retui/ent/journal_create.go:154.14,156.3 1 0
github.com/subhasundardass/retui/ent/journal_create.go:157.2,157.11 1 0
github.com/subhasundardass/retui/ent/journal_create.go:161.67,164.2 2 0
github.com/subhasundardass/retui/ent/journal_create.go:167.76,168.14 1 0
github.com/subhasundardass/retui/ent/journal_create.go:168.14,170.3 1 0
github.com/subhasundardass/retui/ent/journal_create.go:171.2,171.11 1 0
github.com/subhasundardass/retui/ent/journal_create.go:175.65,178.2 2 0
github.com/subhasundardass/retui/ent/journal_create.go:181.74,182.14 1 0
github.com/subhasundardass/retui/ent/journal_create.go:182.14,184.3 1 0
github.com/subhasundardass/retui/ent/journal_create.go:185.2,185.11 1 0
github.com/subhasundardass/retui/ent/journal_create.go:189.60,192.2 2 0
github.com/subhasundardass/retui/ent/journal_create.go:195.69,196.14 1 0
github.com/subhasundardass/retui/ent/journal_create.go:196.14,198.3 1 0
github.com/subhasundardass/retui/ent/journal_create.go:199.2,199.11 1 0
github.com/subhasundardass/retui/ent/journal_create.go:203.66,206.2 2 0
github.com/subhasundardass/retui/ent/journal_create.go:209.75,210.14 1 0
github.com/subhasundardass/retui/ent/journal_create.go:210.14,212.3 1 0
github.com/subhasundardass/retui/ent/journal_create.go:213.2,213.11 1 0
github.com/subhasundardass/retui/ent/journal_create.go:217.67,220.2 2 0
github.com/subhasundardass/retui/ent/journal_create.go:223.76,224.14 1 0
github.com/subhasundardass/retui/ent/journal_create.go:224.14,226.3 1 0
github.com/subhasundardass/retui/ent/journal_create.go:227.2,227.11 1 0
github.com/subhasundardass/retui/ent/journal_create.go:231.64,234.2 2 0
github.com/subhasundardass/retui/ent/journal_create.go:237.70,239.19 2 0
github.com/subhasundardass/retui/ent/journal_create.go:239.19,241.3 1 0
github.com/subhasundardass/retui/ent/journal_create.go:242.2,242.30 1 0
github.com/subhasundardass/retui/ent/journal_create.go:246.54,248.2 1 0
github.com/subhasundardass/retui/ent/journal_create.go:251.70,254.2 2 0
github.com/subhasundardass/retui/ent/journal_create.go:257.62,259.16 2 0
github.com/subhasundardass/retui/ent/journal_create.go:259.16,260.13 1 0
github.com/subhasundardass/retui/ent/journal_create.go:262.2,262.10 1 0
github.com/subhasundardass/retui/ent/journal_create.go:266.58,269.2 2 0
github.com/subhasundardass/retui/ent/journal_create.go:272.53,273.37 1 0
github.com/subhasundardass/retui/ent/journal_create.go:273.37,274.13 1 0
github.com/subhasundardass/retui/ent/journal_create.go:279.37,280.44 1 0
github.com/subhasundardass/retui/ent/journal_create.go:280.44,283.3 2 0
github.com/subhasundardass/retui/ent/journal_create.go:284.2,284.44 1 0
github.com/subhasundardass/retui/ent/journal_create.go:284.44,287.3 2 0
github.com/subhasundardass/retui/ent/journal_create.go:288.2,288.47 1 0
github.com/subhasundardass/retui/ent/journal_create.go:288.47,291.3 2 0
github.com/subhasundardass/retui/ent/journal_create.go:292.2,292.44 1 0
github.com/subhasundardass/retui/ent/journal_create.go:292.44,295.3 2 0
github.com/subhasundardass/retui/ent/journal_create.go:296.2,296.45 1 0
github.com/subhasundardass/retui/ent/journal_create.go:296.45,299.3 2 0
github.com/subhasundardass/retui/ent/journal_create.go:303.40,304.44 1 0
github.com/subhasundardass/retui/ent/journal_create.go:304.44,306.3 1 0
github.com/subhasundardass/retui/ent/journal_create.go:307.2,307.44 1 0
github.com/subhasundardass/retui/ent/journal_create.go:307.44,309.3 1 0
github.com/subhasundardass/retui/ent/journal_create.go:310.2,310.38 1 0
github.com/subhasundardass/retui/ent/journal_create.go:310.38,312.3 1 0
github.com/subhasundardass/retui/ent/journal_create.go:313.2,313.45 1 0
github.com/subhasundardass/retui/ent/journal_create.go:313.45,315.3 1 0
github.com/subhasundardass/retui/ent/journal_create.go:316.2,316.44 1 0
github.com/subhasundardass/retui/ent/journal_create.go:316.44,317.57 1 0
github.com/subhasundardass/retui/ent/journal_create.go:317.57,319.4 1 0
github.com/subhasundardass/retui/ent/journal_create.go:321.2,321.43 1 0
github.com/subhasundardass/retui/ent/journal_create.go:321.43,323.3 1 0
github.com/subhasundardass/retui/ent/journal_create.go:324.2,324.42 1 0
github.com/subhasundardass/retui/ent/journal_create.go:324.42,325.55 1 0
github.com/subhasundardass/retui/ent/journal_create.go:325.55,327.4 1 0
github.com/subhasundardass/retui/ent/journal_create.go:329.2,329.45 1 0
github.com/subhasundardass/retui/ent/journal_create.go:329.45,331.3 1 0
github.com/subhasundardass/retui/ent/journal_create.go:332.2,332.47 1 0
github.com/subhasundardass/retui/ent/journal_create.go:332.47,334.3 1 0
github.com/subhasundardass/retui/ent/journal_create.go:335.2,335.46 1 0
github.com/subhasundardass/retui/ent/journal_create.go:335.46,336.59 1 0
github.com/subhasundardass/retui/ent/journal_create.go:336.59,338.4 1 0
github.com/subhasundardass/retui/ent/journal_create.go:340.2,340.44 1 0
github.com/subhasundardass/retui/ent/journal_create.go:340.44,342.3 1 0
github.com/subhasundardass/retui/ent/journal_create.go:343.2,343.45 1 0
github.com/subhasundardass/retui/ent/journal_create.go:343.45,345.3 1 0
github.com/subhasundardass/retui/ent/journal_create.go:346.2,346.12 1 0
github.com/subhasundardass/retui/ent/journal_create.go:349.73,350.35 1 0
github.com/subhasundardass/retui/ent/journal_create.go:350.35,352.3 1 0
github.com/subhasundardass/retui/ent/journal_create.go:353.2,354.67 2 0
github.com/subhasundardass/retui/ent/journal_create.go:354.67,355.38 1 0
github.com/subhasundardass/retui/ent/journal_create.go:355.38,357.4 1 0
[...]
github.com/subhasundardass/retui/retui/components/textarea.go:159.23,161.5 1 0
github.com/subhasundardass/retui/retui/components/textarea.go:162.22,163.37 1 0
github.com/subhasundardass/retui/retui/components/textarea.go:163.37,165.5 1 0
github.com/subhasundardass/retui/retui/components/textarea.go:166.27,167.40 1 0
github.com/subhasundardass/retui/retui/components/textarea.go:167.40,170.50 3 0
github.com/subhasundardass/retui/retui/components/textarea.go:170.50,172.6 1 0
github.com/subhasundardass/retui/retui/components/textarea.go:173.5,173.20 1 0
github.com/subhasundardass/retui/retui/components/textarea.go:175.22,176.13 1 0
github.com/subhasundardass/retui/retui/components/textarea.go:177.21,178.29 1 0
github.com/subhasundardass/retui/retui/components/textarea.go:179.24,180.31 1 0
github.com/subhasundardass/retui/retui/components/textarea.go:180.31,183.50 3 0
github.com/subhasundardass/retui/retui/components/textarea.go:183.50,185.6 1 0
github.com/subhasundardass/retui/retui/components/textarea.go:187.23,191.49 3 0
github.com/subhasundardass/retui/retui/components/textarea.go:191.49,193.5 1 0
github.com/subhasundardass/retui/retui/components/textarea.go:194.4,195.49 2 0
github.com/subhasundardass/retui/retui/components/textarea.go:195.49,197.5 1 0
github.com/subhasundardass/retui/retui/components/textarea.go:198.11,199.39 1 0
github.com/subhasundardass/retui/retui/components/textarea.go:199.39,202.50 3 0
github.com/subhasundardass/retui/retui/components/textarea.go:202.50,204.6 1 0
github.com/subhasundardass/retui/retui/components/textarea.go:205.5,205.20 1 0
github.com/subhasundardass/retui/retui/components/textarea.go:211.2,212.47 2 0
github.com/subhasundardass/retui/retui/components/textarea.go:212.47,214.3 1 0
github.com/subhasundardass/retui/retui/components/textarea.go:217.2,220.33 2 0
github.com/subhasundardass/retui/retui/components/textarea.go:220.33,222.3 1 0
github.com/subhasundardass/retui/retui/components/textarea.go:224.2,225.13 2 0
github.com/subhasundardass/retui/retui/components/textarea.go:225.13,227.3 1 0
github.com/subhasundardass/retui/retui/components/textarea.go:227.8,229.3 1 0
github.com/subhasundardass/retui/retui/components/textarea.go:231.2,232.13 2 0
github.com/subhasundardass/retui/retui/components/textarea.go:232.13,234.3 1 0
github.com/subhasundardass/retui/retui/components/textarea.go:236.2,237.13 2 0
github.com/subhasundardass/retui/retui/components/textarea.go:237.13,239.3 1 0
github.com/subhasundardass/retui/retui/components/textarea.go:239.8,241.3 1 0
github.com/subhasundardass/retui/retui/components/textarea.go:244.2,245.42 2 0
github.com/subhasundardass/retui/retui/components/textarea.go:245.42,248.40 2 0
github.com/subhasundardass/retui/retui/components/textarea.go:248.40,250.24 2 0
github.com/subhasundardass/retui/retui/components/textarea.go:250.24,252.5 1 0
github.com/subhasundardass/retui/retui/components/textarea.go:252.10,254.5 1 0
github.com/subhasundardass/retui/retui/components/textarea.go:256.3,256.74 1 0
github.com/subhasundardass/retui/retui/components/textarea.go:259.2,261.25 2 0
github.com/subhasundardass/retui/retui/components/textarea.go:261.25,263.3 1 0
github.com/subhasundardass/retui/retui/components/textarea.go:266.2,284.25 2 0
github.com/subhasundardass/retui/retui/components/textarea.go:284.25,286.3 1 0
github.com/subhasundardass/retui/retui/components/textarea.go:288.2,294.3 1 0
github.com/subhasundardass/retui/retui/components/textarea.go:298.55,299.19 1 0
github.com/subhasundardass/retui/retui/components/textarea.go:299.19,301.3 1 0
github.com/subhasundardass/retui/retui/components/textarea.go:304.2,307.34 3 0
github.com/subhasundardass/retui/retui/components/textarea.go:307.34,308.17 1 0
github.com/subhasundardass/retui/retui/components/textarea.go:308.17,310.12 2 0
github.com/subhasundardass/retui/retui/components/textarea.go:313.3,314.22 2 0
github.com/subhasundardass/retui/retui/components/textarea.go:314.22,316.12 2 0
github.com/subhasundardass/retui/retui/components/textarea.go:319.3,322.30 3 0
github.com/subhasundardass/retui/retui/components/textarea.go:322.30,324.22 2 0
github.com/subhasundardass/retui/retui/components/textarea.go:324.22,327.5 2 0
github.com/subhasundardass/retui/retui/components/textarea.go:327.10,327.48 1 0
github.com/subhasundardass/retui/retui/components/textarea.go:327.48,331.5 3 0
github.com/subhasundardass/retui/retui/components/textarea.go:331.10,336.5 4 0
github.com/subhasundardass/retui/retui/components/textarea.go:339.3,339.21 1 0
github.com/subhasundardass/retui/retui/components/textarea.go:339.21,341.4 1 0
github.com/subhasundardass/retui/retui/components/textarea.go:344.2,344.17 1 0
github.com/subhasundardass/retui/retui/components/tree.go:26.17,34.23 4 0
github.com/subhasundardass/retui/retui/components/tree.go:34.23,36.3 1 0
github.com/subhasundardass/retui/retui/components/tree.go:38.2,38.32 1 0
github.com/subhasundardass/retui/retui/components/tree.go:38.32,41.3 2 0
github.com/subhasundardass/retui/retui/components/tree.go:43.2,46.13 2 0
github.com/subhasundardass/retui/retui/components/tree.go:46.13,47.32 1 0
github.com/subhasundardass/retui/retui/components/tree.go:48.20,49.22 1 0
github.com/subhasundardass/retui/retui/components/tree.go:49.22,51.5 1 0
github.com/subhasundardass/retui/retui/components/tree.go:52.22,53.35 1 0
github.com/subhasundardass/retui/retui/components/tree.go:53.35,55.5 1 0
github.com/subhasundardass/retui/retui/components/tree.go:56.23,57.19 1 0
github.com/subhasundardass/retui/retui/components/tree.go:57.19,58.24 1 0
github.com/subhasundardass/retui/retui/components/tree.go:58.24,60.6 1 0
github.com/subhasundardass/retui/retui/components/tree.go:61.10,63.32 2 0
github.com/subhasundardass/retui/retui/components/tree.go:63.32,65.6 1 0
github.com/subhasundardass/retui/retui/components/tree.go:66.5,69.24 3 0
github.com/subhasundardass/retui/retui/components/tree.go:69.24,71.6 1 0
github.com/subhasundardass/retui/retui/components/tree.go:77.2,79.31 2 0
github.com/subhasundardass/retui/retui/components/tree.go:79.31,84.21 3 0
github.com/subhasundardass/retui/retui/components/tree.go:84.21,85.38 1 0
github.com/subhasundardass/retui/retui/components/tree.go:85.38,87.5 1 0
github.com/subhasundardass/retui/retui/components/tree.go:88.4,88.19 1 0
github.com/subhasundardass/retui/retui/components/tree.go:88.19,90.5 1 0
github.com/subhasundardass/retui/retui/components/tree.go:90.10,92.5 1 0
github.com/subhasundardass/retui/retui/components/tree.go:96.3,99.19 2 0
github.com/subhasundardass/retui/retui/components/tree.go:99.19,102.4 2 0
github.com/subhasundardass/retui/retui/components/tree.go:105.3,106.16 2 0
github.com/subhasundardass/retui/retui/components/tree.go:106.16,108.4 1 0
github.com/subhasundardass/retui/retui/components/tree.go:110.3,117.5 2 0
github.com/subhasundardass/retui/retui/components/tree.go:120.2,124.3 1 0
github.com/subhasundardass/retui/retui/components/tree.go:128.76,132.2 3 0
github.com/subhasundardass/retui/retui/components/tree.go:134.90,135.26 1 0
github.com/subhasundardass/retui/retui/components/tree.go:135.26,137.15 2 0
github.com/subhasundardass/retui/retui/components/tree.go:137.15,139.4 1 0
github.com/subhasundardass/retui/retui/components/tree.go:141.3,149.42 2 0
github.com/subhasundardass/retui/retui/components/tree.go:149.42,151.4 1 0
github.com/subhasundardass/retui/ui/routes.go:21.42,24.2 2 0
github.com/subhasundardass/retui/ui/layout/footer.go:9.46,32.2 2 0
github.com/subhasundardass/retui/ui/layout/header.go:5.46,25.2 2 0
github.com/subhasundardass/retui/ui/layout/layout.go:15.76,17.16 1 0
github.com/subhasundardass/retui/ui/layout/layout.go:17.16,19.3 1 0
github.com/subhasundardass/retui/ui/layout/layout.go:23.2,23.32 1 0
github.com/subhasundardass/retui/ui/layout/layout.go:23.33,25.3 0 0
github.com/subhasundardass/retui/ui/layout/layout.go:26.2,73.14 4 0
github.com/subhasundardass/retui/ui/layout/sidebar.go:79.76,87.52 4 0
github.com/subhasundardass/retui/ui/layout/sidebar.go:87.52,88.30 1 0
github.com/subhasundardass/retui/ui/layout/sidebar.go:88.30,92.30 2 0
github.com/subhasundardass/retui/ui/layout/sidebar.go:92.30,94.5 1 0
github.com/subhasundardass/retui/ui/layout/sidebar.go:97.2,118.21 2 0
github.com/subhasundardass/retui/ui/layout/sidebar.go:118.21,121.25 1 0
github.com/subhasundardass/retui/ui/layout/sidebar.go:121.25,124.7 1 0
github.com/subhasundardass/retui/ui/layout/sidebar.go:126.6,126.20 1 0
github.com/subhasundardass/retui/ui/layout/sidebar.go:126.20,129.7 1 0
github.com/subhasundardass/retui/ui/layout/sidebar.go:131.6,131.19 1 0
github.com/subhasundardass/retui/ui/layout/sidebar.go:131.19,134.7 2 0
github.com/subhasundardass/retui/ui/screens/journal_entry/components.go:23.56,25.2 1 0
github.com/subhasundardass/retui/ui/screens/journal_entry/components.go:28.48,31.2 2 0
github.com/subhasundardass/retui/ui/screens/journal_entry/components.go:34.88,41.2 6 0
github.com/subhasundardass/retui/ui/screens/journal_entry/components.go:44.61,49.2 4 0
github.com/subhasundardass/retui/ui/screens/journal_entry/components.go:52.52,56.2 3 0
github.com/subhasundardass/retui/ui/screens/journal_entry/components.go:58.51,76.32 9 0
github.com/subhasundardass/retui/ui/screens/journal_entry/components.go:76.32,77.32 1 0
github.com/subhasundardass/retui/ui/screens/journal_entry/components.go:78.24,79.29 1 0
github.com/subhasundardass/retui/ui/screens/journal_entry/components.go:80.22,81.49 1 0
github.com/subhasundardass/retui/ui/screens/journal_entry/components.go:82.20,83.63 1 0
github.com/subhasundardass/retui/ui/screens/journal_entry/components.go:85.21,85.21 0 0
github.com/subhasundardass/retui/ui/screens/journal_entry/components.go:88.20,92.27 3 0
github.com/subhasundardass/retui/ui/screens/journal_entry/components.go:93.23,95.23 1 0
github.com/subhasundardass/retui/ui/screens/journal_entry/components.go:95.23,99.37 4 0
github.com/subhasundardass/retui/ui/screens/journal_entry/components.go:99.37,109.32 5 0
github.com/subhasundardass/retui/ui/screens/journal_entry/components.go:109.32,111.7 1 0
github.com/subhasundardass/retui/ui/screens/journal_entry/components.go:112.6,112.22 1 0
github.com/subhasundardass/retui/ui/screens/journal_entry/components.go:112.22,114.7 1 0
github.com/subhasundardass/retui/ui/screens/journal_entry/components.go:115.6,115.29 1 0
github.com/subhasundardass/retui/ui/screens/journal_entry/components.go:120.2,120.34 1 0
github.com/subhasundardass/retui/ui/screens/journal_entry/components.go:120.34,120.80 1 0
github.com/subhasundardass/retui/ui/screens/journal_entry/components.go:124.2,162.3 2 0
github.com/subhasundardass/retui/ui/screens/journal_entry/components.go:171.17,194.45 1 0
github.com/subhasundardass/retui/ui/screens/journal_entry/components.go:194.45,194.62 1 0
github.com/subhasundardass/retui/ui/screens/journal_entry/components.go:211.38,213.7 1 0
github.com/subhasundardass/retui/ui/screens/journal_entry/components.go:231.45,231.69 1 0
github.com/subhasundardass/retui/ui/screens/journal_entry/components.go:249.45,249.69 1 0
github.com/subhasundardass/retui/ui/screens/journal_entry/components.go:259.54,260.24 1 0
github.com/subhasundardass/retui/ui/screens/journal_entry/components.go:260.24,262.3 1 0
github.com/subhasundardass/retui/ui/screens/journal_entry/components.go:263.2,263.46 1 0
github.com/subhasundardass/retui/ui/screens/journal_entry/components.go:271.19,298.23 4 0
github.com/subhasundardass/retui/ui/screens/journal_entry/components.go:298.23,310.43 4 0
github.com/subhasundardass/retui/ui/screens/journal_entry/components.go:310.43,311.56 1 0
github.com/subhasundardass/retui/ui/screens/journal_entry/components.go:311.56,311.80 1 0
github.com/subhasundardass/retui/ui/screens/journal_entry/components.go:315.3,322.43 1 0
github.com/subhasundardass/retui/ui/screens/journal_entry/components.go:322.43,323.56 1 0
github.com/subhasundardass/retui/ui/screens/journal_entry/components.go:323.56,323.75 1 0
github.com/subhasundardass/retui/ui/screens/journal_entry/components.go:327.3,334.43 1 0
github.com/subhasundardass/retui/ui/screens/journal_entry/components.go:334.43,335.56 1 0
github.com/subhasundardass/retui/ui/screens/journal_entry/components.go:335.56,335.76 1 0
github.com/subhasundardass/retui/ui/screens/journal_entry/components.go:339.3,346.43 1 0
github.com/subhasundardass/retui/ui/screens/journal_entry/components.go:346.43,347.56 1 0
github.com/subhasundardass/retui/ui/screens/journal_entry/components.go:347.56,347.77 1 0
github.com/subhasundardass/retui/ui/screens/journal_entry/components.go:351.3,368.5 2 0
github.com/subhasundardass/retui/ui/screens/journal_entry/components.go:372.2,372.13 1 0
github.com/subhasundardass/retui/ui/screens/journal_entry/components.go:376.93,377.29 1 0
github.com/subhasundardass/retui/ui/screens/journal_entry/components.go:377.29,378.63 1 0
github.com/subhasundardass/retui/ui/screens/journal_entry/components.go:378.63,380.4 1 0
github.com/subhasundardass/retui/ui/screens/journal_entry/components.go:381.3,381.65 1 0
github.com/subhasundardass/retui/ui/screens/journal_entry/components.go:381.65,383.4 1 0
github.com/subhasundardass/retui/ui/screens/journal_entry/components.go:385.2,385.8 1 0
github.com/subhasundardass/retui/ui/screens/journal_entry/components.go:388.64,444.23 3 0
github.com/subhasundardass/retui/ui/screens/journal_entry/components.go:444.23,446.17 2 0
github.com/subhasundardass/retui/ui/screens/journal_entry/components.go:446.17,448.6 1 0
github.com/subhasundardass/retui/ui/screens/journal_entry/components.go:449.5,449.39 1 0
github.com/subhasundardass/retui/ui/screens/journal_entry/controller.go:22.93,32.2 1 0
github.com/subhasundardass/retui/ui/screens/journal_entry/controller.go:34.39,36.2 1 0
github.com/subhasundardass/retui/ui/screens/journal_entry/screen.go:9.71,11.46 1 0
github.com/subhasundardass/retui/ui/screens/journal_entry/screen.go:11.46,15.3 3 0
github.com/subhasundardass/retui/ui/screens/journal_entry/screen.go:17.2,21.34 4 0
github.com/subhasundardass/retui/ui/screens/ledger/components.go:15.56,17.2 1 0
github.com/subhasundardass/retui/ui/screens/ledger/components.go:19.51,23.19 3 0
github.com/subhasundardass/retui/ui/screens/ledger/components.go:23.19,24.44 1 0
github.com/subhasundardass/retui/ui/screens/ledger/components.go:24.44,26.4 1 0
github.com/subhasundardass/retui/ui/screens/ledger/components.go:29.2,34.32 4 0
github.com/subhasundardass/retui/ui/screens/ledger/components.go:34.32,40.3 3 0
github.com/subhasundardass/retui/ui/screens/ledger/components.go:42.2,43.29 2 0
github.com/subhasundardass/retui/ui/screens/ledger/components.go:43.29,45.28 2 0
github.com/subhasundardass/retui/ui/screens/ledger/components.go:45.28,47.4 1 0
github.com/subhasundardass/retui/ui/screens/ledger/components.go:49.3,59.4 1 0
github.com/subhasundardass/retui/ui/screens/ledger/components.go:62.2,67.3 1 0
github.com/subhasundardass/retui/ui/screens/ledger/components.go:70.65,73.21 2 0
github.com/subhasundardass/retui/ui/screens/ledger/components.go:73.21,75.3 1 0
github.com/subhasundardass/retui/ui/screens/ledger/components.go:77.2,88.3 1 0
github.com/subhasundardass/retui/ui/screens/ledger/components.go:95.17,117.24 1 0
github.com/subhasundardass/retui/ui/screens/ledger/components.go:117.24,119.4 1 0
github.com/subhasundardass/retui/ui/screens/ledger/components.go:122.2,122.12 1 0
github.com/subhasundardass/retui/ui/screens/ledger/controller.go:27.92,37.2 1 0
github.com/subhasundardass/retui/ui/screens/ledger/controller.go:39.39,41.2 1 0
github.com/subhasundardass/retui/ui/screens/ledger/controller.go:44.60,51.17 2 0
github.com/subhasundardass/retui/ui/screens/ledger/controller.go:51.17,53.3 1 0
github.com/subhasundardass/retui/ui/screens/ledger/controller.go:53.8,55.3 1 0
github.com/subhasundardass/retui/ui/screens/ledger/controller.go:57.2,57.16 1 0
github.com/subhasundardass/retui/ui/screens/ledger/controller.go:57.16,60.3 2 0
github.com/subhasundardass/retui/ui/screens/ledger/controller.go:63.2,66.16 3 0
github.com/subhasundardass/retui/ui/screens/ledger/screen.go:9.71,11.46 1 0
github.com/subhasundardass/retui/ui/screens/ledger/screen.go:11.46,15.3 3 0
github.com/subhasundardass/retui/ui/screens/ledger/screen.go:17.2,21.34 4 0
github.com/subhasundardass/retui/ui/screens/ledger_group/components.go:14.56,19.2 1 0
github.com/subhasundardass/retui/ui/screens/ledger_group/components.go:21.51,29.28 5 0
github.com/subhasundardass/retui/ui/screens/ledger_group/components.go:29.28,31.3 1 0
github.com/subhasundardass/retui/ui/screens/ledger_group/components.go:33.2,47.31 2 0
github.com/subhasundardass/retui/ui/screens/ledger_group/components.go:48.19,53.32 5 0
github.com/subhasundardass/retui/ui/screens/ledger_group/components.go:57.2,67.24 1 0
github.com/subhasundardass/retui/ui/screens/ledger_group/components.go:67.24,71.47 3 0
github.com/subhasundardass/retui/ui/screens/ledger_group/components.go:71.47,74.5 2 0
github.com/subhasundardass/retui/ui/screens/ledger_group/components.go:77.2,82.3 1 0
github.com/subhasundardass/retui/ui/screens/ledger_group/controller.go:27.97,32.2 1 0
github.com/subhasundardass/retui/ui/screens/ledger_group/controller.go:34.55,43.16 2 0
github.com/subhasundardass/retui/ui/screens/ledger_group/controller.go:43.16,47.3 3 0
github.com/subhasundardass/retui/ui/screens/ledger_group/controller.go:52.2,52.13 1 0
github.com/subhasundardass/retui/ui/screens/ledger_group/controller.go:55.47,58.2 2 0
github.com/subhasundardass/retui/ui/screens/ledger_group/controller.go:60.56,63.22 1 0
github.com/subhasundardass/retui/ui/screens/ledger_group/controller.go:63.22,66.3 2 0
github.com/subhasundardass/retui/ui/screens/ledger_group/controller.go:67.2,67.22 1 0
github.com/subhasundardass/retui/ui/screens/ledger_group/controller.go:67.23,69.3 0 0
github.com/subhasundardass/retui/ui/screens/ledger_group/edit_group.go:21.74,23.2 1 0
github.com/subhasundardass/retui/ui/screens/ledger_group/edit_group.go:26.86,37.35 2 0
github.com/subhasundardass/retui/ui/screens/ledger_group/edit_group.go:37.35,39.3 1 0
github.com/subhasundardass/retui/ui/screens/ledger_group/edit_group.go:42.2,50.40 2 0
github.com/subhasundardass/retui/ui/screens/ledger_group/edit_group.go:50.40,51.19 1 0
github.com/subhasundardass/retui/ui/screens/ledger_group/edit_group.go:52.24,54.15 2 0
github.com/subhasundardass/retui/ui/screens/ledger_group/edit_group.go:55.22,57.15 2 0
github.com/subhasundardass/retui/ui/screens/ledger_group/edit_group.go:58.20,60.15 2 0
github.com/subhasundardass/retui/ui/screens/ledger_group/edit_group.go:63.3,63.15 1 0
github.com/subhasundardass/retui/ui/screens/ledger_group/edit_group.go:66.2,66.10 1 0
github.com/subhasundardass/retui/ui/screens/ledger_group/edit_group.go:79.108,80.34 1 0
github.com/subhasundardass/retui/ui/screens/ledger_group/edit_group.go:80.34,80.68 1 0
github.com/subhasundardass/retui/ui/screens/ledger_group/edit_group.go:83.2,84.34 1 0
github.com/subhasundardass/retui/ui/screens/ledger_group/edit_group.go:84.34,84.56 1 0
github.com/subhasundardass/retui/ui/screens/ledger_group/edit_group.go:85.34,85.56 1 0
github.com/subhasundardass/retui/ui/screens/ledger_group/edit_group.go:86.41,86.70 1 0
github.com/subhasundardass/retui/ui/screens/ledger_group/edit_group.go:91.2,104.28 1 0
github.com/subhasundardass/retui/ui/screens/ledger_group/edit_group.go:104.28,107.5 1 0
github.com/subhasundardass/retui/ui/screens/ledger_group/edit_group.go:111.2,131.3 1 0
github.com/subhasundardass/retui/ui/screens/ledger_group/edit_group.go:140.17,168.45 1 0
github.com/subhasundardass/retui/ui/screens/ledger_group/edit_group.go:168.45,170.7 1 0
github.com/subhasundardass/retui/ui/screens/ledger_group/edit_group.go:193.45,195.7 1 0
github.com/subhasundardass/retui/ui/screens/ledger_group/edit_group.go:218.45,220.7 1 0
github.com/subhasundardass/retui/ui/screens/ledger_group/screen.go:10.71,12.74 1 0
github.com/subhasundardass/retui/ui/screens/ledger_group/screen.go:12.74,16.3 2 0
github.com/subhasundardass/retui/ui/screens/ledger_group/screen.go:18.2,22.34 4 0
