mode: atomic
github.com/subhasundardass/retui/retui/elements.go:29.65,31.25 2 717
github.com/subhasundardass/retui/retui/elements.go:31.25,33.3 1 314
github.com/subhasundardass/retui/retui/elements.go:34.2,35.26 2 717
github.com/subhasundardass/retui/retui/elements.go:35.26,37.3 1 671
github.com/subhasundardass/retui/retui/elements.go:39.2,66.3 1 717
github.com/subhasundardass/retui/retui/elements.go:69.45,75.2 1 1258
github.com/subhasundardass/retui/retui/elements.go:80.54,86.2 1 0
github.com/subhasundardass/retui/retui/elements.go:92.52,99.2 1 0
github.com/subhasundardass/retui/retui/elements.go:105.67,106.15 1 0
github.com/subhasundardass/retui/retui/elements.go:106.15,108.3 1 0
github.com/subhasundardass/retui/retui/elements.go:109.2,109.16 1 0
github.com/subhasundardass/retui/retui/elements.go:113.58,114.15 1 0
github.com/subhasundardass/retui/retui/elements.go:114.15,116.3 1 0
github.com/subhasundardass/retui/retui/elements.go:117.2,117.15 1 0
github.com/subhasundardass/retui/retui/elements.go:123.53,132.2 3 0
github.com/subhasundardass/retui/retui/elements.go:142.53,149.2 1 4
github.com/subhasundardass/retui/retui/elements.go:152.22,154.2 1 0
github.com/subhasundardass/retui/retui/elements.go:158.23,166.2 1 0
github.com/subhasundardass/retui/retui/focus.go:73.38,81.2 1 1
github.com/subhasundardass/retui/retui/focus.go:100.49,104.36 3 0
github.com/subhasundardass/retui/retui/focus.go:104.36,106.3 1 0
github.com/subhasundardass/retui/retui/focus.go:108.2,109.13 2 0
github.com/subhasundardass/retui/retui/focus.go:115.41,119.2 3 0
github.com/subhasundardass/retui/retui/focus.go:128.50,132.2 3 0
github.com/subhasundardass/retui/retui/focus.go:148.62,151.14 3 0
github.com/subhasundardass/retui/retui/focus.go:151.14,153.3 1 0
github.com/subhasundardass/retui/retui/focus.go:153.8,155.3 1 0
github.com/subhasundardass/retui/retui/focus.go:156.2,156.14 1 0
github.com/subhasundardass/retui/retui/focus.go:156.14,158.3 1 0
github.com/subhasundardass/retui/retui/focus.go:159.2,161.13 2 0
github.com/subhasundardass/retui/retui/focus.go:161.13,163.3 1 0
github.com/subhasundardass/retui/retui/focus.go:167.51,171.2 3 0
github.com/subhasundardass/retui/retui/focus.go:183.58,186.12 3 0
github.com/subhasundardass/retui/retui/focus.go:186.12,188.3 1 0
github.com/subhasundardass/retui/retui/focus.go:188.8,190.3 1 0
github.com/subhasundardass/retui/retui/focus.go:191.2,191.12 1 0
github.com/subhasundardass/retui/retui/focus.go:191.12,193.3 1 0
github.com/subhasundardass/retui/retui/focus.go:194.2,196.13 2 0
github.com/subhasundardass/retui/retui/focus.go:196.13,198.3 1 0
github.com/subhasundardass/retui/retui/focus.go:202.49,206.2 3 0
github.com/subhasundardass/retui/retui/focus.go:218.62,221.14 3 0
github.com/subhasundardass/retui/retui/focus.go:221.14,223.3 1 0
github.com/subhasundardass/retui/retui/focus.go:223.8,225.3 1 0
github.com/subhasundardass/retui/retui/focus.go:226.2,228.13 2 0
github.com/subhasundardass/retui/retui/focus.go:228.13,230.3 1 0
github.com/subhasundardass/retui/retui/focus.go:234.51,238.2 3 0
github.com/subhasundardass/retui/retui/focus.go:244.53,245.21 1 0
github.com/subhasundardass/retui/retui/focus.go:245.21,247.3 1 0
github.com/subhasundardass/retui/retui/focus.go:249.2,249.21 1 0
github.com/subhasundardass/retui/retui/focus.go:249.21,251.3 1 0
github.com/subhasundardass/retui/retui/focus.go:254.2,255.18 2 0
github.com/subhasundardass/retui/retui/focus.go:260.52,262.2 1 0
github.com/subhasundardass/retui/retui/focus.go:268.80,269.23 1 0
github.com/subhasundardass/retui/retui/focus.go:269.23,271.3 1 0
github.com/subhasundardass/retui/retui/focus.go:273.2,274.13 2 0
github.com/subhasundardass/retui/retui/focus.go:274.13,276.3 1 0
github.com/subhasundardass/retui/retui/focus.go:278.2,278.37 1 0
github.com/subhasundardass/retui/retui/focus.go:278.37,280.20 2 0
github.com/subhasundardass/retui/retui/focus.go:280.20,282.4 1 0
github.com/subhasundardass/retui/retui/focus.go:283.3,284.24 2 0
github.com/subhasundardass/retui/retui/focus.go:284.24,286.4 1 0
github.com/subhasundardass/retui/retui/focus.go:289.2,289.11 1 0
github.com/subhasundardass/retui/retui/focus.go:309.55,312.27 2 0
github.com/subhasundardass/retui/retui/focus.go:312.27,313.15 1 0
github.com/subhasundardass/retui/retui/focus.go:313.15,315.4 1 0
github.com/subhasundardass/retui/retui/focus.go:316.3,316.15 1 0
github.com/subhasundardass/retui/retui/focus.go:316.15,318.4 1 0
github.com/subhasundardass/retui/retui/focus.go:319.3,319.18 1 0
github.com/subhasundardass/retui/retui/focus.go:322.2,325.12 4 0
github.com/subhasundardass/retui/retui/focus.go:339.38,344.21 3 0
github.com/subhasundardass/retui/retui/focus.go:344.21,346.3 1 0
github.com/subhasundardass/retui/retui/focus.go:348.2,348.23 1 0
github.com/subhasundardass/retui/retui/focus.go:348.23,350.3 1 0
github.com/subhasundardass/retui/retui/focus.go:352.2,353.13 2 0
github.com/subhasundardass/retui/retui/focus.go:353.13,355.75 1 0
github.com/subhasundardass/retui/retui/focus.go:355.75,357.4 1 0
github.com/subhasundardass/retui/retui/focus.go:358.3,358.19 1 0
github.com/subhasundardass/retui/retui/focus.go:361.2,362.16 2 0
github.com/subhasundardass/retui/retui/focus.go:362.16,364.3 1 0
github.com/subhasundardass/retui/retui/focus.go:365.2,365.18 1 0
github.com/subhasundardass/retui/retui/focus.go:379.38,384.21 3 0
github.com/subhasundardass/retui/retui/focus.go:384.21,386.3 1 0
github.com/subhasundardass/retui/retui/focus.go:388.2,388.23 1 0
github.com/subhasundardass/retui/retui/focus.go:388.23,390.3 1 0
github.com/subhasundardass/retui/retui/focus.go:392.2,393.13 2 0
github.com/subhasundardass/retui/retui/focus.go:393.13,395.62 1 0
github.com/subhasundardass/retui/retui/focus.go:395.62,397.4 1 0
github.com/subhasundardass/retui/retui/focus.go:398.3,398.19 1 0
github.com/subhasundardass/retui/retui/focus.go:401.2,402.16 2 0
github.com/subhasundardass/retui/retui/focus.go:402.16,404.3 1 0
github.com/subhasundardass/retui/retui/focus.go:405.2,405.18 1 0
github.com/subhasundardass/retui/retui/focus.go:409.47,410.28 1 0
github.com/subhasundardass/retui/retui/focus.go:410.28,411.14 1 0
github.com/subhasundardass/retui/retui/focus.go:411.14,413.4 1 0
github.com/subhasundardass/retui/retui/focus.go:415.2,415.11 1 0
github.com/subhasundardass/retui/retui/focus.go:438.45,442.21 3 0
github.com/subhasundardass/retui/retui/focus.go:442.21,444.3 1 0
github.com/subhasundardass/retui/retui/focus.go:446.2,450.16 2 0
github.com/subhasundardass/retui/retui/focus.go:466.42,470.23 3 0
github.com/subhasundardass/retui/retui/focus.go:470.23,472.3 1 0
github.com/subhasundardass/retui/retui/focus.go:475.2,479.30 4 0
github.com/subhasundardass/retui/retui/focus.go:479.30,480.60 1 0
github.com/subhasundardass/retui/retui/focus.go:480.60,482.4 1 0
github.com/subhasundardass/retui/retui/focus.go:485.2,485.18 1 0
github.com/subhasundardass/retui/retui/focus.go:507.48,511.36 3 0
github.com/subhasundardass/retui/retui/focus.go:511.36,513.3 1 0
github.com/subhasundardass/retui/retui/focus.go:515.2,515.16 1 0
github.com/subhasundardass/retui/retui/focus.go:524.39,528.2 3 0
github.com/subhasundardass/retui/retui/focus.go:533.44,537.2 3 0
github.com/subhasundardass/retui/retui/focus.go:546.51,550.2 3 0
github.com/subhasundardass/retui/retui/focus.go:603.79,605.20 2 13
github.com/subhasundardass/retui/retui/focus.go:605.20,607.3 1 13
github.com/subhasundardass/retui/retui/focus.go:611.2,611.41 1 0
github.com/subhasundardass/retui/retui/focus.go:611.41,613.3 1 0
github.com/subhasundardass/retui/retui/focus.go:616.2,616.49 1 0
github.com/subhasundardass/retui/retui/focus.go:616.49,617.30 1 0
github.com/subhasundardass/retui/retui/focus.go:617.30,619.4 1 0
github.com/subhasundardass/retui/retui/focus.go:620.8,622.17 1 0
github.com/subhasundardass/retui/retui/focus.go:622.17,624.4 1 0
github.com/subhasundardass/retui/retui/focus.go:628.2,628.18 1 0
github.com/subhasundardass/retui/retui/focus.go:628.18,630.3 1 0
github.com/subhasundardass/retui/retui/focus.go:632.2,633.18 2 0
github.com/subhasundardass/retui/retui/focus.go:644.31,646.2 1 0
github.com/subhasundardass/retui/retui/focus.go:649.28,651.2 1 0
github.com/subhasundardass/retui/retui/focus.go:654.32,656.2 1 0
github.com/subhasundardass/retui/retui/focus.go:659.42,661.2 1 0
github.com/subhasundardass/retui/retui/focus.go:664.18,666.2 1 0
github.com/subhasundardass/retui/retui/focus.go:669.18,671.2 1 0
github.com/subhasundardass/retui/retui/focus.go:674.27,676.2 1 0
github.com/subhasundardass/retui/retui/focus.go:679.17,681.2 1 0
github.com/subhasundardass/retui/retui/focus.go:684.30,686.2 1 0
github.com/subhasundardass/retui/retui/focus.go:689.21,691.2 1 0
github.com/subhasundardass/retui/retui/focus.go:694.29,696.2 1 0
github.com/subhasundardass/retui/retui/focus.go:699.38,701.2 1 0
github.com/subhasundardass/retui/retui/focus.go:704.44,706.2 1 0
github.com/subhasundardass/retui/retui/focus.go:709.33,711.2 1 0
github.com/subhasundardass/retui/retui/focus.go:714.40,716.2 1 0
github.com/subhasundardass/retui/retui/focus.go:719.31,721.2 1 0
github.com/subhasundardass/retui/retui/focus.go:724.44,726.2 1 0
github.com/subhasundardass/retui/retui/focus.go:729.33,731.2 1 0
github.com/subhasundardass/retui/retui/form.go:45.41,48.22 2 0
github.com/subhasundardass/retui/retui/form.go:48.22,55.3 1 0
github.com/subhasundardass/retui/retui/form.go:57.2,57.18 1 0
github.com/subhasundardass/retui/retui/form.go:64.22,66.15 2 0
github.com/subhasundardass/retui/retui/form.go:66.15,68.3 1 0
github.com/subhasundardass/retui/retui/form.go:69.2,69.18 1 0
github.com/subhasundardass/retui/retui/form.go:77.30,81.2 3 0
github.com/subhasundardass/retui/retui/form.go:85.34,87.36 2 0
github.com/subhasundardass/retui/retui/form.go:87.36,90.3 2 0
github.com/subhasundardass/retui/retui/form.go:91.2,96.15 5 0
github.com/subhasundardass/retui/retui/form.go:96.15,98.3 1 0
github.com/subhasundardass/retui/retui/form.go:99.2,99.17 1 0
github.com/subhasundardass/retui/retui/form.go:114.40,116.36 2 0
github.com/subhasundardass/retui/retui/form.go:116.36,119.3 2 0
github.com/subhasundardass/retui/retui/form.go:120.2,123.17 3 0
github.com/subhasundardass/retui/retui/form.go:129.64,131.32 2 0
github.com/subhasundardass/retui/retui/form.go:131.32,133.3 1 0
github.com/subhasundardass/retui/retui/form.go:134.2,135.22 2 0
github.com/subhasundardass/retui/retui/form.go:135.22,137.3 1 0
github.com/subhasundardass/retui/retui/form.go:138.2,138.21 1 0
github.com/subhasundardass/retui/retui/form.go:138.21,140.3 1 0
github.com/subhasundardass/retui/retui/form.go:141.2,141.19 1 0
github.com/subhasundardass/retui/retui/form.go:153.58,157.16 3 0
github.com/subhasundardass/retui/retui/form.go:157.16,160.3 2 0
github.com/subhasundardass/retui/retui/form.go:162.2,163.43 2 0
github.com/subhasundardass/retui/retui/form.go:163.43,166.3 2 0
github.com/subhasundardass/retui/retui/form.go:168.2,175.15 7 0
github.com/subhasundardass/retui/retui/form.go:175.15,177.3 1 0
github.com/subhasundardass/retui/retui/form.go:178.2,179.12 2 0
github.com/subhasundardass/retui/retui/form.go:187.64,191.16 3 0
github.com/subhasundardass/retui/retui/form.go:191.16,194.3 2 0
github.com/subhasundardass/retui/retui/form.go:196.2,197.43 2 0
github.com/subhasundardass/retui/retui/form.go:197.43,200.3 2 0
github.com/subhasundardass/retui/retui/form.go:202.2,206.12 4 0
github.com/subhasundardass/retui/retui/form.go:211.50,216.32 4 0
github.com/subhasundardass/retui/retui/form.go:216.32,218.3 1 0
github.com/subhasundardass/retui/retui/form.go:219.2,220.22 2 0
github.com/subhasundardass/retui/retui/form.go:220.22,222.3 1 0
github.com/subhasundardass/retui/retui/form.go:223.2,223.32 1 0
github.com/subhasundardass/retui/retui/form.go:232.34,236.2 3 0
github.com/subhasundardass/retui/retui/form.go:241.45,245.2 3 0
github.com/subhasundardass/retui/retui/form.go:250.44,254.2 3 0
github.com/subhasundardass/retui/retui/form.go:258.27,266.2 7 0
github.com/subhasundardass/retui/retui/form.go:275.35,282.13 6 0
github.com/subhasundardass/retui/retui/form.go:282.13,284.3 1 0
github.com/subhasundardass/retui/retui/form.go:290.40,294.2 3 0
github.com/subhasundardass/retui/retui/form.go:302.52,304.16 2 0
github.com/subhasundardass/retui/retui/form.go:304.16,306.3 1 0
github.com/subhasundardass/retui/retui/form.go:306.8,308.3 1 0
github.com/subhasundardass/retui/retui/form.go:309.2,310.17 2 0
github.com/subhasundardass/retui/retui/form.go:314.44,318.2 3 0
github.com/subhasundardass/retui/retui/form.go:321.45,325.29 4 0
github.com/subhasundardass/retui/retui/form.go:325.29,327.3 1 0
github.com/subhasundardass/retui/retui/form.go:328.2,328.12 1 0
github.com/subhasundardass/retui/retui/form.go:332.34,336.2 3 0
github.com/subhasundardass/retui/retui/form.go:341.62,348.2 6 0
github.com/subhasundardass/retui/retui/form.go:358.50,360.23 2 0
github.com/subhasundardass/retui/retui/form.go:360.23,364.3 3 0
github.com/subhasundardass/retui/retui/form.go:365.2,368.33 3 0
github.com/subhasundardass/retui/retui/form.go:368.33,370.3 1 0
github.com/subhasundardass/retui/retui/form.go:372.2,373.12 2 0
github.com/subhasundardass/retui/retui/hooks.go:91.20,99.2 4 0
github.com/subhasundardass/retui/retui/hooks.go:111.24,114.28 3 0
github.com/subhasundardass/retui/retui/hooks.go:114.28,115.23 1 0
github.com/subhasundardass/retui/retui/hooks.go:115.23,117.4 1 0
github.com/subhasundardass/retui/retui/hooks.go:129.29,135.2 5 0
github.com/subhasundardass/retui/retui/hooks.go:150.23,161.2 8 0
github.com/subhasundardass/retui/retui/hooks.go:184.46,193.23 4 369
github.com/subhasundardass/retui/retui/hooks.go:193.23,195.3 1 369
github.com/subhasundardass/retui/retui/hooks.go:195.8,198.35 1 0
github.com/subhasundardass/retui/retui/hooks.go:198.35,200.4 1 0
github.com/subhasundardass/retui/retui/hooks.go:202.2,205.25 3 369
github.com/subhasundardass/retui/retui/hooks.go:205.25,209.16 4 53
github.com/subhasundardass/retui/retui/hooks.go:209.16,211.4 1 53
github.com/subhasundardass/retui/retui/hooks.go:214.2,214.24 1 369
github.com/subhasundardass/retui/retui/hooks.go:232.63,237.43 3 22
github.com/subhasundardass/retui/retui/hooks.go:237.43,239.3 1 2
github.com/subhasundardass/retui/retui/hooks.go:240.2,243.25 3 22
github.com/subhasundardass/retui/retui/hooks.go:243.25,247.16 4 0
github.com/subhasundardass/retui/retui/hooks.go:247.16,249.4 1 0
github.com/subhasundardass/retui/retui/hooks.go:252.2,252.24 1 22
github.com/subhasundardass/retui/retui/hooks.go:278.77,283.23 4 0
github.com/subhasundardass/retui/retui/hooks.go:283.23,285.3 1 0
github.com/subhasundardass/retui/retui/hooks.go:285.8,285.41 1 0
github.com/subhasundardass/retui/retui/hooks.go:285.41,287.3 1 0
github.com/subhasundardass/retui/retui/hooks.go:288.2,291.29 3 0
github.com/subhasundardass/retui/retui/hooks.go:291.29,300.16 7 0
github.com/subhasundardass/retui/retui/hooks.go:300.16,302.4 1 0
github.com/subhasundardass/retui/retui/hooks.go:303.3,303.19 1 0
github.com/subhasundardass/retui/retui/hooks.go:306.2,306.26 1 0
github.com/subhasundardass/retui/retui/hooks.go:330.53,334.22 3 0
github.com/subhasundardass/retui/retui/hooks.go:334.22,336.72 2 0
github.com/subhasundardass/retui/retui/hooks.go:336.72,338.4 1 0
github.com/subhasundardass/retui/retui/hooks.go:341.2,343.23 2 0
github.com/subhasundardass/retui/retui/hooks.go:343.23,345.3 1 0
github.com/subhasundardass/retui/retui/hooks.go:345.8,347.3 1 0
github.com/subhasundardass/retui/retui/hooks.go:349.2,349.15 1 0
github.com/subhasundardass/retui/retui/hooks.go:372.26,376.2 3 0
github.com/subhasundardass/retui/retui/hooks.go:380.27,384.2 3 0
github.com/subhasundardass/retui/retui/hooks.go:392.39,399.23 5 0
github.com/subhasundardass/retui/retui/hooks.go:399.23,403.3 3 0
github.com/subhasundardass/retui/retui/hooks.go:405.2,405.39 1 0
github.com/subhasundardass/retui/retui/hooks.go:405.39,407.3 1 0
github.com/subhasundardass/retui/retui/hooks.go:410.2,412.10 3 0
github.com/subhasundardass/retui/retui/hooks.go:445.46,449.25 3 0
github.com/subhasundardass/retui/retui/hooks.go:449.25,452.3 2 0
github.com/subhasundardass/retui/retui/hooks.go:454.2,455.37 2 0
github.com/subhasundardass/retui/retui/hooks.go:455.37,459.3 3 0
github.com/subhasundardass/retui/retui/hooks.go:474.19,486.56 4 0
github.com/subhasundardass/retui/retui/hooks.go:486.56,487.23 1 0
github.com/subhasundardass/retui/retui/hooks.go:487.23,494.4 2 0
github.com/subhasundardass/retui/retui/hooks.go:498.2,499.33 2 0
github.com/subhasundardass/retui/retui/hooks.go:499.33,500.48 1 0
github.com/subhasundardass/retui/retui/hooks.go:500.48,501.33 1 0
github.com/subhasundardass/retui/retui/hooks.go:501.33,503.5 1 0
github.com/subhasundardass/retui/retui/hooks.go:505.3,505.35 1 0
github.com/subhasundardass/retui/retui/hooks.go:513.2,513.30 1 0
github.com/subhasundardass/retui/retui/hooks.go:513.30,515.3 1 0
github.com/subhasundardass/retui/retui/hooks.go:516.2,516.30 1 0
github.com/subhasundardass/retui/retui/hooks.go:516.30,518.3 1 0
github.com/subhasundardass/retui/retui/hooks.go:519.2,522.25 2 0
github.com/subhasundardass/retui/retui/hooks.go:522.25,527.27 4 0
github.com/subhasundardass/retui/retui/hooks.go:527.27,530.4 2 0
github.com/subhasundardass/retui/retui/hooks.go:531.3,531.19 1 0
github.com/subhasundardass/retui/retui/hooks.go:534.2,534.33 1 0
github.com/subhasundardass/retui/retui/hooks.go:534.33,536.3 1 0
github.com/subhasundardass/retui/retui/hooks.go:566.55,568.2 1 0
github.com/subhasundardass/retui/retui/hooks.go:572.70,574.15 2 0
github.com/subhasundardass/retui/retui/hooks.go:574.15,574.53 1 0
github.com/subhasundardass/retui/retui/hooks.go:575.2,575.17 1 0
github.com/subhasundardass/retui/retui/hooks.go:579.41,580.23 1 0
github.com/subhasundardass/retui/retui/hooks.go:580.23,582.3 1 0
github.com/subhasundardass/retui/retui/hooks.go:583.2,583.32 1 0
github.com/subhasundardass/retui/retui/hooks.go:597.28,611.2 11 0
github.com/subhasundardass/retui/retui/hooks.go:620.33,621.22 1 0
github.com/subhasundardass/retui/retui/hooks.go:621.22,623.3 1 0
github.com/subhasundardass/retui/retui/hooks.go:624.2,624.19 1 0
github.com/subhasundardass/retui/retui/hooks.go:624.19,625.33 1 0
github.com/subhasundardass/retui/retui/hooks.go:625.33,627.4 1 0
github.com/subhasundardass/retui/retui/hooks.go:629.2,629.13 1 0
github.com/subhasundardass/retui/retui/hooks.go:632.43,633.15 1 0
github.com/subhasundardass/retui/retui/hooks.go:633.15,634.31 1 0
github.com/subhasundardass/retui/retui/hooks.go:634.31,636.4 1 0
github.com/subhasundardass/retui/retui/hooks.go:638.2,638.32 1 0
github.com/subhasundardass/retui/retui/hooks.go:641.26,642.15 1 0
github.com/subhasundardass/retui/retui/hooks.go:642.15,644.3 1 0
github.com/subhasundardass/retui/retui/hooks.go:645.2,645.15 1 0
github.com/subhasundardass/retui/retui/hooks.go:645.15,645.28 1 0
github.com/subhasundardass/retui/retui/hooks.go:646.2,646.6 1 0
github.com/subhasundardass/retui/retui/hooks.go:649.51,650.15 1 0
github.com/subhasundardass/retui/retui/hooks.go:650.15,652.3 1 0
github.com/subhasundardass/retui/retui/hooks.go:653.2,653.15 1 0
github.com/subhasundardass/retui/retui/hooks.go:653.15,653.28 1 0
github.com/subhasundardass/retui/retui/hooks.go:654.2,654.13 1 0
github.com/subhasundardass/retui/retui/key.go:117.29,118.17 1 0
github.com/subhasundardass/retui/retui/key.go:118.17,120.3 1 0
github.com/subhasundardass/retui/retui/key.go:124.2,124.48 1 0
github.com/subhasundardass/retui/retui/key.go:124.48,125.15 1 0
github.com/subhasundardass/retui/retui/key.go:127.12,128.27 1 0
github.com/subhasundardass/retui/retui/key.go:129.12,130.29 1 0
github.com/subhasundardass/retui/retui/key.go:131.12,132.30 1 0
github.com/subhasundardass/retui/retui/key.go:133.12,134.29 1 0
github.com/subhasundardass/retui/retui/key.go:135.12,136.33 1 0
github.com/subhasundardass/retui/retui/key.go:139.12,140.27 1 0
github.com/subhasundardass/retui/retui/key.go:141.12,142.27 1 0
github.com/subhasundardass/retui/retui/key.go:143.12,144.27 1 0
github.com/subhasundardass/retui/retui/key.go:145.12,146.27 1 0
github.com/subhasundardass/retui/retui/key.go:149.12,150.29 1 0
github.com/subhasundardass/retui/retui/key.go:151.12,152.28 1 0
github.com/subhasundardass/retui/retui/key.go:155.27,156.34 1 0
github.com/subhasundardass/retui/retui/key.go:156.34,157.17 1 0
github.com/subhasundardass/retui/retui/key.go:158.14,159.33 1 0
github.com/subhasundardass/retui/retui/key.go:160.14,161.33 1 0
github.com/subhasundardass/retui/retui/key.go:162.14,163.33 1 0
github.com/subhasundardass/retui/retui/key.go:164.14,165.35 1 0
github.com/subhasundardass/retui/retui/key.go:172.2,172.48 1 0
github.com/subhasundardass/retui/retui/key.go:172.48,173.15 1 0
github.com/subhasundardass/retui/retui/key.go:174.12,175.27 1 0
github.com/subhasundardass/retui/retui/key.go:176.12,177.27 1 0
github.com/subhasundardass/retui/retui/key.go:178.12,179.27 1 0
github.com/subhasundardass/retui/retui/key.go:180.12,181.27 1 0
github.com/subhasundardass/retui/retui/key.go:184.2,184.63 1 0
github.com/subhasundardass/retui/retui/key.go:184.63,185.15 1 0
github.com/subhasundardass/retui/retui/key.go:186.12,187.19 1 0
github.com/subhasundardass/retui/retui/key.go:187.19,189.5 1 0
github.com/subhasundardass/retui/retui/key.go:190.12,191.19 1 0
github.com/subhasundardass/retui/retui/key.go:191.19,193.5 1 0
github.com/subhasundardass/retui/retui/key.go:194.12,195.19 1 0
github.com/subhasundardass/retui/retui/key.go:195.19,197.5 1 0
github.com/subhasundardass/retui/retui/key.go:198.12,199.19 1 0
github.com/subhasundardass/retui/retui/key.go:199.19,201.5 1 0
github.com/subhasundardass/retui/retui/key.go:205.2,205.63 1 0
github.com/subhasundardass/retui/retui/key.go:205.63,206.15 1 0
github.com/subhasundardass/retui/retui/key.go:207.12,208.19 1 0
github.com/subhasundardass/retui/retui/key.go:208.19,210.5 1 0
github.com/subhasundardass/retui/retui/key.go:211.12,212.19 1 0
github.com/subhasundardass/retui/retui/key.go:212.19,214.5 1 0
github.com/subhasundardass/retui/retui/key.go:215.12,216.19 1 0
github.com/subhasundardass/retui/retui/key.go:216.19,218.5 1 0
github.com/subhasundardass/retui/retui/key.go:219.12,220.19 1 0
github.com/subhasundardass/retui/retui/key.go:220.19,222.5 1 0
github.com/subhasundardass/retui/retui/key.go:228.2,228.33 1 0
github.com/subhasundardass/retui/retui/key.go:228.33,229.35 1 0
github.com/subhasundardass/retui/retui/key.go:229.35,231.4 1 0
github.com/subhasundardass/retui/retui/key.go:232.3,232.35 1 0
github.com/subhasundardass/retui/retui/key.go:232.35,234.4 1 0
github.com/subhasundardass/retui/retui/key.go:239.2,239.14 1 0
github.com/subhasundardass/retui/retui/key.go:240.12,241.30 1 0
github.com/subhasundardass/retui/retui/key.go:242.18,243.29 1 0
github.com/subhasundardass/retui/retui/key.go:244.18,245.33 1 0
github.com/subhasundardass/retui/retui/key.go:246.12,247.27 1 0
github.com/subhasundardass/retui/retui/key.go:248.12,249.29 1 0
github.com/subhasundardass/retui/retui/key.go:250.12,251.29 1 0
github.com/subhasundardass/retui/retui/key.go:257.12,258.29 1 0
github.com/subhasundardass/retui/retui/key.go:259.12,260.29 1 0
github.com/subhasundardass/retui/retui/key.go:261.12,262.29 1 0
github.com/subhasundardass/retui/retui/key.go:263.12,264.29 1 0
github.com/subhasundardass/retui/retui/key.go:265.12,266.29 1 0
github.com/subhasundardass/retui/retui/key.go:267.12,268.29 1 0
github.com/subhasundardass/retui/retui/key.go:272.12,273.29 1 0
github.com/subhasundardass/retui/retui/key.go:274.12,275.29 1 0
github.com/subhasundardass/retui/retui/key.go:277.12,278.29 1 0
github.com/subhasundardass/retui/retui/key.go:279.12,280.29 1 0
github.com/subhasundardass/retui/retui/key.go:281.12,282.29 1 0
github.com/subhasundardass/retui/retui/key.go:283.12,284.29 1 0
github.com/subhasundardass/retui/retui/key.go:285.12,286.29 1 0
github.com/subhasundardass/retui/retui/key.go:287.12,288.29 1 0
github.com/subhasundardass/retui/retui/key.go:289.12,290.29 1 0
github.com/subhasundardass/retui/retui/key.go:291.12,292.29 1 0
github.com/subhasundardass/retui/retui/key.go:293.12,294.29 1 0
github.com/subhasundardass/retui/retui/key.go:295.12,296.29 1 0
github.com/subhasundardass/retui/retui/key.go:297.12,298.29 1 0
github.com/subhasundardass/retui/retui/key.go:299.12,300.29 1 0
github.com/subhasundardass/retui/retui/key.go:301.12,302.29 1 0
github.com/subhasundardass/retui/retui/key.go:307.2,307.30 1 0
github.com/subhasundardass/retui/retui/key.go:324.43,325.17 1 0
github.com/subhasundardass/retui/retui/key.go:325.17,327.3 1 0
github.com/subhasundardass/retui/retui/key.go:330.2,330.18 1 0
github.com/subhasundardass/retui/retui/key.go:330.18,332.3 1 0
github.com/subhasundardass/retui/retui/key.go:335.2,335.17 1 0
github.com/subhasundardass/retui/retui/key.go:335.17,337.3 1 0
github.com/subhasundardass/retui/retui/key.go:340.2,340.32 1 0
github.com/subhasundardass/retui/retui/key.go:340.32,342.3 1 0
github.com/subhasundardass/retui/retui/key.go:345.2,345.30 1 0
github.com/subhasundardass/retui/retui/key.go:345.30,349.41 2 0
github.com/subhasundardass/retui/retui/key.go:349.41,351.4 1 0
github.com/subhasundardass/retui/retui/key.go:355.2,355.15 1 0
github.com/subhasundardass/retui/retui/key.go:359.43,362.17 2 0
github.com/subhasundardass/retui/retui/key.go:362.17,365.16 1 0
github.com/subhasundardass/retui/retui/key.go:365.16,370.15 4 0
github.com/subhasundardass/retui/retui/key.go:370.15,372.5 1 0
github.com/subhasundardass/retui/retui/key.go:374.4,386.12 7 0
github.com/subhasundardass/retui/retui/key.go:389.3,389.37 1 0
github.com/subhasundardass/retui/retui/key.go:389.37,392.12 3 0
github.com/subhasundardass/retui/retui/key.go:395.3,396.13 2 0
github.com/subhasundardass/retui/retui/key.go:396.13,397.9 1 0
github.com/subhasundardass/retui/retui/key.go:400.3,401.12 2 0
github.com/subhasundardass/retui/retui/key.go:404.2,404.13 1 0
github.com/subhasundardass/retui/retui/key.go:410.33,412.2 1 0
github.com/subhasundardass/retui/retui/key.go:415.32,417.2 1 0
github.com/subhasundardass/retui/retui/key.go:420.35,422.2 1 0
github.com/subhasundardass/retui/retui/key.go:425.37,426.16 1 0
github.com/subhasundardass/retui/retui/key.go:427.82,428.14 1 0
github.com/subhasundardass/retui/retui/key.go:429.10,430.15 1 0
github.com/subhasundardass/retui/retui/key.go:435.30,436.17 1 0
github.com/subhasundardass/retui/retui/key.go:436.17,438.3 1 0
github.com/subhasundardass/retui/retui/key.go:439.2,439.16 1 0
github.com/subhasundardass/retui/retui/key.go:440.15,441.16 1 0
github.com/subhasundardass/retui/retui/key.go:442.16,443.17 1 0
github.com/subhasundardass/retui/retui/key.go:444.20,445.21 1 0
github.com/subhasundardass/retui/retui/key.go:446.17,447.18 1 0
github.com/subhasundardass/retui/retui/key.go:448.14,449.15 1 0
github.com/subhasundardass/retui/retui/key.go:450.19,451.20 1 0
github.com/subhasundardass/retui/retui/key.go:452.13,453.14 1 0
github.com/subhasundardass/retui/retui/key.go:454.15,455.16 1 0
github.com/subhasundardass/retui/retui/key.go:456.15,457.16 1 0
github.com/subhasundardass/retui/retui/key.go:458.16,459.17 1 0
github.com/subhasundardass/retui/retui/key.go:460.16,461.17 1 0
github.com/subhasundardass/retui/retui/key.go:462.16,463.17 1 0
github.com/subhasundardass/retui/retui/key.go:464.16,465.17 1 0
github.com/subhasundardass/retui/retui/key.go:466.15,467.16 1 0
github.com/subhasundardass/retui/retui/key.go:468.14,469.15 1 0
github.com/subhasundardass/retui/retui/key.go:470.17,471.18 1 0
github.com/subhasundardass/retui/retui/key.go:472.19,473.20 1 0
github.com/subhasundardass/retui/retui/key.go:474.17,475.18 1 0
github.com/subhasundardass/retui/retui/key.go:476.17,477.18 1 0
github.com/subhasundardass/retui/retui/key.go:478.13,479.14 1 0
github.com/subhasundardass/retui/retui/key.go:480.13,481.14 1 0
github.com/subhasundardass/retui/retui/key.go:482.13,483.14 1 0
github.com/subhasundardass/retui/retui/key.go:484.13,485.14 1 0
github.com/subhasundardass/retui/retui/key.go:486.13,487.14 1 0
github.com/subhasundardass/retui/retui/key.go:488.13,489.14 1 0
github.com/subhasundardass/retui/retui/key.go:490.13,491.14 1 0
github.com/subhasundardass/retui/retui/key.go:492.13,493.14 1 0
github.com/subhasundardass/retui/retui/key.go:494.13,495.14 1 0
github.com/subhasundardass/retui/retui/key.go:496.14,497.15 1 0
github.com/subhasundardass/retui/retui/key.go:498.14,499.15 1 0
github.com/subhasundardass/retui/retui/key.go:500.14,501.15 1 0
github.com/subhasundardass/retui/retui/key.go:502.10,503.47 1 0
github.com/subhasundardass/retui/retui/key.go:503.47,505.4 1 0
github.com/subhasundardass/retui/retui/key.go:506.3,506.45 1 0
github.com/subhasundardass/retui/retui/key.go:506.45,508.4 1 0
github.com/subhasundardass/retui/retui/key.go:509.3,509.19 1 0
github.com/subhasundardass/retui/retui/layout.go:192.34,193.12 1 0
github.com/subhasundardass/retui/retui/layout.go:193.12,195.3 1 0
github.com/subhasundardass/retui/retui/layout.go:196.2,196.12 1 0
github.com/subhasundardass/retui/retui/layout.go:196.12,198.3 1 0
github.com/subhasundardass/retui/retui/layout.go:199.2,199.10 1 0
github.com/subhasundardass/retui/retui/layout.go:208.30,210.2 1 0
github.com/subhasundardass/retui/retui/layout.go:214.59,217.2 2 0
github.com/subhasundardass/retui/retui/layout.go:221.55,225.2 3 0
github.com/subhasundardass/retui/retui/layout.go:230.40,232.2 1 0
github.com/subhasundardass/retui/retui/layout.go:236.63,239.2 2 0
github.com/subhasundardass/retui/retui/layout.go:247.54,250.2 2 0
github.com/subhasundardass/retui/retui/layout.go:253.26,255.2 1 121
github.com/subhasundardass/retui/retui/layout.go:262.25,264.2 1 251
github.com/subhasundardass/retui/retui/layout.go:269.19,271.2 1 985
github.com/subhasundardass/retui/retui/layout.go:283.28,285.2 1 0
github.com/subhasundardass/retui/retui/layout.go:288.56,292.2 3 0
github.com/subhasundardass/retui/retui/layout.go:295.54,298.2 2 0
github.com/subhasundardass/retui/retui/layout.go:301.55,304.2 2 0
github.com/subhasundardass/retui/retui/layout.go:307.72,310.2 2 0
github.com/subhasundardass/retui/retui/layout.go:314.76,320.2 5 0
github.com/subhasundardass/retui/retui/layout.go:323.66,329.2 5 0
github.com/subhasundardass/retui/retui/layout.go:335.75,341.2 5 0
github.com/subhasundardass/retui/retui/layout.go:344.64,350.2 5 0
github.com/subhasundardass/retui/retui/layout.go:354.53,357.2 2 0
github.com/subhasundardass/retui/retui/layout.go:362.65,365.2 2 0
github.com/subhasundardass/retui/retui/layout.go:370.61,373.2 2 0
github.com/subhasundardass/retui/retui/layout.go:390.77,393.2 2 0
github.com/subhasundardass/retui/retui/layout.go:409.58,411.2 1 0
github.com/subhasundardass/retui/retui/layout.go:429.61,436.21 4 0
github.com/subhasundardass/retui/retui/layout.go:436.21,440.3 3 0
github.com/subhasundardass/retui/retui/layout.go:441.2,441.12 1 0
github.com/subhasundardass/retui/retui/layout.go:450.36,451.31 1 0
github.com/subhasundardass/retui/retui/layout.go:451.31,453.3 1 0
github.com/subhasundardass/retui/retui/layout.go:454.2,454.31 1 0
github.com/subhasundardass/retui/retui/layout.go:454.31,455.19 1 0
github.com/subhasundardass/retui/retui/layout.go:455.19,457.4 1 0
github.com/subhasundardass/retui/retui/layout.go:459.2,459.14 1 0
github.com/subhasundardass/retui/retui/layout.go:472.40,473.35 1 0
github.com/subhasundardass/retui/retui/layout.go:473.35,475.3 1 0
github.com/subhasundardass/retui/retui/layout.go:477.2,480.25 3 0
github.com/subhasundardass/retui/retui/layout.go:480.25,482.3 1 0
github.com/subhasundardass/retui/retui/layout.go:484.2,484.28 1 0
github.com/subhasundardass/retui/retui/layout.go:485.19,486.30 1 0
github.com/subhasundardass/retui/retui/layout.go:488.17,489.25 1 0
github.com/subhasundardass/retui/retui/layout.go:489.25,490.37 1 0
github.com/subhasundardass/retui/retui/layout.go:490.37,492.5 1 0
github.com/subhasundardass/retui/retui/layout.go:493.4,493.17 1 0
github.com/subhasundardass/retui/retui/layout.go:494.9,495.37 1 0
github.com/subhasundardass/retui/retui/layout.go:495.37,497.19 2 0
github.com/subhasundardass/retui/retui/layout.go:497.19,499.6 1 0
github.com/subhasundardass/retui/retui/layout.go:503.33,504.12 1 0
github.com/subhasundardass/retui/retui/layout.go:507.2,507.29 1 0
github.com/subhasundardass/retui/retui/layout.go:508.19,509.32 1 0
github.com/subhasundardass/retui/retui/layout.go:511.17,512.25 1 0
github.com/subhasundardass/retui/retui/layout.go:512.25,513.37 1 0
github.com/subhasundardass/retui/retui/layout.go:513.37,515.5 1 0
github.com/subhasundardass/retui/retui/layout.go:516.4,516.18 1 0
github.com/subhasundardass/retui/retui/layout.go:517.9,518.37 1 0
github.com/subhasundardass/retui/retui/layout.go:518.37,520.20 2 0
github.com/subhasundardass/retui/retui/layout.go:520.20,522.6 1 0
github.com/subhasundardass/retui/retui/layout.go:526.33,527.13 1 0
github.com/subhasundardass/retui/retui/layout.go:530.2,530.37 1 0
github.com/subhasundardass/retui/retui/layout.go:530.37,532.3 1 0
github.com/subhasundardass/retui/retui/layout.go:533.2,533.38 1 0
github.com/subhasundardass/retui/retui/layout.go:533.38,535.3 1 0
github.com/subhasundardass/retui/retui/layout.go:537.2,537.63 1 0
github.com/subhasundardass/retui/retui/layout.go:537.63,539.3 1 0
github.com/subhasundardass/retui/retui/layout.go:541.2,541.22 1 0
github.com/subhasundardass/retui/retui/layout.go:545.42,546.16 1 0
github.com/subhasundardass/retui/retui/layout.go:546.16,548.3 1 0
github.com/subhasundardass/retui/retui/layout.go:549.2,549.17 1 0
github.com/subhasundardass/retui/retui/layout.go:553.53,554.16 1 0
github.com/subhasundardass/retui/retui/layout.go:554.16,556.3 1 0
github.com/subhasundardass/retui/retui/layout.go:556.8,558.3 1 0
github.com/subhasundardass/retui/retui/layout.go:562.54,563.16 1 0
github.com/subhasundardass/retui/retui/layout.go:563.16,565.3 1 0
github.com/subhasundardass/retui/retui/layout.go:565.8,567.3 1 0
github.com/subhasundardass/retui/retui/layout.go:571.43,572.16 1 0
github.com/subhasundardass/retui/retui/layout.go:572.16,574.3 1 0
github.com/subhasundardass/retui/retui/layout.go:575.2,575.12 1 0
github.com/subhasundardass/retui/retui/layout.go:579.52,580.16 1 0
github.com/subhasundardass/retui/retui/layout.go:580.16,582.3 1 0
github.com/subhasundardass/retui/retui/layout.go:583.2,583.16 1 0
github.com/subhasundardass/retui/retui/layout.go:587.24,588.11 1 0
github.com/subhasundardass/retui/retui/layout.go:588.11,590.3 1 0
github.com/subhasundardass/retui/retui/layout.go:591.2,591.10 1 0
github.com/subhasundardass/retui/retui/layout.go:596.56,597.16 1 0
github.com/subhasundardass/retui/retui/layout.go:597.16,599.3 1 0
github.com/subhasundardass/retui/retui/layout.go:600.2,600.20 1 0
github.com/subhasundardass/retui/retui/layout.go:605.54,606.16 1 0
github.com/subhasundardass/retui/retui/layout.go:606.16,608.3 1 0
github.com/subhasundardass/retui/retui/layout.go:609.2,609.23 1 0
github.com/subhasundardass/retui/retui/layout.go:614.57,615.16 1 0
github.com/subhasundardass/retui/retui/layout.go:615.16,617.3 1 0
github.com/subhasundardass/retui/retui/layout.go:618.2,618.21 1 0
github.com/subhasundardass/retui/retui/layout.go:623.55,624.16 1 0
github.com/subhasundardass/retui/retui/layout.go:624.16,626.3 1 0
github.com/subhasundardass/retui/retui/layout.go:627.2,627.22 1 0
github.com/subhasundardass/retui/retui/layout.go:633.77,636.24 3 0
github.com/subhasundardass/retui/retui/layout.go:636.24,638.3 1 0
github.com/subhasundardass/retui/retui/layout.go:640.2,640.38 1 0
github.com/subhasundardass/retui/retui/layout.go:640.38,642.3 1 0
github.com/subhasundardass/retui/retui/layout.go:644.2,644.29 1 0
github.com/subhasundardass/retui/retui/layout.go:644.29,645.34 1 0
github.com/subhasundardass/retui/retui/layout.go:646.31,647.58 1 0
github.com/subhasundardass/retui/retui/layout.go:648.22,649.53 1 0
github.com/subhasundardass/retui/retui/layout.go:650.19,651.25 1 0
github.com/subhasundardass/retui/retui/layout.go:655.2,655.32 1 0
github.com/subhasundardass/retui/retui/layout.go:656.30,657.56 1 0
github.com/subhasundardass/retui/retui/layout.go:658.21,659.51 1 0
github.com/subhasundardass/retui/retui/layout.go:660.18,661.24 1 0
github.com/subhasundardass/retui/retui/layout.go:664.2,664.10 1 0
github.com/subhasundardass/retui/retui/layout.go:669.93,670.29 1 0
github.com/subhasundardass/retui/retui/layout.go:670.29,673.27 3 0
github.com/subhasundardass/retui/retui/layout.go:674.20,675.95 1 0
github.com/subhasundardass/retui/retui/layout.go:676.17,677.69 1 0
github.com/subhasundardass/retui/retui/layout.go:678.11,679.38 1 0
github.com/subhasundardass/retui/retui/layout.go:681.3,681.9 1 0
github.com/subhasundardass/retui/retui/layout.go:684.2,686.26 3 0
github.com/subhasundardass/retui/retui/layout.go:687.19,688.92 1 0
github.com/subhasundardass/retui/retui/layout.go:689.16,690.66 1 0
github.com/subhasundardass/retui/retui/layout.go:691.10,692.37 1 0
github.com/subhasundardass/retui/retui/layout.go:699.106,700.21 1 0
github.com/subhasundardass/retui/retui/layout.go:700.21,702.3 1 0
github.com/subhasundardass/retui/retui/layout.go:705.2,706.20 2 0
github.com/subhasundardass/retui/retui/layout.go:706.20,708.3 1 0
github.com/subhasundardass/retui/retui/layout.go:711.2,712.20 2 0
github.com/subhasundardass/retui/retui/layout.go:712.20,714.3 1 0
github.com/subhasundardass/retui/retui/layout.go:716.2,720.17 3 0
github.com/subhasundardass/retui/retui/layout.go:721.18,722.23 1 0
github.com/subhasundardass/retui/retui/layout.go:723.21,724.27 1 0
github.com/subhasundardass/retui/retui/layout.go:725.27,726.21 1 0
github.com/subhasundardass/retui/retui/layout.go:726.21,728.4 1 0
github.com/subhasundardass/retui/retui/layout.go:729.26,732.21 3 0
github.com/subhasundardass/retui/retui/layout.go:735.2,735.20 1 0
github.com/subhasundardass/retui/retui/layout.go:755.52,763.20 6 0
github.com/subhasundardass/retui/retui/layout.go:763.20,765.3 1 0
github.com/subhasundardass/retui/retui/layout.go:766.2,766.21 1 0
github.com/subhasundardass/retui/retui/layout.go:766.21,768.3 1 0
github.com/subhasundardass/retui/retui/layout.go:770.2,770.26 1 0
github.com/subhasundardass/retui/retui/layout.go:770.26,772.3 1 0
github.com/subhasundardass/retui/retui/layout.go:773.2,773.34 1 0
github.com/subhasundardass/retui/retui/layout.go:773.34,776.3 2 0
github.com/subhasundardass/retui/retui/layout.go:778.2,785.35 4 0
github.com/subhasundardass/retui/retui/layout.go:785.35,787.3 1 0
github.com/subhasundardass/retui/retui/layout.go:789.2,794.35 5 0
github.com/subhasundardass/retui/retui/layout.go:794.35,799.51 3 0
github.com/subhasundardass/retui/retui/layout.go:799.51,801.4 1 0
github.com/subhasundardass/retui/retui/layout.go:803.3,803.25 1 0
github.com/subhasundardass/retui/retui/layout.go:803.25,804.34 1 0
github.com/subhasundardass/retui/retui/layout.go:805.32,807.38 2 0
github.com/subhasundardass/retui/retui/layout.go:807.38,810.6 2 0
github.com/subhasundardass/retui/retui/layout.go:811.5,811.36 1 0
github.com/subhasundardass/retui/retui/layout.go:812.23,814.36 2 0
github.com/subhasundardass/retui/retui/layout.go:815.20,817.55 2 0
github.com/subhasundardass/retui/retui/layout.go:819.9,820.35 1 0
github.com/subhasundardass/retui/retui/layout.go:821.32,823.38 2 0
github.com/subhasundardass/retui/retui/layout.go:823.38,826.6 2 0
github.com/subhasundardass/retui/retui/layout.go:827.5,827.37 1 0
github.com/subhasundardass/retui/retui/layout.go:828.23,830.37 2 0
github.com/subhasundardass/retui/retui/layout.go:831.20,833.55 2 0
github.com/subhasundardass/retui/retui/layout.go:837.3,837.45 1 0
github.com/subhasundardass/retui/retui/layout.go:840.2,842.25 2 0
github.com/subhasundardass/retui/retui/layout.go:842.25,846.35 3 0
github.com/subhasundardass/retui/retui/layout.go:846.35,849.29 3 0
github.com/subhasundardass/retui/retui/layout.go:849.29,851.5 1 0
github.com/subhasundardass/retui/retui/layout.go:853.4,854.32 2 0
github.com/subhasundardass/retui/retui/layout.go:854.32,856.5 1 0
github.com/subhasundardass/retui/retui/layout.go:858.4,860.29 3 0
github.com/subhasundardass/retui/retui/layout.go:864.2,864.24 1 0
github.com/subhasundardass/retui/retui/layout.go:864.24,865.36 1 0
github.com/subhasundardass/retui/retui/layout.go:865.36,866.27 1 0
github.com/subhasundardass/retui/retui/layout.go:866.27,867.13 1 0
github.com/subhasundardass/retui/retui/layout.go:869.4,870.44 2 0
github.com/subhasundardass/retui/retui/layout.go:870.44,872.5 1 0
github.com/subhasundardass/retui/retui/layout.go:878.2,879.39 2 0
github.com/subhasundardass/retui/retui/layout.go:879.39,881.3 1 0
github.com/subhasundardass/retui/retui/layout.go:882.2,893.34 3 0
github.com/subhasundardass/retui/retui/layout.go:893.34,896.25 3 0
github.com/subhasundardass/retui/retui/layout.go:896.25,898.4 1 0
github.com/subhasundardass/retui/retui/layout.go:899.3,899.40 1 0
github.com/subhasundardass/retui/retui/layout.go:902.2,902.35 1 0
github.com/subhasundardass/retui/retui/layout.go:902.35,909.25 5 0
github.com/subhasundardass/retui/retui/layout.go:909.25,911.4 1 0
github.com/subhasundardass/retui/retui/layout.go:911.9,913.4 1 0
github.com/subhasundardass/retui/retui/layout.go:915.3,920.28 4 0
github.com/subhasundardass/retui/retui/layout.go:920.28,922.4 1 0
github.com/subhasundardass/retui/retui/layout.go:930.31,931.25 1 0
github.com/subhasundardass/retui/retui/layout.go:931.25,933.3 1 0
github.com/subhasundardass/retui/retui/layout.go:934.2,934.10 1 0
github.com/subhasundardass/retui/retui/layout.go:949.59,961.35 6 0
github.com/subhasundardass/retui/retui/layout.go:961.35,963.46 2 0
github.com/subhasundardass/retui/retui/layout.go:963.46,965.4 1 0
github.com/subhasundardass/retui/retui/layout.go:966.3,966.21 1 0
github.com/subhasundardass/retui/retui/layout.go:966.21,968.4 1 0
github.com/subhasundardass/retui/retui/layout.go:969.3,972.23 3 0
github.com/subhasundardass/retui/retui/layout.go:972.23,974.4 1 0
github.com/subhasundardass/retui/retui/layout.go:975.3,975.53 1 0
github.com/subhasundardass/retui/retui/layout.go:975.53,980.4 4 0
github.com/subhasundardass/retui/retui/layout.go:982.3,983.19 2 0
github.com/subhasundardass/retui/retui/layout.go:985.2,985.22 1 0
github.com/subhasundardass/retui/retui/layout.go:985.22,987.3 1 0
github.com/subhasundardass/retui/retui/layout.go:989.2,992.30 3 0
github.com/subhasundardass/retui/retui/layout.go:992.30,995.27 3 0
github.com/subhasundardass/retui/retui/layout.go:995.27,996.25 1 0
github.com/subhasundardass/retui/retui/layout.go:996.25,998.5 1 0
github.com/subhasundardass/retui/retui/layout.go:999.4,1000.13 2 0
github.com/subhasundardass/retui/retui/layout.go:1000.13,1002.5 1 0
github.com/subhasundardass/retui/retui/layout.go:1005.3,1007.27 2 0
github.com/subhasundardass/retui/retui/layout.go:1007.27,1009.23 2 0
github.com/subhasundardass/retui/retui/layout.go:1010.22,1011.34 1 0
github.com/subhasundardass/retui/retui/layout.go:1012.21,1013.48 1 0
github.com/subhasundardass/retui/retui/layout.go:1014.18,1015.46 1 0
github.com/subhasundardass/retui/retui/layout.go:1017.4,1018.25 2 0
github.com/subhasundardass/retui/retui/layout.go:1021.3,1023.24 3 0
github.com/subhasundardass/retui/retui/layout.go:1023.24,1026.4 2 0
github.com/subhasundardass/retui/retui/layout.go:1029.2,1029.38 1 0
github.com/subhasundardass/retui/retui/layout.go:1029.38,1031.3 1 0
github.com/subhasundardass/retui/retui/logger.go:40.35,41.11 1 1
github.com/subhasundardass/retui/retui/logger.go:42.20,43.19 1 0
github.com/subhasundardass/retui/retui/logger.go:44.18,45.17 1 0
github.com/subhasundardass/retui/retui/logger.go:46.17,47.16 1 1
github.com/subhasundardass/retui/retui/logger.go:48.17,49.16 1 0
github.com/subhasundardass/retui/retui/logger.go:50.18,51.17 1 0
github.com/subhasundardass/retui/retui/logger.go:52.18,53.17 1 0
github.com/subhasundardass/retui/retui/logger.go:54.10,55.19 1 0
github.com/subhasundardass/retui/retui/logger.go:71.13,77.39 3 1
github.com/subhasundardass/retui/retui/logger.go:77.39,81.3 2 0
github.com/subhasundardass/retui/retui/logger.go:85.27,90.50 4 1
github.com/subhasundardass/retui/retui/logger.go:90.50,92.3 1 0
github.com/subhasundardass/retui/retui/logger.go:97.2,104.16 4 1
github.com/subhasundardass/retui/retui/logger.go:104.16,106.3 1 0
github.com/subhasundardass/retui/retui/logger.go:109.2,111.12 2 1
github.com/subhasundardass/retui/retui/logger.go:115.25,117.16 2 1
github.com/subhasundardass/retui/retui/logger.go:117.16,119.3 1 0
github.com/subhasundardass/retui/retui/logger.go:120.2,120.11 1 1
github.com/subhasundardass/retui/retui/logger.go:124.33,128.13 4 0
github.com/subhasundardass/retui/retui/logger.go:128.13,130.3 1 0
github.com/subhasundardass/retui/retui/logger.go:130.8,132.3 1 0
github.com/subhasundardass/retui/retui/logger.go:136.34,140.2 3 0
github.com/subhasundardass/retui/retui/logger.go:143.29,147.2 3 0
github.com/subhasundardass/retui/retui/logger.go:150.25,154.2 3 0
github.com/subhasundardass/retui/retui/logger.go:157.23,161.20 3 0
github.com/subhasundardass/retui/retui/logger.go:161.20,163.3 1 0
github.com/subhasundardass/retui/retui/logger.go:164.2,164.12 1 0
github.com/subhasundardass/retui/retui/logger.go:168.68,173.22 3 1
github.com/subhasundardass/retui/retui/logger.go:173.22,175.3 1 0
github.com/subhasundardass/retui/retui/logger.go:177.2,177.19 1 1
github.com/subhasundardass/retui/retui/logger.go:177.19,179.3 1 0
github.com/subhasundardass/retui/retui/logger.go:182.2,184.8 3 1
github.com/subhasundardass/retui/retui/logger.go:184.8,189.3 3 1
github.com/subhasundardass/retui/retui/logger.go:191.2,206.26 5 1
github.com/subhasundardass/retui/retui/logger.go:215.33,216.15 1 0
github.com/subhasundardass/retui/retui/logger.go:216.15,218.3 1 0
github.com/subhasundardass/retui/retui/logger.go:222.49,223.15 1 0
github.com/subhasundardass/retui/retui/logger.go:223.15,225.3 1 0
github.com/subhasundardass/retui/retui/logger.go:229.32,231.2 1 0
github.com/subhasundardass/retui/retui/logger.go:234.48,236.2 1 1
github.com/subhasundardass/retui/retui/logger.go:239.32,241.2 1 0
github.com/subhasundardass/retui/retui/logger.go:244.48,246.2 1 0
github.com/subhasundardass/retui/retui/logger.go:249.33,251.2 1 0
github.com/subhasundardass/retui/retui/logger.go:254.49,256.2 1 0
github.com/subhasundardass/retui/retui/logger.go:259.33,262.2 2 0
github.com/subhasundardass/retui/retui/logger.go:265.49,268.2 2 0
github.com/subhasundardass/retui/retui/logger.go:271.35,273.2 1 0
github.com/subhasundardass/retui/retui/logger.go:276.51,278.2 1 0
github.com/subhasundardass/retui/retui/logger.go:281.83,282.22 1 0
github.com/subhasundardass/retui/retui/logger.go:282.22,284.3 1 0
github.com/subhasundardass/retui/retui/logger.go:286.2,287.21 2 0
github.com/subhasundardass/retui/retui/logger.go:287.21,289.3 1 0
github.com/subhasundardass/retui/retui/logger.go:291.2,291.49 1 0
github.com/subhasundardass/retui/retui/logger.go:300.55,302.2 1 0
github.com/subhasundardass/retui/retui/logger.go:305.40,306.15 1 0
github.com/subhasundardass/retui/retui/logger.go:306.15,308.3 1 0
github.com/subhasundardass/retui/retui/logger.go:312.39,314.2 1 0
github.com/subhasundardass/retui/retui/logger.go:317.39,319.2 1 0
github.com/subhasundardass/retui/retui/logger.go:322.40,324.2 1 0
github.com/subhasundardass/retui/retui/logger.go:327.66,328.21 1 0
github.com/subhasundardass/retui/retui/logger.go:328.21,330.3 1 0
github.com/subhasundardass/retui/retui/logger.go:331.2,332.10 2 0
github.com/subhasundardass/retui/retui/logger.go:336.56,338.2 1 0
github.com/subhasundardass/retui/retui/markdown.go:52.18,53.16 1 0
github.com/subhasundardass/retui/retui/markdown.go:53.16,55.3 1 0
github.com/subhasundardass/retui/retui/markdown.go:57.2,59.31 3 0
github.com/subhasundardass/retui/retui/markdown.go:59.31,60.58 1 0
github.com/subhasundardass/retui/retui/markdown.go:60.58,62.4 1 0
github.com/subhasundardass/retui/retui/markdown.go:63.3,63.68 1 0
github.com/subhasundardass/retui/retui/markdown.go:65.2,65.21 1 0
github.com/subhasundardass/retui/retui/markdown.go:65.21,67.3 1 0
github.com/subhasundardass/retui/retui/markdown.go:68.2,68.14 1 0
github.com/subhasundardass/retui/retui/markdown.go:71.60,72.68 1 0
github.com/subhasundardass/retui/retui/markdown.go:72.68,74.3 1 0
github.com/subhasundardass/retui/retui/markdown.go:75.2,75.62 1 0
github.com/subhasundardass/retui/retui/markdown.go:75.62,77.3 1 0
github.com/subhasundardass/retui/retui/markdown.go:78.2,78.13 1 0
github.com/subhasundardass/retui/retui/markdown.go:81.59,88.30 6 0
github.com/subhasundardass/retui/retui/markdown.go:88.30,91.20 3 0
github.com/subhasundardass/retui/retui/markdown.go:91.20,94.12 3 0
github.com/subhasundardass/retui/retui/markdown.go:97.3,97.40 1 0
github.com/subhasundardass/retui/retui/markdown.go:97.40,102.23 5 0
github.com/subhasundardass/retui/retui/markdown.go:102.23,104.47 2 0
github.com/subhasundardass/retui/retui/markdown.go:104.47,107.11 3 0
github.com/subhasundardass/retui/retui/markdown.go:109.5,110.8 2 0
github.com/subhasundardass/retui/retui/markdown.go:114.4,114.21 1 0
github.com/subhasundardass/retui/retui/markdown.go:114.21,120.13 2 0
github.com/subhasundardass/retui/retui/markdown.go:122.4,126.12 2 0
github.com/subhasundardass/retui/retui/markdown.go:129.3,129.30 1 0
github.com/subhasundardass/retui/retui/markdown.go:129.30,132.12 3 0
github.com/subhasundardass/retui/retui/markdown.go:135.3,135.59 1 0
github.com/subhasundardass/retui/retui/markdown.go:135.59,141.12 3 0
github.com/subhasundardass/retui/retui/markdown.go:144.3,144.37 1 0
github.com/subhasundardass/retui/retui/markdown.go:144.37,148.95 4 0
github.com/subhasundardass/retui/retui/markdown.go:148.95,151.5 2 0
github.com/subhasundardass/retui/retui/markdown.go:152.4,160.12 2 0
github.com/subhasundardass/retui/retui/markdown.go:163.3,163.50 1 0
github.com/subhasundardass/retui/retui/markdown.go:163.50,166.23 3 0
github.com/subhasundardass/retui/retui/markdown.go:166.23,167.72 1 0
github.com/subhasundardass/retui/retui/markdown.go:167.72,170.14 3 0
github.com/subhasundardass/retui/retui/markdown.go:172.5,172.10 1 0
github.com/subhasundardass/retui/retui/markdown.go:174.4,181.12 2 0
github.com/subhasundardass/retui/retui/markdown.go:184.3,184.63 1 0
github.com/subhasundardass/retui/retui/markdown.go:184.63,188.12 4 0
github.com/subhasundardass/retui/retui/markdown.go:190.3,194.22 4 0
github.com/subhasundardass/retui/retui/markdown.go:194.22,197.26 2 0
github.com/subhasundardass/retui/retui/markdown.go:197.26,198.10 1 0
github.com/subhasundardass/retui/retui/markdown.go:200.4,200.50 1 0
github.com/subhasundardass/retui/retui/markdown.go:200.50,201.10 1 0
github.com/subhasundardass/retui/retui/markdown.go:203.4,203.38 1 0
github.com/subhasundardass/retui/retui/markdown.go:203.38,204.10 1 0
github.com/subhasundardass/retui/retui/markdown.go:206.4,206.45 1 0
github.com/subhasundardass/retui/retui/markdown.go:206.45,207.10 1 0
github.com/subhasundardass/retui/retui/markdown.go:209.4,209.59 1 0
github.com/subhasundardass/retui/retui/markdown.go:209.59,210.10 1 0
github.com/subhasundardass/retui/retui/markdown.go:212.4,213.7 2 0
github.com/subhasundardass/retui/retui/markdown.go:215.3,221.4 1 0
github.com/subhasundardass/retui/retui/markdown.go:224.2,224.15 1 0
github.com/subhasundardass/retui/retui/markdown.go:227.60,229.59 2 0
github.com/subhasundardass/retui/retui/markdown.go:229.59,231.3 1 0
github.com/subhasundardass/retui/retui/markdown.go:232.2,232.60 1 0
github.com/subhasundardass/retui/retui/markdown.go:232.60,234.3 1 0
github.com/subhasundardass/retui/retui/markdown.go:235.2,235.55 1 0
github.com/subhasundardass/retui/retui/markdown.go:238.43,240.46 2 0
github.com/subhasundardass/retui/retui/markdown.go:240.46,242.3 1 0
github.com/subhasundardass/retui/retui/markdown.go:243.2,243.14 1 0
github.com/subhasundardass/retui/retui/markdown.go:246.63,247.46 1 0
github.com/subhasundardass/retui/retui/markdown.go:247.46,249.3 1 0
github.com/subhasundardass/retui/retui/markdown.go:250.2,250.34 1 0
github.com/subhasundardass/retui/retui/markdown.go:250.34,251.21 1 0
github.com/subhasundardass/retui/retui/markdown.go:251.21,253.4 1 0
github.com/subhasundardass/retui/retui/markdown.go:255.2,255.51 1 0
github.com/subhasundardass/retui/retui/markdown.go:258.39,259.19 1 0
github.com/subhasundardass/retui/retui/markdown.go:259.19,261.3 1 0
github.com/subhasundardass/retui/retui/markdown.go:262.2,264.25 3 0
github.com/subhasundardass/retui/retui/markdown.go:264.25,265.25 1 0
github.com/subhasundardass/retui/retui/markdown.go:265.25,266.12 1 0
github.com/subhasundardass/retui/retui/markdown.go:268.3,268.18 1 0
github.com/subhasundardass/retui/retui/markdown.go:268.18,269.40 1 0
github.com/subhasundardass/retui/retui/markdown.go:269.40,271.5 1 0
github.com/subhasundardass/retui/retui/markdown.go:272.4,272.14 1 0
github.com/subhasundardass/retui/retui/markdown.go:274.3,274.18 1 0
github.com/subhasundardass/retui/retui/markdown.go:274.18,276.4 1 0
github.com/subhasundardass/retui/retui/markdown.go:277.3,277.10 1 0
github.com/subhasundardass/retui/retui/markdown.go:279.2,279.19 1 0
github.com/subhasundardass/retui/retui/markdown.go:282.53,283.35 1 0
github.com/subhasundardass/retui/retui/markdown.go:283.35,285.3 1 0
github.com/subhasundardass/retui/retui/markdown.go:286.2,286.63 1 0
github.com/subhasundardass/retui/retui/markdown.go:289.76,291.48 2 0
github.com/subhasundardass/retui/retui/markdown.go:291.48,293.3 1 0
github.com/subhasundardass/retui/retui/markdown.go:294.2,294.27 1 0
github.com/subhasundardass/retui/retui/markdown.go:294.27,296.3 1 0
github.com/subhasundardass/retui/retui/markdown.go:297.2,300.18 2 0
github.com/subhasundardass/retui/retui/markdown.go:300.18,309.3 3 0
github.com/subhasundardass/retui/retui/markdown.go:311.2,312.62 2 0
github.com/subhasundardass/retui/retui/markdown.go:312.62,314.3 1 0
github.com/subhasundardass/retui/retui/markdown.go:315.2,316.22 1 0
github.com/subhasundardass/retui/retui/markdown.go:316.22,318.3 1 0
github.com/subhasundardass/retui/retui/markdown.go:319.2,320.25 2 0
github.com/subhasundardass/retui/retui/markdown.go:320.25,322.3 1 0
github.com/subhasundardass/retui/retui/markdown.go:323.2,332.9 3 0
github.com/subhasundardass/retui/retui/markdown.go:335.51,336.74 1 0
github.com/subhasundardass/retui/retui/markdown.go:336.74,337.18 1 0
github.com/subhasundardass/retui/retui/markdown.go:338.12,339.41 1 0
github.com/subhasundardass/retui/retui/markdown.go:340.17,341.41 1 0
github.com/subhasundardass/retui/retui/markdown.go:344.2,344.17 1 0
github.com/subhasundardass/retui/retui/markdown.go:347.55,348.59 1 0
github.com/subhasundardass/retui/retui/markdown.go:348.59,350.3 1 0
github.com/subhasundardass/retui/retui/markdown.go:351.2,352.21 2 0
github.com/subhasundardass/retui/retui/markdown.go:352.21,354.3 1 0
github.com/subhasundardass/retui/retui/markdown.go:355.2,356.25 2 0
github.com/subhasundardass/retui/retui/markdown.go:356.25,358.3 1 0
github.com/subhasundardass/retui/retui/markdown.go:359.2,359.33 1 0
github.com/subhasundardass/retui/retui/markdown.go:359.33,362.20 3 0
github.com/subhasundardass/retui/retui/markdown.go:362.20,364.4 1 0
github.com/subhasundardass/retui/retui/markdown.go:365.3,365.26 1 0
github.com/subhasundardass/retui/retui/markdown.go:365.26,366.16 1 0
github.com/subhasundardass/retui/retui/markdown.go:366.16,368.5 1 0
github.com/subhasundardass/retui/retui/markdown.go:371.2,371.13 1 0
github.com/subhasundardass/retui/retui/markdown.go:374.50,380.29 6 0
github.com/subhasundardass/retui/retui/markdown.go:380.29,382.3 1 0
github.com/subhasundardass/retui/retui/markdown.go:383.2,383.14 1 0
github.com/subhasundardass/retui/retui/markdown.go:390.18,391.20 1 0
github.com/subhasundardass/retui/retui/markdown.go:392.23,399.4 2 0
github.com/subhasundardass/retui/retui/markdown.go:400.25,406.4 1 0
github.com/subhasundardass/retui/retui/markdown.go:407.21,415.4 3 0
github.com/subhasundardass/retui/retui/markdown.go:416.24,423.4 2 0
github.com/subhasundardass/retui/retui/markdown.go:424.20,430.4 1 0
github.com/subhasundardass/retui/retui/markdown.go:431.20,432.54 1 0
github.com/subhasundardass/retui/retui/markdown.go:433.21,434.49 1 0
github.com/subhasundardass/retui/retui/markdown.go:435.10,436.28 1 0
github.com/subhasundardass/retui/retui/markdown.go:440.53,442.19 2 0
github.com/subhasundardass/retui/retui/markdown.go:442.19,444.3 1 0
github.com/subhasundardass/retui/retui/markdown.go:445.2,445.21 1 0
github.com/subhasundardass/retui/retui/markdown.go:445.21,447.3 1 0
github.com/subhasundardass/retui/retui/markdown.go:447.8,447.28 1 0
github.com/subhasundardass/retui/retui/markdown.go:447.28,449.3 1 0
github.com/subhasundardass/retui/retui/markdown.go:450.2,450.15 1 0
github.com/subhasundardass/retui/retui/markdown.go:453.79,456.21 3 0
github.com/subhasundardass/retui/retui/markdown.go:456.21,458.3 1 0
github.com/subhasundardass/retui/retui/markdown.go:459.2,459.29 1 0
github.com/subhasundardass/retui/retui/markdown.go:459.29,464.3 1 0
github.com/subhasundardass/retui/retui/markdown.go:465.2,465.12 1 0
github.com/subhasundardass/retui/retui/markdown.go:472.18,474.33 2 0
github.com/subhasundardass/retui/retui/markdown.go:474.33,475.22 1 0
github.com/subhasundardass/retui/retui/markdown.go:475.22,477.4 1 0
github.com/subhasundardass/retui/retui/markdown.go:479.2,479.15 1 0
github.com/subhasundardass/retui/retui/markdown.go:479.15,481.3 1 0
github.com/subhasundardass/retui/retui/markdown.go:483.2,484.37 2 0
github.com/subhasundardass/retui/retui/markdown.go:484.37,486.3 1 0
github.com/subhasundardass/retui/retui/markdown.go:487.2,487.33 1 0
github.com/subhasundardass/retui/retui/markdown.go:487.33,488.28 1 0
github.com/subhasundardass/retui/retui/markdown.go:488.28,493.4 1 0
github.com/subhasundardass/retui/retui/markdown.go:496.2,513.33 4 0
github.com/subhasundardass/retui/retui/markdown.go:513.33,515.3 1 0
github.com/subhasundardass/retui/retui/markdown.go:516.2,516.12 1 0
github.com/subhasundardass/retui/retui/markdown.go:524.16,527.27 3 0
github.com/subhasundardass/retui/retui/markdown.go:527.27,529.21 2 0
github.com/subhasundardass/retui/retui/markdown.go:529.21,531.4 1 0
github.com/subhasundardass/retui/retui/markdown.go:532.3,535.24 4 0
github.com/subhasundardass/retui/retui/markdown.go:537.2,537.73 1 0
github.com/subhasundardass/retui/retui/markdown.go:540.50,543.27 3 0
github.com/subhasundardass/retui/retui/markdown.go:543.27,544.12 1 0
github.com/subhasundardass/retui/retui/markdown.go:544.12,546.4 1 0
github.com/subhasundardass/retui/retui/markdown.go:547.3,547.44 1 0
github.com/subhasundardass/retui/retui/markdown.go:549.2,550.19 2 0
github.com/subhasundardass/retui/retui/markdown.go:553.66,555.20 2 0
github.com/subhasundardass/retui/retui/markdown.go:555.20,556.35 1 0
github.com/subhasundardass/retui/retui/markdown.go:556.35,557.53 1 0
github.com/subhasundardass/retui/retui/markdown.go:557.53,568.13 4 0
github.com/subhasundardass/retui/retui/markdown.go:571.3,571.36 1 0
github.com/subhasundardass/retui/retui/markdown.go:571.36,572.54 1 0
github.com/subhasundardass/retui/retui/markdown.go:572.54,583.13 4 0
github.com/subhasundardass/retui/retui/markdown.go:586.3,586.36 1 0
github.com/subhasundardass/retui/retui/markdown.go:586.36,587.54 1 0
github.com/subhasundardass/retui/retui/markdown.go:587.54,594.13 4 0
github.com/subhasundardass/retui/retui/markdown.go:597.3,597.36 1 0
github.com/subhasundardass/retui/retui/markdown.go:597.36,598.54 1 0
github.com/subhasundardass/retui/retui/markdown.go:598.54,605.13 4 0
github.com/subhasundardass/retui/retui/markdown.go:608.3,608.35 1 0
github.com/subhasundardass/retui/retui/markdown.go:608.35,609.53 1 0
github.com/subhasundardass/retui/retui/markdown.go:609.53,616.13 4 0
github.com/subhasundardass/retui/retui/markdown.go:619.3,619.35 1 0
github.com/subhasundardass/retui/retui/markdown.go:619.35,620.53 1 0
github.com/subhasundardass/retui/retui/markdown.go:620.53,627.13 4 0
github.com/subhasundardass/retui/retui/markdown.go:630.3,630.35 1 0
github.com/subhasundardass/retui/retui/markdown.go:630.35,631.59 1 0
github.com/subhasundardass/retui/retui/markdown.go:631.59,634.13 3 0
github.com/subhasundardass/retui/retui/markdown.go:638.3,640.21 3 0
github.com/subhasundardass/retui/retui/markdown.go:642.2,642.14 1 0
github.com/subhasundardass/retui/retui/markdown.go:645.78,648.29 2 0
github.com/subhasundardass/retui/retui/markdown.go:648.29,650.3 1 0
github.com/subhasundardass/retui/retui/markdown.go:651.2,652.18 2 0
github.com/subhasundardass/retui/retui/markdown.go:652.18,654.3 1 0
github.com/subhasundardass/retui/retui/markdown.go:655.2,658.34 4 0
github.com/subhasundardass/retui/retui/markdown.go:658.34,660.3 1 0
github.com/subhasundardass/retui/retui/markdown.go:661.2,664.39 1 0
github.com/subhasundardass/retui/retui/markdown.go:667.45,669.72 2 0
github.com/subhasundardass/retui/retui/markdown.go:669.72,670.71 1 0
github.com/subhasundardass/retui/retui/markdown.go:670.71,672.4 1 0
github.com/subhasundardass/retui/retui/markdown.go:674.2,674.15 1 0
github.com/subhasundardass/retui/retui/markdown.go:674.15,676.3 1 0
github.com/subhasundardass/retui/retui/markdown.go:677.2,677.13 1 0
github.com/subhasundardass/retui/retui/markdown.go:680.46,683.29 3 0
github.com/subhasundardass/retui/retui/markdown.go:683.29,685.3 1 0
github.com/subhasundardass/retui/retui/markdown.go:686.2,686.19 1 0
github.com/subhasundardass/retui/retui/markdown.go:693.18,694.16 1 0
github.com/subhasundardass/retui/retui/markdown.go:694.16,696.3 1 0
github.com/subhasundardass/retui/retui/markdown.go:698.2,706.29 8 0
github.com/subhasundardass/retui/retui/markdown.go:706.29,708.30 2 0
github.com/subhasundardass/retui/retui/markdown.go:708.30,711.52 2 0
github.com/subhasundardass/retui/retui/markdown.go:711.52,715.5 3 0
github.com/subhasundardass/retui/retui/markdown.go:716.4,716.53 1 0
github.com/subhasundardass/retui/retui/markdown.go:716.53,718.23 2 0
github.com/subhasundardass/retui/retui/markdown.go:718.23,723.6 4 0
github.com/subhasundardass/retui/retui/markdown.go:724.5,731.22 8 0
github.com/subhasundardass/retui/retui/markdown.go:733.4,735.21 3 0
github.com/subhasundardass/retui/retui/markdown.go:735.21,737.5 1 0
github.com/subhasundardass/retui/retui/markdown.go:741.2,742.12 2 0
github.com/subhasundardass/retui/retui/markdown.go:745.59,748.30 3 0
github.com/subhasundardass/retui/retui/markdown.go:748.30,750.25 2 0
github.com/subhasundardass/retui/retui/markdown.go:750.25,751.24 1 0
github.com/subhasundardass/retui/retui/markdown.go:751.24,754.5 2 0
github.com/subhasundardass/retui/retui/markdown.go:755.4,756.37 1 0
github.com/subhasundardass/retui/retui/markdown.go:756.37,758.5 1 0
github.com/subhasundardass/retui/retui/markdown.go:759.4,759.12 1 0
github.com/subhasundardass/retui/retui/markdown.go:761.3,761.34 1 0
github.com/subhasundardass/retui/retui/markdown.go:763.2,763.22 1 0
github.com/subhasundardass/retui/retui/markdown.go:763.22,765.3 1 0
github.com/subhasundardass/retui/retui/markdown.go:766.2,766.14 1 0
github.com/subhasundardass/retui/retui/markdown.go:772.32,773.16 1 0
github.com/subhasundardass/retui/retui/markdown.go:773.16,775.3 1 0
github.com/subhasundardass/retui/retui/markdown.go:776.2,777.28 2 0
github.com/subhasundardass/retui/retui/markdown.go:777.28,779.21 2 0
github.com/subhasundardass/retui/retui/markdown.go:779.21,781.4 1 0
github.com/subhasundardass/retui/retui/markdown.go:782.3,782.12 1 0
github.com/subhasundardass/retui/retui/markdown.go:784.2,784.18 1 0
github.com/subhasundardass/retui/retui/markdown.go:787.60,789.38 2 0
github.com/subhasundardass/retui/retui/markdown.go:789.38,791.3 1 0
github.com/subhasundardass/retui/retui/markdown.go:792.2,792.19 1 0
github.com/subhasundardass/retui/retui/markdown.go:795.62,797.25 2 0
github.com/subhasundardass/retui/retui/markdown.go:797.25,799.3 1 0
github.com/subhasundardass/retui/retui/markdown.go:800.2,800.13 1 0
github.com/subhasundardass/retui/retui/markdown.go:803.51,805.28 2 0
github.com/subhasundardass/retui/retui/markdown.go:805.28,807.3 1 0
github.com/subhasundardass/retui/retui/markdown.go:808.2,808.14 1 0
github.com/subhasundardass/retui/retui/markdown.go:811.39,813.25 2 0
github.com/subhasundardass/retui/retui/markdown.go:813.25,815.3 1 0
github.com/subhasundardass/retui/retui/markdown.go:816.2,816.14 1 0
github.com/subhasundardass/retui/retui/markdown.go:819.58,820.16 1 0
github.com/subhasundardass/retui/retui/markdown.go:820.16,822.3 1 0
github.com/subhasundardass/retui/retui/markdown.go:823.2,825.25 3 0
github.com/subhasundardass/retui/retui/markdown.go:825.25,827.21 2 0
github.com/subhasundardass/retui/retui/markdown.go:827.21,828.9 1 0
github.com/subhasundardass/retui/retui/markdown.go:830.3,831.12 2 0
github.com/subhasundardass/retui/retui/markdown.go:833.2,833.19 1 0
github.com/subhasundardass/retui/retui/navigation.go:42.53,52.2 2 1
github.com/subhasundardass/retui/retui/navigation.go:63.72,74.2 5 0
github.com/subhasundardass/retui/retui/navigation.go:77.47,81.41 3 0
github.com/subhasundardass/retui/retui/navigation.go:81.41,82.26 1 0
github.com/subhasundardass/retui/retui/navigation.go:82.26,86.4 3 0
github.com/subhasundardass/retui/retui/navigation.go:89.2,89.23 1 0
github.com/subhasundardass/retui/retui/navigation.go:89.23,91.3 1 0
github.com/subhasundardass/retui/retui/navigation.go:93.2,93.25 1 0
github.com/subhasundardass/retui/retui/navigation.go:99.42,103.23 3 0
github.com/subhasundardass/retui/retui/navigation.go:103.23,105.3 1 0
github.com/subhasundardass/retui/retui/navigation.go:107.2,110.25 3 0
github.com/subhasundardass/retui/retui/navigation.go:116.75,125.23 4 0
github.com/subhasundardass/retui/retui/navigation.go:125.23,127.3 1 0
github.com/subhasundardass/retui/retui/navigation.go:127.8,129.3 1 0
github.com/subhasundardass/retui/retui/navigation.go:131.2,131.23 1 0
github.com/subhasundardass/retui/retui/navigation.go:135.40,139.23 3 0
github.com/subhasundardass/retui/retui/navigation.go:139.23,141.3 1 0
github.com/subhasundardass/retui/retui/navigation.go:143.2,143.25 1 0
github.com/subhasundardass/retui/retui/navigation.go:149.52,153.23 3 0
github.com/subhasundardass/retui/retui/navigation.go:153.23,155.3 1 0
github.com/subhasundardass/retui/retui/navigation.go:157.2,157.29 1 0
github.com/subhasundardass/retui/retui/navigation.go:163.40,169.32 4 0
github.com/subhasundardass/retui/retui/navigation.go:169.32,171.3 1 0
github.com/subhasundardass/retui/retui/navigation.go:173.2,173.11 1 0
github.com/subhasundardass/retui/retui/navigation.go:177.34,182.2 3 0
github.com/subhasundardass/retui/retui/navigation.go:185.37,190.2 3 0
github.com/subhasundardass/retui/retui/navigation.go:193.50,203.2 5 0
github.com/subhasundardass/retui/retui/navigation.go:206.38,211.2 3 0
github.com/subhasundardass/retui/retui/navigation.go:216.31,222.2 4 0
github.com/subhasundardass/retui/retui/navigation.go:227.34,229.2 1 0
github.com/subhasundardass/retui/retui/navigation.go:242.52,245.21 2 0
github.com/subhasundardass/retui/retui/navigation.go:245.21,247.3 1 0
github.com/subhasundardass/retui/retui/navigation.go:249.2,250.19 2 0
github.com/subhasundardass/retui/retui/navigation.go:254.25,258.19 3 0
github.com/subhasundardass/retui/retui/navigation.go:258.19,260.3 1 0
github.com/subhasundardass/retui/retui/navigation.go:262.2,262.12 1 0
github.com/subhasundardass/retui/retui/navigation.go:266.30,270.19 3 0
github.com/subhasundardass/retui/retui/navigation.go:270.19,272.3 1 0
github.com/subhasundardass/retui/retui/navigation.go:274.2,274.12 1 0
github.com/subhasundardass/retui/retui/navigation.go:278.55,281.21 2 0
github.com/subhasundardass/retui/retui/navigation.go:281.21,283.3 1 0
github.com/subhasundardass/retui/retui/navigation.go:285.2,286.19 2 0
github.com/subhasundardass/retui/retui/navigation.go:290.38,293.2 2 0
github.com/subhasundardass/retui/retui/navigation.go:296.29,298.2 1 0
github.com/subhasundardass/retui/retui/navigation.go:309.41,311.2 1 0
github.com/subhasundardass/retui/retui/navigation.go:314.37,316.2 1 0
github.com/subhasundardass/retui/retui/navigation.go:319.28,321.2 1 0
github.com/subhasundardass/retui/retui/navigation.go:324.26,326.2 1 0
github.com/subhasundardass/retui/retui/navigation.go:328.24,331.2 2 0
github.com/subhasundardass/retui/retui/node.go:299.36,300.21 1 0
github.com/subhasundardass/retui/retui/node.go:300.21,302.3 1 0
github.com/subhasundardass/retui/retui/node.go:303.2,303.22 1 0
github.com/subhasundardass/retui/retui/node.go:321.23,328.2 1 0
github.com/subhasundardass/retui/retui/overlay.go:15.29,18.47 3 0
github.com/subhasundardass/retui/retui/overlay.go:18.47,19.21 1 0
github.com/subhasundardass/retui/retui/overlay.go:19.21,21.4 1 0
github.com/subhasundardass/retui/retui/overlay.go:23.2,23.55 1 0
github.com/subhasundardass/retui/retui/overlay.go:26.30,29.47 3 0
github.com/subhasundardass/retui/retui/overlay.go:29.47,30.21 1 0
github.com/subhasundardass/retui/retui/overlay.go:30.21,33.4 2 0
github.com/subhasundardass/retui/retui/overlay.go:36.26,39.35 3 0
github.com/subhasundardass/retui/retui/overlay.go:39.35,41.3 1 0
github.com/subhasundardass/retui/retui/overlay.go:42.2,42.56 1 0
github.com/subhasundardass/retui/retui/overlay.go:45.24,48.34 3 0
github.com/subhasundardass/retui/retui/overlay.go:48.34,50.3 1 0
github.com/subhasundardass/retui/retui/overlay.go:53.30,57.2 3 0
github.com/subhasundardass/retui/retui/overlay.go:59.79,63.2 3 0
github.com/subhasundardass/retui/retui/overlay.go:65.22,69.2 3 0
github.com/subhasundardass/retui/retui/renderer.go:23.37,25.2 1 0
github.com/subhasundardass/retui/retui/renderer.go:35.55,37.37 2 0
github.com/subhasundardass/retui/retui/renderer.go:37.37,39.3 1 0
github.com/subhasundardass/retui/retui/renderer.go:40.2,40.12 1 0
github.com/subhasundardass/retui/retui/renderer.go:57.51,58.19 1 0
github.com/subhasundardass/retui/retui/renderer.go:58.19,60.3 1 0
github.com/subhasundardass/retui/retui/renderer.go:62.2,63.21 2 0
github.com/subhasundardass/retui/retui/renderer.go:63.21,65.3 1 0
github.com/subhasundardass/retui/retui/renderer.go:67.2,71.29 4 0
github.com/subhasundardass/retui/retui/renderer.go:71.29,74.21 2 0
github.com/subhasundardass/retui/retui/renderer.go:74.21,76.29 1 0
github.com/subhasundardass/retui/retui/renderer.go:76.29,83.5 6 0
github.com/subhasundardass/retui/retui/renderer.go:84.4,85.25 2 0
github.com/subhasundardass/retui/retui/renderer.go:86.9,86.47 1 0
github.com/subhasundardass/retui/retui/renderer.go:86.47,91.4 3 0
github.com/subhasundardass/retui/retui/renderer.go:91.9,98.29 3 0
github.com/subhasundardass/retui/retui/renderer.go:98.29,105.5 6 0
github.com/subhasundardass/retui/retui/renderer.go:106.4,107.25 2 0
github.com/subhasundardass/retui/retui/renderer.go:112.2,113.14 2 0
github.com/subhasundardass/retui/retui/renderer.go:118.38,120.25 2 0
github.com/subhasundardass/retui/retui/renderer.go:120.25,122.3 1 0
github.com/subhasundardass/retui/retui/renderer.go:123.2,123.14 1 0
github.com/subhasundardass/retui/retui/renderer.go:128.79,130.58 2 0
github.com/subhasundardass/retui/retui/renderer.go:130.58,133.3 2 0
github.com/subhasundardass/retui/retui/renderer.go:154.53,155.19 1 1
github.com/subhasundardass/retui/retui/renderer.go:155.19,156.38 1 0
github.com/subhasundardass/retui/retui/renderer.go:158.2,158.43 1 1
github.com/subhasundardass/retui/retui/renderer.go:188.50,200.24 5 0
github.com/subhasundardass/retui/retui/renderer.go:200.24,202.3 1 0
github.com/subhasundardass/retui/retui/renderer.go:207.2,209.67 3 0
github.com/subhasundardass/retui/retui/renderer.go:209.67,211.3 1 0
github.com/subhasundardass/retui/retui/renderer.go:212.2,212.68 1 0
github.com/subhasundardass/retui/retui/renderer.go:212.68,214.3 1 0
github.com/subhasundardass/retui/retui/renderer.go:217.2,224.32 4 0
github.com/subhasundardass/retui/retui/renderer.go:224.32,227.3 2 0
github.com/subhasundardass/retui/retui/renderer.go:229.2,241.29 5 0
github.com/subhasundardass/retui/retui/renderer.go:241.29,243.3 1 0
github.com/subhasundardass/retui/retui/renderer.go:247.2,247.29 1 0
github.com/subhasundardass/retui/retui/renderer.go:256.40,257.35 1 0
github.com/subhasundardass/retui/retui/renderer.go:257.35,259.3 1 0
github.com/subhasundardass/retui/retui/renderer.go:260.2,260.37 1 0
github.com/subhasundardass/retui/retui/renderer.go:260.37,261.21 1 0
github.com/subhasundardass/retui/retui/renderer.go:261.21,263.4 1 0
github.com/subhasundardass/retui/retui/renderer.go:265.2,265.14 1 0
github.com/subhasundardass/retui/retui/renderer.go:288.67,289.27 1 0
github.com/subhasundardass/retui/retui/renderer.go:289.27,291.3 1 0
github.com/subhasundardass/retui/retui/renderer.go:294.2,299.36 5 0
github.com/subhasundardass/retui/retui/renderer.go:299.36,303.30 3 0
github.com/subhasundardass/retui/retui/renderer.go:303.30,310.4 2 0
github.com/subhasundardass/retui/retui/renderer.go:312.3,312.27 1 0
github.com/subhasundardass/retui/retui/renderer.go:312.27,314.4 1 0
github.com/subhasundardass/retui/retui/renderer.go:317.3,318.32 2 0
github.com/subhasundardass/retui/retui/renderer.go:318.32,320.4 1 0
github.com/subhasundardass/retui/retui/renderer.go:321.3,322.11 2 0
github.com/subhasundardass/retui/retui/renderer.go:325.2,325.25 1 0
github.com/subhasundardass/retui/retui/renderer.go:354.51,360.11 4 0
github.com/subhasundardass/retui/retui/renderer.go:360.11,362.3 1 0
github.com/subhasundardass/retui/retui/renderer.go:363.2,363.13 1 0
github.com/subhasundardass/retui/retui/renderer.go:363.13,365.3 1 0
github.com/subhasundardass/retui/retui/renderer.go:366.2,366.14 1 0
github.com/subhasundardass/retui/retui/renderer.go:366.14,368.3 1 0
github.com/subhasundardass/retui/retui/renderer.go:369.2,369.12 1 0
github.com/subhasundardass/retui/retui/renderer.go:369.12,371.3 1 0
github.com/subhasundardass/retui/retui/renderer.go:373.2,394.22 2 0
github.com/subhasundardass/retui/retui/renderer.go:395.22,399.28 2 0
github.com/subhasundardass/retui/retui/renderer.go:401.19,405.28 3 0
github.com/subhasundardass/retui/retui/renderer.go:407.28,408.19 1 0
github.com/subhasundardass/retui/retui/renderer.go:408.19,413.35 4 0
github.com/subhasundardass/retui/retui/renderer.go:413.35,414.19 1 0
github.com/subhasundardass/retui/retui/renderer.go:414.19,416.6 1 0
github.com/subhasundardass/retui/retui/renderer.go:417.5,417.42 1 0
github.com/subhasundardass/retui/retui/renderer.go:419.9,423.31 3 0
github.com/subhasundardass/retui/retui/renderer.go:423.31,425.19 2 0
github.com/subhasundardass/retui/retui/renderer.go:425.19,427.6 1 0
github.com/subhasundardass/retui/retui/renderer.go:429.4,430.38 2 0
github.com/subhasundardass/retui/retui/renderer.go:433.23,439.34 5 0
github.com/subhasundardass/retui/retui/renderer.go:439.34,440.40 1 0
github.com/subhasundardass/retui/retui/renderer.go:440.40,442.5 1 0
github.com/subhasundardass/retui/retui/renderer.go:443.4,444.21 2 0
github.com/subhasundardass/retui/retui/renderer.go:447.3,448.38 2 0
github.com/subhasundardass/retui/retui/renderer.go:448.38,450.4 1 0
github.com/subhasundardass/retui/retui/renderer.go:454.2,454.41 1 0
github.com/subhasundardass/retui/retui/renderer.go:454.41,456.3 1 0
github.com/subhasundardass/retui/retui/renderer.go:457.2,457.10 1 0
github.com/subhasundardass/retui/retui/renderer.go:483.129,490.22 4 0
github.com/subhasundardass/retui/retui/renderer.go:491.22,493.88 1 0
github.com/subhasundardass/retui/retui/renderer.go:495.18,497.47 1 0
github.com/subhasundardass/retui/retui/renderer.go:497.47,498.49 1 0
github.com/subhasundardass/retui/retui/renderer.go:498.49,499.27 1 0
github.com/subhasundardass/retui/retui/renderer.go:499.27,501.6 1 0
github.com/subhasundardass/retui/retui/renderer.go:504.3,504.67 1 0
github.com/subhasundardass/retui/retui/renderer.go:506.19,509.35 2 0
github.com/subhasundardass/retui/retui/renderer.go:509.35,510.30 1 0
github.com/subhasundardass/retui/retui/renderer.go:510.30,511.10 1 0
github.com/subhasundardass/retui/retui/renderer.go:513.4,513.31 1 0
github.com/subhasundardass/retui/retui/renderer.go:513.31,515.5 1 0
github.com/subhasundardass/retui/retui/renderer.go:516.4,516.22 1 0
github.com/subhasundardass/retui/retui/renderer.go:519.28,522.19 2 0
github.com/subhasundardass/retui/retui/renderer.go:522.19,524.4 1 0
github.com/subhasundardass/retui/retui/renderer.go:524.9,526.4 1 0
github.com/subhasundardass/retui/retui/renderer.go:527.3,527.30 1 0
github.com/subhasundardass/retui/retui/renderer.go:527.30,529.31 2 0
github.com/subhasundardass/retui/retui/renderer.go:529.31,530.10 1 0
github.com/subhasundardass/retui/retui/renderer.go:532.4,533.28 2 0
github.com/subhasundardass/retui/retui/renderer.go:533.28,534.31 1 0
github.com/subhasundardass/retui/retui/renderer.go:534.31,535.11 1 0
github.com/subhasundardass/retui/retui/renderer.go:537.5,537.27 1 0
github.com/subhasundardass/retui/retui/renderer.go:537.27,539.6 1 0
github.com/subhasundardass/retui/retui/renderer.go:540.5,540.23 1 0
github.com/subhasundardass/retui/retui/renderer.go:544.23,547.51 2 0
github.com/subhasundardass/retui/retui/renderer.go:547.51,549.4 1 0
github.com/subhasundardass/retui/retui/renderer.go:550.3,550.30 1 0
github.com/subhasundardass/retui/retui/renderer.go:550.30,552.31 2 0
github.com/subhasundardass/retui/retui/renderer.go:552.31,553.10 1 0
github.com/subhasundardass/retui/retui/renderer.go:555.4,556.30 2 0
github.com/subhasundardass/retui/retui/renderer.go:556.30,557.31 1 0
github.com/subhasundardass/retui/retui/renderer.go:557.31,558.11 1 0
github.com/subhasundardass/retui/retui/renderer.go:560.5,560.27 1 0
github.com/subhasundardass/retui/retui/renderer.go:560.27,563.6 2 0
github.com/subhasundardass/retui/retui/renderer.go:564.5,564.27 1 0
github.com/subhasundardass/retui/retui/renderer.go:573.2,574.48 2 0
github.com/subhasundardass/retui/retui/renderer.go:574.48,576.3 1 0
github.com/subhasundardass/retui/retui/renderer.go:580.2,580.36 1 0
github.com/subhasundardass/retui/retui/renderer.go:580.36,581.42 1 0
github.com/subhasundardass/retui/retui/renderer.go:581.42,583.4 1 0
github.com/subhasundardass/retui/retui/renderer.go:584.8,588.3 1 0
github.com/subhasundardass/retui/retui/renderer.go:589.2,589.12 1 0
github.com/subhasundardass/retui/retui/renderer.go:597.46,598.41 1 0
github.com/subhasundardass/retui/retui/renderer.go:598.41,601.3 2 0
github.com/subhasundardass/retui/retui/renderer.go:602.2,602.12 1 0
github.com/subhasundardass/retui/retui/renderer.go:622.79,623.32 1 0
github.com/subhasundardass/retui/retui/renderer.go:623.32,625.3 1 0
github.com/subhasundardass/retui/retui/renderer.go:628.2,648.14 6 0
github.com/subhasundardass/retui/retui/renderer.go:648.14,650.3 1 0
github.com/subhasundardass/retui/retui/renderer.go:651.2,651.14 1 0
github.com/subhasundardass/retui/retui/renderer.go:651.14,653.3 1 0
github.com/subhasundardass/retui/retui/renderer.go:654.2,654.21 1 0
github.com/subhasundardass/retui/retui/renderer.go:654.21,656.3 1 0
github.com/subhasundardass/retui/retui/renderer.go:657.2,657.21 1 0
github.com/subhasundardass/retui/retui/renderer.go:657.21,659.3 1 0
github.com/subhasundardass/retui/retui/renderer.go:661.2,678.35 6 0
github.com/subhasundardass/retui/retui/renderer.go:678.35,680.3 1 0
github.com/subhasundardass/retui/retui/renderer.go:695.78,696.53 1 0
github.com/subhasundardass/retui/retui/renderer.go:696.53,698.3 1 0
github.com/subhasundardass/retui/retui/renderer.go:700.2,701.31 2 0
github.com/subhasundardass/retui/retui/renderer.go:701.31,703.3 1 0
github.com/subhasundardass/retui/retui/renderer.go:704.2,711.41 4 0
github.com/subhasundardass/retui/retui/renderer.go:711.41,712.25 1 0
github.com/subhasundardass/retui/retui/renderer.go:712.25,714.4 1 0
github.com/subhasundardass/retui/retui/renderer.go:718.2,718.11 1 0
github.com/subhasundardass/retui/retui/renderer.go:718.11,720.32 1 0
github.com/subhasundardass/retui/retui/renderer.go:720.32,722.4 1 0
github.com/subhasundardass/retui/retui/renderer.go:725.3,725.43 1 0
github.com/subhasundardass/retui/retui/renderer.go:725.43,727.18 2 0
github.com/subhasundardass/retui/retui/renderer.go:727.18,732.28 3 0
github.com/subhasundardass/retui/retui/renderer.go:732.28,734.6 1 0
github.com/subhasundardass/retui/retui/renderer.go:736.5,739.26 3 0
github.com/subhasundardass/retui/retui/renderer.go:740.21,741.30 1 0
[...]
github.com/subhasundardass/retui/retui/components/tree.go:105.3,106.16 2 0
github.com/subhasundardass/retui/retui/components/tree.go:106.16,108.4 1 0
github.com/subhasundardass/retui/retui/components/tree.go:110.3,117.5 2 0
github.com/subhasundardass/retui/retui/components/tree.go:120.2,124.3 1 0
github.com/subhasundardass/retui/retui/components/tree.go:128.76,132.2 3 0
github.com/subhasundardass/retui/retui/components/tree.go:134.90,135.26 1 0
github.com/subhasundardass/retui/retui/components/tree.go:135.26,137.15 2 0
github.com/subhasundardass/retui/retui/components/tree.go:137.15,139.4 1 0
github.com/subhasundardass/retui/retui/components/tree.go:141.3,149.42 2 0
github.com/subhasundardass/retui/retui/components/tree.go:149.42,151.4 1 0
github.com/subhasundardass/retui/retui/window/manager.go:28.40,36.2 1 0
github.com/subhasundardass/retui/retui/window/manager.go:38.13,39.39 1 0
github.com/subhasundardass/retui/retui/window/manager.go:39.39,41.3 1 0
github.com/subhasundardass/retui/retui/window/manager.go:42.2,42.64 1 0
github.com/subhasundardass/retui/retui/window/manager.go:42.64,44.3 1 0
github.com/subhasundardass/retui/retui/window/manager.go:45.2,45.53 1 0
github.com/subhasundardass/retui/retui/window/manager.go:45.53,47.65 1 0
github.com/subhasundardass/retui/retui/window/manager.go:47.65,48.82 1 0
github.com/subhasundardass/retui/retui/window/manager.go:48.82,49.83 1 0
github.com/subhasundardass/retui/retui/window/manager.go:49.83,51.6 1 0
github.com/subhasundardass/retui/retui/window/manager.go:52.5,52.16 1 0
github.com/subhasundardass/retui/retui/window/manager.go:54.4,55.15 2 0
github.com/subhasundardass/retui/retui/window/manager.go:59.3,59.68 1 0
github.com/subhasundardass/retui/retui/window/manager.go:59.68,65.32 2 0
github.com/subhasundardass/retui/retui/window/manager.go:65.32,67.5 1 0
github.com/subhasundardass/retui/retui/window/manager.go:69.4,70.22 2 0
github.com/subhasundardass/retui/retui/window/manager.go:70.22,71.61 1 0
github.com/subhasundardass/retui/retui/window/manager.go:71.61,74.28 1 0
github.com/subhasundardass/retui/retui/window/manager.go:74.28,76.7 1 0
github.com/subhasundardass/retui/retui/window/manager.go:79.6,80.17 2 0
github.com/subhasundardass/retui/retui/window/manager.go:84.4,84.15 1 0
github.com/subhasundardass/retui/retui/window/manager.go:87.3,88.15 2 0
github.com/subhasundardass/retui/retui/window/manager.go:88.15,90.4 1 0
github.com/subhasundardass/retui/retui/window/manager.go:91.3,91.53 1 0
github.com/subhasundardass/retui/retui/window/manager.go:91.53,93.4 1 0
github.com/subhasundardass/retui/retui/window/manager.go:95.3,95.15 1 0
github.com/subhasundardass/retui/retui/window/manager.go:103.59,108.2 4 0
github.com/subhasundardass/retui/retui/window/manager.go:116.53,121.22 4 0
github.com/subhasundardass/retui/retui/window/manager.go:121.22,123.3 1 0
github.com/subhasundardass/retui/retui/window/manager.go:125.2,125.67 1 0
github.com/subhasundardass/retui/retui/window/manager.go:125.67,127.3 1 0
github.com/subhasundardass/retui/retui/window/manager.go:129.2,129.48 1 0
github.com/subhasundardass/retui/retui/window/manager.go:135.59,139.2 3 0
github.com/subhasundardass/retui/retui/window/manager.go:143.42,146.29 3 0
github.com/subhasundardass/retui/retui/window/manager.go:146.29,148.3 1 0
github.com/subhasundardass/retui/retui/window/manager.go:157.47,161.43 3 0
github.com/subhasundardass/retui/retui/window/manager.go:161.43,163.3 1 0
github.com/subhasundardass/retui/retui/window/manager.go:164.2,167.17 3 0
github.com/subhasundardass/retui/retui/window/manager.go:167.17,171.3 3 0
github.com/subhasundardass/retui/retui/window/manager.go:171.8,173.30 2 0
github.com/subhasundardass/retui/retui/window/manager.go:173.30,175.4 1 0
github.com/subhasundardass/retui/retui/window/manager.go:177.2,177.23 1 0
github.com/subhasundardass/retui/retui/window/manager.go:182.50,186.42 3 0
github.com/subhasundardass/retui/retui/window/manager.go:186.42,188.3 1 0
github.com/subhasundardass/retui/retui/window/manager.go:189.2,192.31 2 0
github.com/subhasundardass/retui/retui/window/manager.go:192.31,193.16 1 0
github.com/subhasundardass/retui/retui/window/manager.go:193.16,195.9 2 0
github.com/subhasundardass/retui/retui/window/manager.go:200.2,200.36 1 0
github.com/subhasundardass/retui/retui/window/manager.go:200.36,201.16 1 0
github.com/subhasundardass/retui/retui/window/manager.go:201.16,203.9 2 0
github.com/subhasundardass/retui/retui/window/manager.go:208.2,208.22 1 0
github.com/subhasundardass/retui/retui/window/manager.go:208.22,209.53 1 0
github.com/subhasundardass/retui/retui/window/manager.go:209.53,211.4 1 0
github.com/subhasundardass/retui/retui/window/manager.go:211.9,211.31 1 0
github.com/subhasundardass/retui/retui/window/manager.go:211.31,214.4 2 0
github.com/subhasundardass/retui/retui/window/manager.go:214.9,216.4 1 0
github.com/subhasundardass/retui/retui/window/manager.go:218.2,218.23 1 0
github.com/subhasundardass/retui/retui/window/manager.go:222.55,226.2 3 0
github.com/subhasundardass/retui/retui/window/manager.go:234.50,239.68 3 0
github.com/subhasundardass/retui/retui/window/manager.go:239.68,241.3 1 0
github.com/subhasundardass/retui/retui/window/manager.go:244.2,245.31 2 0
github.com/subhasundardass/retui/retui/window/manager.go:245.31,246.16 1 0
github.com/subhasundardass/retui/retui/window/manager.go:246.16,248.9 2 0
github.com/subhasundardass/retui/retui/window/manager.go:251.2,251.15 1 0
github.com/subhasundardass/retui/retui/window/manager.go:251.15,253.3 1 0
github.com/subhasundardass/retui/retui/window/manager.go:254.2,258.48 3 0
github.com/subhasundardass/retui/retui/window/manager.go:258.48,260.3 1 0
github.com/subhasundardass/retui/retui/window/manager.go:262.2,263.23 2 0
github.com/subhasundardass/retui/retui/window/manager.go:268.47,274.2 5 0
github.com/subhasundardass/retui/retui/window/manager.go:281.46,284.52 3 0
github.com/subhasundardass/retui/retui/window/manager.go:284.52,286.3 1 0
github.com/subhasundardass/retui/retui/window/manager.go:287.2,287.19 1 0
github.com/subhasundardass/retui/retui/window/manager.go:291.46,295.68 3 0
github.com/subhasundardass/retui/retui/window/manager.go:295.68,297.3 1 0
github.com/subhasundardass/retui/retui/window/manager.go:298.2,298.42 1 0
github.com/subhasundardass/retui/retui/window/manager.go:298.42,300.3 1 0
github.com/subhasundardass/retui/retui/window/manager.go:301.2,302.23 2 0
github.com/subhasundardass/retui/retui/window/manager.go:306.52,309.52 3 0
github.com/subhasundardass/retui/retui/window/manager.go:309.52,311.3 1 0
github.com/subhasundardass/retui/retui/window/manager.go:312.2,312.25 1 0
github.com/subhasundardass/retui/retui/window/manager.go:317.38,320.52 3 0
github.com/subhasundardass/retui/retui/window/manager.go:320.52,321.29 1 0
github.com/subhasundardass/retui/retui/window/manager.go:321.29,323.38 2 0
github.com/subhasundardass/retui/retui/window/manager.go:323.38,324.22 1 0
github.com/subhasundardass/retui/retui/window/manager.go:324.22,326.11 2 0
github.com/subhasundardass/retui/retui/window/manager.go:329.4,329.16 1 0
github.com/subhasundardass/retui/retui/window/manager.go:329.16,333.5 3 0
github.com/subhasundardass/retui/retui/window/manager.go:335.3,335.9 1 0
github.com/subhasundardass/retui/retui/window/manager.go:338.2,338.24 1 0
github.com/subhasundardass/retui/retui/window/manager.go:338.24,340.3 1 0
github.com/subhasundardass/retui/retui/window/manager.go:341.2,342.30 2 0
github.com/subhasundardass/retui/retui/window/manager.go:342.30,343.23 1 0
github.com/subhasundardass/retui/retui/window/manager.go:343.23,345.9 2 0
github.com/subhasundardass/retui/retui/window/manager.go:348.2,349.30 2 0
github.com/subhasundardass/retui/retui/window/manager.go:349.30,351.3 1 0
github.com/subhasundardass/retui/retui/window/manager.go:352.2,353.23 2 0
github.com/subhasundardass/retui/retui/window/manager.go:360.39,364.2 2 0
github.com/subhasundardass/retui/retui/window/manager.go:367.33,369.2 1 0
github.com/subhasundardass/retui/retui/window/manager.go:372.45,376.31 4 0
github.com/subhasundardass/retui/retui/window/manager.go:376.31,378.3 1 0
github.com/subhasundardass/retui/retui/window/manager.go:379.2,379.16 1 0
github.com/subhasundardass/retui/retui/window/manager.go:383.49,387.30 4 0
github.com/subhasundardass/retui/retui/window/manager.go:387.30,388.51 1 0
github.com/subhasundardass/retui/retui/window/manager.go:388.51,390.4 1 0
github.com/subhasundardass/retui/retui/window/manager.go:392.2,392.16 1 0
github.com/subhasundardass/retui/retui/window/manager.go:396.38,400.2 3 0
github.com/subhasundardass/retui/retui/window/manager.go:403.45,408.31 4 0
github.com/subhasundardass/retui/retui/window/manager.go:408.31,409.16 1 0
github.com/subhasundardass/retui/retui/window/manager.go:409.16,411.4 1 0
github.com/subhasundardass/retui/retui/window/manager.go:413.2,413.14 1 0
github.com/subhasundardass/retui/retui/window/manager.go:417.48,420.31 3 0
github.com/subhasundardass/retui/retui/window/manager.go:420.31,421.35 1 0
github.com/subhasundardass/retui/retui/window/manager.go:421.35,423.4 1 0
github.com/subhasundardass/retui/retui/window/manager.go:425.2,425.14 1 0
github.com/subhasundardass/retui/retui/window/manager.go:429.55,432.42 3 0
github.com/subhasundardass/retui/retui/window/manager.go:432.42,433.75 1 0
github.com/subhasundardass/retui/retui/window/manager.go:433.75,435.4 1 0
github.com/subhasundardass/retui/retui/window/manager.go:437.2,437.12 1 0
github.com/subhasundardass/retui/retui/window/manager.go:441.52,446.2 4 0
github.com/subhasundardass/retui/retui/window/manager.go:449.58,453.18 4 0
github.com/subhasundardass/retui/retui/window/manager.go:453.18,455.3 1 0
github.com/subhasundardass/retui/retui/window/manager.go:456.2,456.21 1 0
github.com/subhasundardass/retui/retui/window/manager.go:460.50,464.2 3 0
github.com/subhasundardass/retui/retui/window/manager.go:471.53,472.29 1 0
github.com/subhasundardass/retui/retui/window/manager.go:472.29,474.3 1 0
github.com/subhasundardass/retui/retui/window/manager.go:475.2,475.44 1 0
github.com/subhasundardass/retui/retui/window/manager.go:479.56,480.31 1 0
github.com/subhasundardass/retui/retui/window/manager.go:480.31,481.16 1 0
github.com/subhasundardass/retui/retui/window/manager.go:481.16,483.9 2 0
github.com/subhasundardass/retui/retui/window/manager.go:486.2,486.33 1 0
github.com/subhasundardass/retui/retui/window/manager.go:490.47,492.30 2 0
github.com/subhasundardass/retui/retui/window/manager.go:492.30,493.49 1 0
github.com/subhasundardass/retui/retui/window/manager.go:493.49,495.4 1 0
github.com/subhasundardass/retui/retui/window/manager.go:495.9,497.4 1 0
github.com/subhasundardass/retui/retui/window/manager.go:499.2,499.41 1 0
github.com/subhasundardass/retui/retui/window/manager.go:503.58,505.36 1 0
github.com/subhasundardass/retui/retui/window/manager.go:505.36,506.16 1 0
github.com/subhasundardass/retui/retui/window/manager.go:506.16,508.9 2 0
github.com/subhasundardass/retui/retui/window/manager.go:511.2,513.27 2 0
github.com/subhasundardass/retui/retui/window/manager.go:517.54,519.33 2 0
github.com/subhasundardass/retui/retui/window/manager.go:519.33,523.3 3 0
github.com/subhasundardass/retui/retui/window/manager.go:534.39,536.2 1 0
github.com/subhasundardass/retui/retui/window/manager.go:539.34,541.2 1 0
github.com/subhasundardass/retui/retui/window/manager.go:544.17,546.41 2 0
github.com/subhasundardass/retui/retui/window/manager.go:546.41,547.45 1 0
github.com/subhasundardass/retui/retui/window/manager.go:547.45,551.4 3 0
github.com/subhasundardass/retui/retui/window/manager.go:552.3,552.36 1 0
github.com/subhasundardass/retui/retui/window/manager.go:554.2,558.34 5 0
github.com/subhasundardass/retui/retui/window/manager.go:562.27,564.2 1 0
github.com/subhasundardass/retui/retui/window/manager.go:567.18,569.2 1 0
github.com/subhasundardass/retui/retui/window/manager.go:572.25,574.2 1 0
github.com/subhasundardass/retui/retui/window/manager.go:577.26,579.2 1 0
github.com/subhasundardass/retui/retui/window/manager.go:582.28,584.2 1 0
github.com/subhasundardass/retui/retui/window/manager.go:587.29,589.2 1 0
github.com/subhasundardass/retui/retui/window/manager.go:592.38,594.2 1 0
github.com/subhasundardass/retui/retui/window/manager.go:597.30,599.2 1 0
github.com/subhasundardass/retui/retui/window/renderer.go:12.44,14.2 1 0
github.com/subhasundardass/retui/retui/window/renderer.go:25.76,29.22 2 0
github.com/subhasundardass/retui/retui/window/renderer.go:29.22,31.3 1 0
github.com/subhasundardass/retui/retui/window/renderer.go:34.2,37.40 2 0
github.com/subhasundardass/retui/retui/window/renderer.go:37.40,39.33 2 0
github.com/subhasundardass/retui/retui/window/renderer.go:39.33,40.12 1 0
github.com/subhasundardass/retui/retui/window/renderer.go:42.3,42.61 1 0
github.com/subhasundardass/retui/retui/window/renderer.go:47.2,54.3 1 0
github.com/subhasundardass/retui/retui/window/renderer.go:59.75,65.2 2 0
github.com/subhasundardass/retui/retui/window/renderer.go:68.72,70.23 2 0
github.com/subhasundardass/retui/retui/window/renderer.go:70.23,72.3 1 0
github.com/subhasundardass/retui/retui/window/renderer.go:74.2,75.31 2 0
github.com/subhasundardass/retui/retui/window/renderer.go:75.31,77.3 1 0
github.com/subhasundardass/retui/retui/window/renderer.go:79.2,80.22 2 0
github.com/subhasundardass/retui/retui/window/renderer.go:80.22,82.3 1 0
github.com/subhasundardass/retui/retui/window/renderer.go:84.2,85.20 2 0
github.com/subhasundardass/retui/retui/window/renderer.go:85.20,87.3 1 0
github.com/subhasundardass/retui/retui/window/renderer.go:89.2,98.23 2 0
github.com/subhasundardass/retui/retui/window/renderer.go:98.23,104.3 1 0
github.com/subhasundardass/retui/retui/window/renderer.go:106.2,111.3 1 0
github.com/subhasundardass/retui/retui/window/renderer.go:115.67,119.35 3 0
github.com/subhasundardass/retui/retui/window/renderer.go:119.35,121.3 1 0
github.com/subhasundardass/retui/retui/window/renderer.go:124.2,142.3 1 0
github.com/subhasundardass/retui/retui/window/renderer.go:154.68,158.2 2 0
github.com/subhasundardass/retui/retui/window/window.go:16.46,19.2 2 0
github.com/subhasundardass/retui/retui/window/window.go:44.31,47.2 2 0
github.com/subhasundardass/retui/retui/window/window.go:51.32,54.2 2 0
github.com/subhasundardass/retui/retui/window/window.go:58.26,74.2 3 0
github.com/subhasundardass/retui/retui/window/window.go:81.49,86.2 4 0
github.com/subhasundardass/retui/retui/window/window.go:89.53,95.2 5 0
github.com/subhasundardass/retui/retui/window/window.go:98.48,104.2 5 0
github.com/subhasundardass/retui/retui/window/window.go:107.47,112.2 4 0
github.com/subhasundardass/retui/retui/window/window.go:114.63,119.2 4 0
github.com/subhasundardass/retui/retui/window/window.go:122.64,127.2 4 0
github.com/subhasundardass/retui/retui/window/window.go:130.60,135.2 4 0
github.com/subhasundardass/retui/retui/window/window.go:143.33,151.2 5 0
github.com/subhasundardass/retui/retui/window/window.go:155.33,163.2 5 0
github.com/subhasundardass/retui/retui/window/window.go:167.26,174.2 5 0
github.com/subhasundardass/retui/retui/window/window.go:178.42,184.14 5 0
github.com/subhasundardass/retui/retui/window/window.go:184.14,186.3 1 0
github.com/subhasundardass/retui/retui/window/window.go:186.8,188.3 1 0
github.com/subhasundardass/retui/retui/window/window.go:189.2,189.17 1 0
github.com/subhasundardass/retui/retui/window/window.go:194.66,199.2 4 0
github.com/subhasundardass/retui/retui/window/window.go:202.48,208.15 4 0
github.com/subhasundardass/retui/retui/window/window.go:208.15,210.3 1 0
github.com/subhasundardass/retui/retui/window/window.go:212.2,212.14 1 0
github.com/subhasundardass/retui/retui/window/window.go:215.28,217.2 1 0
github.com/subhasundardass/retui/retui/window/window.go:219.39,221.2 1 0
github.com/subhasundardass/retui/retui/window/window.go:228.26,230.2 1 0
github.com/subhasundardass/retui/retui/window/window.go:233.35,237.2 3 0
github.com/subhasundardass/retui/retui/window/window.go:244.35,248.2 3 0
github.com/subhasundardass/retui/retui/window/window.go:251.33,255.2 3 0
github.com/subhasundardass/retui/retui/window/window.go:258.34,260.2 1 0
github.com/subhasundardass/retui/retui/window/window.go:263.36,267.2 3 0
github.com/subhasundardass/retui/retui/window/window.go:270.35,274.2 3 0
github.com/subhasundardass/retui/retui/window/window.go:277.39,281.2 3 0
github.com/subhasundardass/retui/retui/window/window.go:284.37,288.2 3 0
github.com/subhasundardass/retui/retui/window/window.go:291.51,295.2 3 0
github.com/subhasundardass/retui/retui/window/window.go:298.47,302.2 3 0
github.com/subhasundardass/retui/retui/window/window.go:306.38,310.2 3 0
github.com/subhasundardass/retui/retui/window/window.go:319.35,326.18 5 0
github.com/subhasundardass/retui/retui/window/window.go:326.18,328.3 1 0
github.com/subhasundardass/retui/retui/window/window.go:329.2,329.19 1 0
github.com/subhasundardass/retui/retui/window/window.go:329.19,331.3 1 0
github.com/subhasundardass/retui/retui/window/window.go:336.2,336.27 1 0
github.com/subhasundardass/retui/retui/window/window.go:336.27,338.3 1 0
github.com/subhasundardass/retui/retui/window/window.go:339.2,339.29 1 0
github.com/subhasundardass/retui/retui/window/window.go:339.29,341.3 1 0
github.com/subhasundardass/retui/retui/window/window.go:343.2,346.13 3 0
github.com/subhasundardass/retui/retui/window/window.go:346.13,348.3 1 0
github.com/subhasundardass/retui/retui/window/window.go:349.2,349.13 1 0
github.com/subhasundardass/retui/retui/window/window.go:349.13,351.3 1 0
github.com/subhasundardass/retui/retui/window/window.go:353.2,353.10 1 0
github.com/subhasundardass/retui/retui/window/window.go:357.62,362.13 4 0
github.com/subhasundardass/retui/retui/window/window.go:362.13,364.3 1 0
github.com/subhasundardass/retui/retui/window/window.go:365.2,365.31 1 0
github.com/subhasundardass/retui/retui/window/window.go:365.31,367.3 1 0
github.com/subhasundardass/retui/retui/window/window.go:368.2,368.10 1 0
github.com/subhasundardass/retui/retui/window/window.go:372.61,377.13 4 0
github.com/subhasundardass/retui/retui/window/window.go:377.13,379.3 1 0
github.com/subhasundardass/retui/retui/window/window.go:380.2,380.33 1 0
github.com/subhasundardass/retui/retui/window/window.go:380.33,382.3 1 0
github.com/subhasundardass/retui/retui/window/window.go:383.2,383.10 1 0
github.com/subhasundardass/retui/retui/window/window.go:387.43,393.2 5 0
github.com/subhasundardass/retui/retui/window/window.go:396.45,402.2 5 0
github.com/subhasundardass/retui/retui/window/window.go:405.54,411.2 5 0
github.com/subhasundardass/retui/retui/window/window.go:419.60,426.2 5 0
github.com/subhasundardass/retui/retui/window/window.go:429.45,433.2 3 0
github.com/subhasundardass/retui/retui/window/window.go:437.41,443.15 5 0
github.com/subhasundardass/retui/retui/window/window.go:443.15,445.3 1 0
github.com/subhasundardass/retui/retui/window/window.go:447.2,447.16 1 0
github.com/subhasundardass/retui/retui/window/window.go:455.34,460.2 3 0
github.com/subhasundardass/retui/retui/window/window.go:464.34,482.2 3 0
github.com/subhasundardass/retui/retui/window/window.go:493.26,499.2 4 0
github.com/subhasundardass/retui/retui/window/window.go:502.27,505.21 2 0
github.com/subhasundardass/retui/retui/window/window.go:505.21,507.17 2 0
github.com/subhasundardass/retui/retui/window/window.go:507.17,511.4 3 0
github.com/subhasundardass/retui/retui/window/window.go:515.2,516.21 2 0
github.com/subhasundardass/retui/retui/window/window.go:516.21,519.17 3 0
github.com/subhasundardass/retui/retui/window/window.go:519.17,522.4 2 0
github.com/subhasundardass/retui/retui/window/window.go:531.62,542.40 2 0
github.com/subhasundardass/retui/retui/window/window.go:542.40,543.64 1 0
github.com/subhasundardass/retui/retui/window/window.go:543.64,546.4 2 0
github.com/subhasundardass/retui/retui/window/window.go:547.3,547.15 1 0
github.com/subhasundardass/retui/retui/window/window.go:550.2,550.10 1 0
