mode: atomic
github.com/subhasundardass/retui/retui/elements.go:29.65,31.25 2 0
github.com/subhasundardass/retui/retui/elements.go:31.25,33.3 1 0
github.com/subhasundardass/retui/retui/elements.go:34.2,35.26 2 0
github.com/subhasundardass/retui/retui/elements.go:35.26,37.3 1 0
github.com/subhasundardass/retui/retui/elements.go:39.2,61.3 1 0
github.com/subhasundardass/retui/retui/elements.go:64.45,70.2 1 31
github.com/subhasundardass/retui/retui/elements.go:75.54,81.2 1 0
github.com/subhasundardass/retui/retui/elements.go:87.52,94.2 1 0
github.com/subhasundardass/retui/retui/elements.go:100.67,101.15 1 0
github.com/subhasundardass/retui/retui/elements.go:101.15,103.3 1 0
github.com/subhasundardass/retui/retui/elements.go:104.2,104.16 1 0
github.com/subhasundardass/retui/retui/elements.go:108.58,109.15 1 0
github.com/subhasundardass/retui/retui/elements.go:109.15,111.3 1 0
github.com/subhasundardass/retui/retui/elements.go:112.2,112.15 1 0
github.com/subhasundardass/retui/retui/elements.go:118.53,127.2 3 0
github.com/subhasundardass/retui/retui/elements.go:137.53,144.2 1 0
github.com/subhasundardass/retui/retui/focus.go:56.38,61.2 1 1
github.com/subhasundardass/retui/retui/focus.go:76.44,80.2 3 0
github.com/subhasundardass/retui/retui/focus.go:85.41,89.2 3 0
github.com/subhasundardass/retui/retui/focus.go:98.50,102.2 3 0
github.com/subhasundardass/retui/retui/focus.go:121.55,124.27 2 0
github.com/subhasundardass/retui/retui/focus.go:124.27,125.15 1 0
github.com/subhasundardass/retui/retui/focus.go:125.15,127.4 1 0
github.com/subhasundardass/retui/retui/focus.go:128.3,128.15 1 0
github.com/subhasundardass/retui/retui/focus.go:128.15,130.4 1 0
github.com/subhasundardass/retui/retui/focus.go:131.3,131.18 1 0
github.com/subhasundardass/retui/retui/focus.go:134.2,137.12 4 0
github.com/subhasundardass/retui/retui/focus.go:149.38,154.21 3 0
github.com/subhasundardass/retui/retui/focus.go:154.21,156.3 1 0
github.com/subhasundardass/retui/retui/focus.go:158.2,158.23 1 0
github.com/subhasundardass/retui/retui/focus.go:158.23,160.3 1 0
github.com/subhasundardass/retui/retui/focus.go:162.2,163.13 2 0
github.com/subhasundardass/retui/retui/focus.go:163.13,167.3 2 0
github.com/subhasundardass/retui/retui/focus.go:170.2,172.18 3 0
github.com/subhasundardass/retui/retui/focus.go:184.38,189.21 3 0
github.com/subhasundardass/retui/retui/focus.go:189.21,191.3 1 0
github.com/subhasundardass/retui/retui/focus.go:193.2,193.23 1 0
github.com/subhasundardass/retui/retui/focus.go:193.23,195.3 1 0
github.com/subhasundardass/retui/retui/focus.go:197.2,198.13 2 0
github.com/subhasundardass/retui/retui/focus.go:198.13,202.3 2 0
github.com/subhasundardass/retui/retui/focus.go:205.2,206.17 2 0
github.com/subhasundardass/retui/retui/focus.go:206.17,208.3 1 0
github.com/subhasundardass/retui/retui/focus.go:209.2,210.18 2 0
github.com/subhasundardass/retui/retui/focus.go:214.47,215.28 1 0
github.com/subhasundardass/retui/retui/focus.go:215.28,216.14 1 0
github.com/subhasundardass/retui/retui/focus.go:216.14,218.4 1 0
github.com/subhasundardass/retui/retui/focus.go:220.2,220.11 1 0
github.com/subhasundardass/retui/retui/focus.go:239.45,243.21 3 0
github.com/subhasundardass/retui/retui/focus.go:243.21,245.3 1 0
github.com/subhasundardass/retui/retui/focus.go:247.2,251.16 2 0
github.com/subhasundardass/retui/retui/focus.go:264.42,268.23 3 0
github.com/subhasundardass/retui/retui/focus.go:268.23,270.3 1 0
github.com/subhasundardass/retui/retui/focus.go:273.2,276.18 3 0
github.com/subhasundardass/retui/retui/focus.go:297.48,301.2 3 0
github.com/subhasundardass/retui/retui/focus.go:309.39,313.2 3 0
github.com/subhasundardass/retui/retui/focus.go:318.44,322.2 3 0
github.com/subhasundardass/retui/retui/focus.go:331.51,335.2 3 0
github.com/subhasundardass/retui/retui/focus.go:401.79,403.20 2 0
github.com/subhasundardass/retui/retui/focus.go:403.20,405.3 1 0
github.com/subhasundardass/retui/retui/focus.go:408.2,408.49 1 0
github.com/subhasundardass/retui/retui/focus.go:408.49,409.30 1 0
github.com/subhasundardass/retui/retui/focus.go:409.30,411.4 1 0
github.com/subhasundardass/retui/retui/focus.go:412.8,414.17 1 0
github.com/subhasundardass/retui/retui/focus.go:414.17,416.4 1 0
github.com/subhasundardass/retui/retui/focus.go:420.2,420.18 1 0
github.com/subhasundardass/retui/retui/focus.go:420.18,422.3 1 0
github.com/subhasundardass/retui/retui/focus.go:424.2,425.18 2 0
github.com/subhasundardass/retui/retui/focus.go:435.26,437.2 1 0
github.com/subhasundardass/retui/retui/focus.go:440.28,442.2 1 0
github.com/subhasundardass/retui/retui/focus.go:445.32,447.2 1 0
github.com/subhasundardass/retui/retui/focus.go:450.42,452.2 1 0
github.com/subhasundardass/retui/retui/focus.go:455.18,457.2 1 0
github.com/subhasundardass/retui/retui/focus.go:460.18,462.2 1 0
github.com/subhasundardass/retui/retui/focus.go:465.27,467.2 1 0
github.com/subhasundardass/retui/retui/focus.go:470.17,472.2 1 0
github.com/subhasundardass/retui/retui/focus.go:475.30,477.2 1 0
github.com/subhasundardass/retui/retui/focus.go:480.21,482.2 1 0
github.com/subhasundardass/retui/retui/focus.go:485.29,487.2 1 0
github.com/subhasundardass/retui/retui/focus.go:490.38,492.2 1 0
github.com/subhasundardass/retui/retui/hooks.go:91.20,99.2 4 0
github.com/subhasundardass/retui/retui/hooks.go:111.24,114.28 3 0
github.com/subhasundardass/retui/retui/hooks.go:114.28,115.23 1 0
github.com/subhasundardass/retui/retui/hooks.go:115.23,117.4 1 0
github.com/subhasundardass/retui/retui/hooks.go:129.29,135.2 5 0
github.com/subhasundardass/retui/retui/hooks.go:150.23,161.2 8 0
github.com/subhasundardass/retui/retui/hooks.go:184.46,194.23 4 0
github.com/subhasundardass/retui/retui/hooks.go:194.23,196.3 1 0
github.com/subhasundardass/retui/retui/hooks.go:196.8,199.35 1 0
github.com/subhasundardass/retui/retui/hooks.go:199.35,201.4 1 0
github.com/subhasundardass/retui/retui/hooks.go:203.2,206.25 3 0
github.com/subhasundardass/retui/retui/hooks.go:206.25,210.16 4 0
github.com/subhasundardass/retui/retui/hooks.go:210.16,212.4 1 0
github.com/subhasundardass/retui/retui/hooks.go:215.2,215.24 1 0
github.com/subhasundardass/retui/retui/hooks.go:233.63,238.43 3 0
github.com/subhasundardass/retui/retui/hooks.go:238.43,240.3 1 0
github.com/subhasundardass/retui/retui/hooks.go:241.2,244.25 3 0
github.com/subhasundardass/retui/retui/hooks.go:244.25,248.16 4 0
github.com/subhasundardass/retui/retui/hooks.go:248.16,250.4 1 0
github.com/subhasundardass/retui/retui/hooks.go:253.2,253.24 1 0
github.com/subhasundardass/retui/retui/hooks.go:279.77,282.29 2 0
github.com/subhasundardass/retui/retui/hooks.go:282.29,287.35 3 0
github.com/subhasundardass/retui/retui/hooks.go:287.35,288.64 1 0
github.com/subhasundardass/retui/retui/hooks.go:288.64,290.10 2 0
github.com/subhasundardass/retui/retui/hooks.go:293.3,294.15 2 0
github.com/subhasundardass/retui/retui/hooks.go:294.15,296.4 1 0
github.com/subhasundardass/retui/retui/hooks.go:296.9,298.4 1 0
github.com/subhasundardass/retui/retui/hooks.go:299.3,302.17 3 0
github.com/subhasundardass/retui/retui/hooks.go:305.2,305.24 1 0
github.com/subhasundardass/retui/retui/hooks.go:329.53,333.22 3 0
github.com/subhasundardass/retui/retui/hooks.go:333.22,335.34 2 0
github.com/subhasundardass/retui/retui/hooks.go:335.34,337.4 1 0
github.com/subhasundardass/retui/retui/hooks.go:340.2,343.23 2 0
github.com/subhasundardass/retui/retui/hooks.go:343.23,345.3 1 0
github.com/subhasundardass/retui/retui/hooks.go:345.8,347.3 1 0
github.com/subhasundardass/retui/retui/hooks.go:349.2,349.15 1 0
github.com/subhasundardass/retui/retui/hooks.go:372.26,376.2 3 0
github.com/subhasundardass/retui/retui/hooks.go:380.27,384.2 3 0
github.com/subhasundardass/retui/retui/hooks.go:392.39,399.23 5 0
github.com/subhasundardass/retui/retui/hooks.go:399.23,403.3 3 0
github.com/subhasundardass/retui/retui/hooks.go:405.2,405.39 1 0
github.com/subhasundardass/retui/retui/hooks.go:405.39,407.3 1 0
github.com/subhasundardass/retui/retui/hooks.go:410.2,412.10 3 0
github.com/subhasundardass/retui/retui/hooks.go:445.46,449.25 3 0
github.com/subhasundardass/retui/retui/hooks.go:449.25,452.3 2 0
github.com/subhasundardass/retui/retui/hooks.go:454.2,455.37 2 0
github.com/subhasundardass/retui/retui/hooks.go:455.37,459.3 3 0
github.com/subhasundardass/retui/retui/hooks.go:474.19,486.56 4 0
github.com/subhasundardass/retui/retui/hooks.go:486.56,487.23 1 0
github.com/subhasundardass/retui/retui/hooks.go:487.23,494.4 2 0
github.com/subhasundardass/retui/retui/hooks.go:498.2,499.33 2 0
github.com/subhasundardass/retui/retui/hooks.go:499.33,500.48 1 0
github.com/subhasundardass/retui/retui/hooks.go:500.48,501.33 1 0
github.com/subhasundardass/retui/retui/hooks.go:501.33,503.5 1 0
github.com/subhasundardass/retui/retui/hooks.go:505.3,505.35 1 0
github.com/subhasundardass/retui/retui/hooks.go:514.2,514.30 1 0
github.com/subhasundardass/retui/retui/hooks.go:514.30,516.3 1 0
github.com/subhasundardass/retui/retui/hooks.go:517.2,517.30 1 0
github.com/subhasundardass/retui/retui/hooks.go:517.30,519.3 1 0
github.com/subhasundardass/retui/retui/hooks.go:520.2,523.25 2 0
github.com/subhasundardass/retui/retui/hooks.go:523.25,528.27 4 0
github.com/subhasundardass/retui/retui/hooks.go:528.27,531.4 2 0
github.com/subhasundardass/retui/retui/hooks.go:532.3,532.19 1 0
github.com/subhasundardass/retui/retui/hooks.go:535.2,535.33 1 0
github.com/subhasundardass/retui/retui/hooks.go:535.33,537.3 1 0
github.com/subhasundardass/retui/retui/hooks.go:567.55,569.2 1 0
github.com/subhasundardass/retui/retui/hooks.go:573.70,575.15 2 0
github.com/subhasundardass/retui/retui/hooks.go:575.15,575.53 1 0
github.com/subhasundardass/retui/retui/hooks.go:576.2,576.17 1 0
github.com/subhasundardass/retui/retui/hooks.go:580.41,581.23 1 0
github.com/subhasundardass/retui/retui/hooks.go:581.23,583.3 1 0
github.com/subhasundardass/retui/retui/hooks.go:584.2,584.32 1 0
github.com/subhasundardass/retui/retui/hooks.go:598.28,612.2 11 0
github.com/subhasundardass/retui/retui/hooks.go:622.33,623.22 1 0
github.com/subhasundardass/retui/retui/hooks.go:623.22,625.3 1 0
github.com/subhasundardass/retui/retui/hooks.go:626.2,626.19 1 0
github.com/subhasundardass/retui/retui/hooks.go:626.19,627.33 1 0
github.com/subhasundardass/retui/retui/hooks.go:627.33,629.4 1 0
github.com/subhasundardass/retui/retui/hooks.go:631.2,631.13 1 0
github.com/subhasundardass/retui/retui/hooks.go:634.43,635.15 1 0
github.com/subhasundardass/retui/retui/hooks.go:635.15,636.31 1 0
github.com/subhasundardass/retui/retui/hooks.go:636.31,638.4 1 0
github.com/subhasundardass/retui/retui/hooks.go:640.2,640.32 1 0
github.com/subhasundardass/retui/retui/hooks.go:643.26,644.15 1 0
github.com/subhasundardass/retui/retui/hooks.go:644.15,646.3 1 0
github.com/subhasundardass/retui/retui/hooks.go:647.2,647.15 1 0
github.com/subhasundardass/retui/retui/hooks.go:647.15,647.28 1 0
github.com/subhasundardass/retui/retui/hooks.go:648.2,648.6 1 0
github.com/subhasundardass/retui/retui/hooks.go:651.51,652.15 1 0
github.com/subhasundardass/retui/retui/hooks.go:652.15,654.3 1 0
github.com/subhasundardass/retui/retui/hooks.go:655.2,655.15 1 0
github.com/subhasundardass/retui/retui/hooks.go:655.15,655.28 1 0
github.com/subhasundardass/retui/retui/hooks.go:656.2,656.13 1 0
github.com/subhasundardass/retui/retui/key.go:117.29,118.17 1 0
github.com/subhasundardass/retui/retui/key.go:118.17,120.3 1 0
github.com/subhasundardass/retui/retui/key.go:124.2,124.48 1 0
github.com/subhasundardass/retui/retui/key.go:124.48,125.15 1 0
github.com/subhasundardass/retui/retui/key.go:127.12,128.27 1 0
github.com/subhasundardass/retui/retui/key.go:129.12,130.29 1 0
github.com/subhasundardass/retui/retui/key.go:131.12,132.30 1 0
github.com/subhasundardass/retui/retui/key.go:133.12,134.29 1 0
github.com/subhasundardass/retui/retui/key.go:135.12,136.33 1 0
github.com/subhasundardass/retui/retui/key.go:139.12,140.27 1 0
github.com/subhasundardass/retui/retui/key.go:141.12,142.27 1 0
github.com/subhasundardass/retui/retui/key.go:143.12,144.27 1 0
github.com/subhasundardass/retui/retui/key.go:145.12,146.27 1 0
github.com/subhasundardass/retui/retui/key.go:149.12,150.29 1 0
github.com/subhasundardass/retui/retui/key.go:151.12,152.28 1 0
github.com/subhasundardass/retui/retui/key.go:155.27,156.34 1 0
github.com/subhasundardass/retui/retui/key.go:156.34,157.17 1 0
github.com/subhasundardass/retui/retui/key.go:158.14,159.33 1 0
github.com/subhasundardass/retui/retui/key.go:160.14,161.33 1 0
github.com/subhasundardass/retui/retui/key.go:162.14,163.33 1 0
github.com/subhasundardass/retui/retui/key.go:164.14,165.35 1 0
github.com/subhasundardass/retui/retui/key.go:172.2,172.48 1 0
github.com/subhasundardass/retui/retui/key.go:172.48,173.15 1 0
github.com/subhasundardass/retui/retui/key.go:174.12,175.27 1 0
github.com/subhasundardass/retui/retui/key.go:176.12,177.27 1 0
github.com/subhasundardass/retui/retui/key.go:178.12,179.27 1 0
github.com/subhasundardass/retui/retui/key.go:180.12,181.27 1 0
github.com/subhasundardass/retui/retui/key.go:184.2,184.63 1 0
github.com/subhasundardass/retui/retui/key.go:184.63,185.15 1 0
github.com/subhasundardass/retui/retui/key.go:186.12,187.19 1 0
github.com/subhasundardass/retui/retui/key.go:187.19,189.5 1 0
github.com/subhasundardass/retui/retui/key.go:190.12,191.19 1 0
github.com/subhasundardass/retui/retui/key.go:191.19,193.5 1 0
github.com/subhasundardass/retui/retui/key.go:194.12,195.19 1 0
github.com/subhasundardass/retui/retui/key.go:195.19,197.5 1 0
github.com/subhasundardass/retui/retui/key.go:198.12,199.19 1 0
github.com/subhasundardass/retui/retui/key.go:199.19,201.5 1 0
github.com/subhasundardass/retui/retui/key.go:205.2,205.63 1 0
github.com/subhasundardass/retui/retui/key.go:205.63,206.15 1 0
github.com/subhasundardass/retui/retui/key.go:207.12,208.19 1 0
github.com/subhasundardass/retui/retui/key.go:208.19,210.5 1 0
github.com/subhasundardass/retui/retui/key.go:211.12,212.19 1 0
github.com/subhasundardass/retui/retui/key.go:212.19,214.5 1 0
github.com/subhasundardass/retui/retui/key.go:215.12,216.19 1 0
github.com/subhasundardass/retui/retui/key.go:216.19,218.5 1 0
github.com/subhasundardass/retui/retui/key.go:219.12,220.19 1 0
github.com/subhasundardass/retui/retui/key.go:220.19,222.5 1 0
github.com/subhasundardass/retui/retui/key.go:228.2,228.33 1 0
github.com/subhasundardass/retui/retui/key.go:228.33,229.35 1 0
github.com/subhasundardass/retui/retui/key.go:229.35,231.4 1 0
github.com/subhasundardass/retui/retui/key.go:232.3,232.35 1 0
github.com/subhasundardass/retui/retui/key.go:232.35,234.4 1 0
github.com/subhasundardass/retui/retui/key.go:239.2,239.14 1 0
github.com/subhasundardass/retui/retui/key.go:240.12,241.30 1 0
github.com/subhasundardass/retui/retui/key.go:242.18,243.29 1 0
github.com/subhasundardass/retui/retui/key.go:244.18,245.33 1 0
github.com/subhasundardass/retui/retui/key.go:246.12,247.27 1 0
github.com/subhasundardass/retui/retui/key.go:248.12,249.29 1 0
github.com/subhasundardass/retui/retui/key.go:250.12,251.29 1 0
github.com/subhasundardass/retui/retui/key.go:257.12,258.29 1 0
github.com/subhasundardass/retui/retui/key.go:259.12,260.29 1 0
github.com/subhasundardass/retui/retui/key.go:261.12,262.29 1 0
github.com/subhasundardass/retui/retui/key.go:263.12,264.29 1 0
github.com/subhasundardass/retui/retui/key.go:265.12,266.29 1 0
github.com/subhasundardass/retui/retui/key.go:267.12,268.29 1 0
github.com/subhasundardass/retui/retui/key.go:272.12,273.29 1 0
github.com/subhasundardass/retui/retui/key.go:274.12,275.29 1 0
github.com/subhasundardass/retui/retui/key.go:277.12,278.29 1 0
github.com/subhasundardass/retui/retui/key.go:279.12,280.29 1 0
github.com/subhasundardass/retui/retui/key.go:281.12,282.29 1 0
github.com/subhasundardass/retui/retui/key.go:283.12,284.29 1 0
github.com/subhasundardass/retui/retui/key.go:285.12,286.29 1 0
github.com/subhasundardass/retui/retui/key.go:287.12,288.29 1 0
github.com/subhasundardass/retui/retui/key.go:289.12,290.29 1 0
github.com/subhasundardass/retui/retui/key.go:291.12,292.29 1 0
github.com/subhasundardass/retui/retui/key.go:293.12,294.29 1 0
github.com/subhasundardass/retui/retui/key.go:295.12,296.29 1 0
github.com/subhasundardass/retui/retui/key.go:297.12,298.29 1 0
github.com/subhasundardass/retui/retui/key.go:299.12,300.29 1 0
github.com/subhasundardass/retui/retui/key.go:301.12,302.29 1 0
github.com/subhasundardass/retui/retui/key.go:307.2,307.30 1 0
github.com/subhasundardass/retui/retui/key.go:324.43,325.17 1 0
github.com/subhasundardass/retui/retui/key.go:325.17,327.3 1 0
github.com/subhasundardass/retui/retui/key.go:330.2,330.18 1 0
github.com/subhasundardass/retui/retui/key.go:330.18,332.3 1 0
github.com/subhasundardass/retui/retui/key.go:335.2,335.17 1 0
github.com/subhasundardass/retui/retui/key.go:335.17,337.3 1 0
github.com/subhasundardass/retui/retui/key.go:340.2,340.32 1 0
github.com/subhasundardass/retui/retui/key.go:340.32,342.3 1 0
github.com/subhasundardass/retui/retui/key.go:345.2,345.30 1 0
github.com/subhasundardass/retui/retui/key.go:345.30,349.41 2 0
github.com/subhasundardass/retui/retui/key.go:349.41,351.4 1 0
github.com/subhasundardass/retui/retui/key.go:355.2,355.15 1 0
github.com/subhasundardass/retui/retui/key.go:359.43,362.17 2 0
github.com/subhasundardass/retui/retui/key.go:362.17,365.16 1 0
github.com/subhasundardass/retui/retui/key.go:365.16,370.15 4 0
github.com/subhasundardass/retui/retui/key.go:370.15,372.5 1 0
github.com/subhasundardass/retui/retui/key.go:374.4,386.12 7 0
github.com/subhasundardass/retui/retui/key.go:389.3,389.37 1 0
github.com/subhasundardass/retui/retui/key.go:389.37,392.12 3 0
github.com/subhasundardass/retui/retui/key.go:395.3,396.13 2 0
github.com/subhasundardass/retui/retui/key.go:396.13,397.9 1 0
github.com/subhasundardass/retui/retui/key.go:400.3,401.12 2 0
github.com/subhasundardass/retui/retui/key.go:404.2,404.13 1 0
github.com/subhasundardass/retui/retui/key.go:410.33,412.2 1 0
github.com/subhasundardass/retui/retui/key.go:415.32,417.2 1 0
github.com/subhasundardass/retui/retui/key.go:420.35,422.2 1 0
github.com/subhasundardass/retui/retui/key.go:425.37,426.16 1 0
github.com/subhasundardass/retui/retui/key.go:427.82,428.14 1 0
github.com/subhasundardass/retui/retui/key.go:429.10,430.15 1 0
github.com/subhasundardass/retui/retui/key.go:435.30,436.17 1 0
github.com/subhasundardass/retui/retui/key.go:436.17,438.3 1 0
github.com/subhasundardass/retui/retui/key.go:439.2,439.16 1 0
github.com/subhasundardass/retui/retui/key.go:440.15,441.16 1 0
github.com/subhasundardass/retui/retui/key.go:442.16,443.17 1 0
github.com/subhasundardass/retui/retui/key.go:444.20,445.21 1 0
github.com/subhasundardass/retui/retui/key.go:446.17,447.18 1 0
github.com/subhasundardass/retui/retui/key.go:448.14,449.15 1 0
github.com/subhasundardass/retui/retui/key.go:450.19,451.20 1 0
github.com/subhasundardass/retui/retui/key.go:452.13,453.14 1 0
github.com/subhasundardass/retui/retui/key.go:454.15,455.16 1 0
github.com/subhasundardass/retui/retui/key.go:456.15,457.16 1 0
github.com/subhasundardass/retui/retui/key.go:458.16,459.17 1 0
github.com/subhasundardass/retui/retui/key.go:460.16,461.17 1 0
github.com/subhasundardass/retui/retui/key.go:462.16,463.17 1 0
github.com/subhasundardass/retui/retui/key.go:464.16,465.17 1 0
github.com/subhasundardass/retui/retui/key.go:466.15,467.16 1 0
github.com/subhasundardass/retui/retui/key.go:468.14,469.15 1 0
github.com/subhasundardass/retui/retui/key.go:470.17,471.18 1 0
github.com/subhasundardass/retui/retui/key.go:472.19,473.20 1 0
github.com/subhasundardass/retui/retui/key.go:474.17,475.18 1 0
github.com/subhasundardass/retui/retui/key.go:476.17,477.18 1 0
github.com/subhasundardass/retui/retui/key.go:478.13,479.14 1 0
github.com/subhasundardass/retui/retui/key.go:480.13,481.14 1 0
github.com/subhasundardass/retui/retui/key.go:482.13,483.14 1 0
github.com/subhasundardass/retui/retui/key.go:484.13,485.14 1 0
github.com/subhasundardass/retui/retui/key.go:486.13,487.14 1 0
github.com/subhasundardass/retui/retui/key.go:488.13,489.14 1 0
github.com/subhasundardass/retui/retui/key.go:490.13,491.14 1 0
github.com/subhasundardass/retui/retui/key.go:492.13,493.14 1 0
github.com/subhasundardass/retui/retui/key.go:494.13,495.14 1 0
github.com/subhasundardass/retui/retui/key.go:496.14,497.15 1 0
github.com/subhasundardass/retui/retui/key.go:498.14,499.15 1 0
github.com/subhasundardass/retui/retui/key.go:500.14,501.15 1 0
github.com/subhasundardass/retui/retui/key.go:502.10,503.47 1 0
github.com/subhasundardass/retui/retui/key.go:503.47,505.4 1 0
github.com/subhasundardass/retui/retui/key.go:506.3,506.45 1 0
github.com/subhasundardass/retui/retui/key.go:506.45,508.4 1 0
github.com/subhasundardass/retui/retui/key.go:509.3,509.19 1 0
github.com/subhasundardass/retui/retui/layout.go:159.30,161.2 1 0
github.com/subhasundardass/retui/retui/layout.go:165.63,168.2 2 0
github.com/subhasundardass/retui/retui/layout.go:171.26,173.2 1 0
github.com/subhasundardass/retui/retui/layout.go:180.25,182.2 1 0
github.com/subhasundardass/retui/retui/layout.go:187.19,189.2 1 0
github.com/subhasundardass/retui/retui/layout.go:201.28,203.2 1 0
github.com/subhasundardass/retui/retui/layout.go:206.56,210.2 3 0
github.com/subhasundardass/retui/retui/layout.go:213.54,216.2 2 0
github.com/subhasundardass/retui/retui/layout.go:219.55,222.2 2 0
github.com/subhasundardass/retui/retui/layout.go:225.72,228.2 2 0
github.com/subhasundardass/retui/retui/layout.go:232.76,238.2 5 0
github.com/subhasundardass/retui/retui/layout.go:241.66,247.2 5 0
github.com/subhasundardass/retui/retui/layout.go:253.75,259.2 5 0
github.com/subhasundardass/retui/retui/layout.go:262.64,268.2 5 0
github.com/subhasundardass/retui/retui/layout.go:272.53,275.2 2 0
github.com/subhasundardass/retui/retui/layout.go:280.65,283.2 2 0
github.com/subhasundardass/retui/retui/layout.go:288.61,291.2 2 0
github.com/subhasundardass/retui/retui/layout.go:308.77,311.2 2 0
github.com/subhasundardass/retui/retui/layout.go:327.58,329.2 1 0
github.com/subhasundardass/retui/retui/layout.go:347.61,354.21 4 0
github.com/subhasundardass/retui/retui/layout.go:354.21,358.3 3 0
github.com/subhasundardass/retui/retui/layout.go:359.2,359.12 1 0
github.com/subhasundardass/retui/retui/layout.go:368.36,369.21 1 0
github.com/subhasundardass/retui/retui/layout.go:369.21,371.3 1 0
github.com/subhasundardass/retui/retui/layout.go:372.2,372.31 1 0
github.com/subhasundardass/retui/retui/layout.go:372.31,373.19 1 0
github.com/subhasundardass/retui/retui/layout.go:373.19,375.4 1 0
github.com/subhasundardass/retui/retui/layout.go:377.2,377.14 1 0
github.com/subhasundardass/retui/retui/layout.go:390.40,391.35 1 0
github.com/subhasundardass/retui/retui/layout.go:391.35,393.3 1 0
github.com/subhasundardass/retui/retui/layout.go:395.2,398.25 3 0
github.com/subhasundardass/retui/retui/layout.go:398.25,400.3 1 0
github.com/subhasundardass/retui/retui/layout.go:402.2,402.28 1 0
github.com/subhasundardass/retui/retui/layout.go:403.19,404.30 1 0
github.com/subhasundardass/retui/retui/layout.go:406.17,407.25 1 0
github.com/subhasundardass/retui/retui/layout.go:407.25,408.37 1 0
github.com/subhasundardass/retui/retui/layout.go:408.37,410.5 1 0
github.com/subhasundardass/retui/retui/layout.go:411.4,411.17 1 0
github.com/subhasundardass/retui/retui/layout.go:412.9,413.37 1 0
github.com/subhasundardass/retui/retui/layout.go:413.37,415.19 2 0
github.com/subhasundardass/retui/retui/layout.go:415.19,417.6 1 0
github.com/subhasundardass/retui/retui/layout.go:421.33,422.12 1 0
github.com/subhasundardass/retui/retui/layout.go:425.2,425.29 1 0
github.com/subhasundardass/retui/retui/layout.go:426.19,427.32 1 0
github.com/subhasundardass/retui/retui/layout.go:429.17,430.25 1 0
github.com/subhasundardass/retui/retui/layout.go:430.25,431.37 1 0
github.com/subhasundardass/retui/retui/layout.go:431.37,433.5 1 0
github.com/subhasundardass/retui/retui/layout.go:434.4,434.18 1 0
github.com/subhasundardass/retui/retui/layout.go:435.9,436.37 1 0
github.com/subhasundardass/retui/retui/layout.go:436.37,438.20 2 0
github.com/subhasundardass/retui/retui/layout.go:438.20,440.6 1 0
github.com/subhasundardass/retui/retui/layout.go:444.33,445.13 1 0
github.com/subhasundardass/retui/retui/layout.go:448.2,448.37 1 0
github.com/subhasundardass/retui/retui/layout.go:448.37,450.3 1 0
github.com/subhasundardass/retui/retui/layout.go:451.2,451.38 1 0
github.com/subhasundardass/retui/retui/layout.go:451.38,453.3 1 0
github.com/subhasundardass/retui/retui/layout.go:455.2,455.51 1 0
github.com/subhasundardass/retui/retui/layout.go:455.51,457.3 1 0
github.com/subhasundardass/retui/retui/layout.go:459.2,459.22 1 0
github.com/subhasundardass/retui/retui/layout.go:463.42,464.16 1 0
github.com/subhasundardass/retui/retui/layout.go:464.16,466.3 1 0
github.com/subhasundardass/retui/retui/layout.go:467.2,467.17 1 0
github.com/subhasundardass/retui/retui/layout.go:471.53,472.16 1 0
github.com/subhasundardass/retui/retui/layout.go:472.16,474.3 1 0
github.com/subhasundardass/retui/retui/layout.go:474.8,476.3 1 0
github.com/subhasundardass/retui/retui/layout.go:480.54,481.16 1 0
github.com/subhasundardass/retui/retui/layout.go:481.16,483.3 1 0
github.com/subhasundardass/retui/retui/layout.go:483.8,485.3 1 0
github.com/subhasundardass/retui/retui/layout.go:489.43,490.16 1 0
github.com/subhasundardass/retui/retui/layout.go:490.16,492.3 1 0
github.com/subhasundardass/retui/retui/layout.go:493.2,493.12 1 0
github.com/subhasundardass/retui/retui/layout.go:497.52,498.16 1 0
github.com/subhasundardass/retui/retui/layout.go:498.16,500.3 1 0
github.com/subhasundardass/retui/retui/layout.go:501.2,501.16 1 0
github.com/subhasundardass/retui/retui/layout.go:505.24,506.11 1 0
github.com/subhasundardass/retui/retui/layout.go:506.11,508.3 1 0
github.com/subhasundardass/retui/retui/layout.go:509.2,509.10 1 0
github.com/subhasundardass/retui/retui/layout.go:514.56,515.16 1 0
github.com/subhasundardass/retui/retui/layout.go:515.16,517.3 1 0
github.com/subhasundardass/retui/retui/layout.go:518.2,518.20 1 0
github.com/subhasundardass/retui/retui/layout.go:523.54,524.16 1 0
github.com/subhasundardass/retui/retui/layout.go:524.16,526.3 1 0
github.com/subhasundardass/retui/retui/layout.go:527.2,527.23 1 0
github.com/subhasundardass/retui/retui/layout.go:532.57,533.16 1 0
github.com/subhasundardass/retui/retui/layout.go:533.16,535.3 1 0
github.com/subhasundardass/retui/retui/layout.go:536.2,536.21 1 0
github.com/subhasundardass/retui/retui/layout.go:541.55,542.16 1 0
github.com/subhasundardass/retui/retui/layout.go:542.16,544.3 1 0
github.com/subhasundardass/retui/retui/layout.go:545.2,545.22 1 0
github.com/subhasundardass/retui/retui/layout.go:551.77,554.24 3 0
github.com/subhasundardass/retui/retui/layout.go:554.24,556.3 1 0
github.com/subhasundardass/retui/retui/layout.go:558.2,558.38 1 0
github.com/subhasundardass/retui/retui/layout.go:558.38,560.3 1 0
github.com/subhasundardass/retui/retui/layout.go:562.2,562.29 1 0
github.com/subhasundardass/retui/retui/layout.go:562.29,563.34 1 0
github.com/subhasundardass/retui/retui/layout.go:564.31,565.58 1 0
github.com/subhasundardass/retui/retui/layout.go:566.22,567.53 1 0
github.com/subhasundardass/retui/retui/layout.go:568.19,569.25 1 0
github.com/subhasundardass/retui/retui/layout.go:573.2,573.32 1 0
github.com/subhasundardass/retui/retui/layout.go:574.30,575.56 1 0
github.com/subhasundardass/retui/retui/layout.go:576.21,577.51 1 0
github.com/subhasundardass/retui/retui/layout.go:578.18,579.24 1 0
github.com/subhasundardass/retui/retui/layout.go:582.2,582.10 1 0
github.com/subhasundardass/retui/retui/layout.go:587.93,588.29 1 0
github.com/subhasundardass/retui/retui/layout.go:588.29,591.27 3 0
github.com/subhasundardass/retui/retui/layout.go:592.20,593.95 1 0
github.com/subhasundardass/retui/retui/layout.go:594.17,595.69 1 0
github.com/subhasundardass/retui/retui/layout.go:596.11,597.38 1 0
github.com/subhasundardass/retui/retui/layout.go:599.3,599.9 1 0
github.com/subhasundardass/retui/retui/layout.go:602.2,604.26 3 0
github.com/subhasundardass/retui/retui/layout.go:605.19,606.92 1 0
github.com/subhasundardass/retui/retui/layout.go:607.16,608.66 1 0
github.com/subhasundardass/retui/retui/layout.go:609.10,610.37 1 0
github.com/subhasundardass/retui/retui/layout.go:617.106,618.21 1 0
github.com/subhasundardass/retui/retui/layout.go:618.21,620.3 1 0
github.com/subhasundardass/retui/retui/layout.go:623.2,624.20 2 0
github.com/subhasundardass/retui/retui/layout.go:624.20,626.3 1 0
github.com/subhasundardass/retui/retui/layout.go:629.2,630.20 2 0
github.com/subhasundardass/retui/retui/layout.go:630.20,632.3 1 0
github.com/subhasundardass/retui/retui/layout.go:634.2,638.17 3 0
github.com/subhasundardass/retui/retui/layout.go:639.18,640.23 1 0
github.com/subhasundardass/retui/retui/layout.go:641.21,642.27 1 0
github.com/subhasundardass/retui/retui/layout.go:643.27,644.21 1 0
github.com/subhasundardass/retui/retui/layout.go:644.21,646.4 1 0
github.com/subhasundardass/retui/retui/layout.go:647.26,650.21 3 0
github.com/subhasundardass/retui/retui/layout.go:653.2,653.20 1 0
github.com/subhasundardass/retui/retui/layout.go:673.52,681.20 6 0
github.com/subhasundardass/retui/retui/layout.go:681.20,683.3 1 0
github.com/subhasundardass/retui/retui/layout.go:684.2,684.21 1 0
github.com/subhasundardass/retui/retui/layout.go:684.21,686.3 1 0
github.com/subhasundardass/retui/retui/layout.go:688.2,688.26 1 0
github.com/subhasundardass/retui/retui/layout.go:688.26,690.3 1 0
github.com/subhasundardass/retui/retui/layout.go:692.2,699.35 4 0
github.com/subhasundardass/retui/retui/layout.go:699.35,701.3 1 0
github.com/subhasundardass/retui/retui/layout.go:703.2,708.35 5 0
github.com/subhasundardass/retui/retui/layout.go:708.35,713.51 3 0
github.com/subhasundardass/retui/retui/layout.go:713.51,715.4 1 0
github.com/subhasundardass/retui/retui/layout.go:717.3,717.25 1 0
github.com/subhasundardass/retui/retui/layout.go:717.25,718.34 1 0
github.com/subhasundardass/retui/retui/layout.go:719.32,722.36 3 0
github.com/subhasundardass/retui/retui/layout.go:723.23,725.36 2 0
github.com/subhasundardass/retui/retui/layout.go:726.20,728.55 2 0
github.com/subhasundardass/retui/retui/layout.go:730.9,731.35 1 0
github.com/subhasundardass/retui/retui/layout.go:732.32,735.37 3 0
github.com/subhasundardass/retui/retui/layout.go:736.23,738.37 2 0
github.com/subhasundardass/retui/retui/layout.go:739.20,741.55 2 0
github.com/subhasundardass/retui/retui/layout.go:745.3,745.45 1 0
github.com/subhasundardass/retui/retui/layout.go:748.2,750.25 2 0
github.com/subhasundardass/retui/retui/layout.go:750.25,754.35 3 0
github.com/subhasundardass/retui/retui/layout.go:754.35,757.29 3 0
github.com/subhasundardass/retui/retui/layout.go:757.29,759.5 1 0
github.com/subhasundardass/retui/retui/layout.go:761.4,762.32 2 0
github.com/subhasundardass/retui/retui/layout.go:762.32,764.5 1 0
github.com/subhasundardass/retui/retui/layout.go:766.4,768.29 3 0
github.com/subhasundardass/retui/retui/layout.go:772.2,772.24 1 0
github.com/subhasundardass/retui/retui/layout.go:772.24,773.36 1 0
github.com/subhasundardass/retui/retui/layout.go:773.36,774.27 1 0
github.com/subhasundardass/retui/retui/layout.go:774.27,775.13 1 0
github.com/subhasundardass/retui/retui/layout.go:777.4,778.44 2 0
github.com/subhasundardass/retui/retui/layout.go:778.44,780.5 1 0
github.com/subhasundardass/retui/retui/layout.go:786.2,787.39 2 0
github.com/subhasundardass/retui/retui/layout.go:787.39,789.3 1 0
github.com/subhasundardass/retui/retui/layout.go:791.2,800.35 2 0
github.com/subhasundardass/retui/retui/layout.go:800.35,807.25 5 0
github.com/subhasundardass/retui/retui/layout.go:807.25,809.4 1 0
github.com/subhasundardass/retui/retui/layout.go:809.9,811.4 1 0
github.com/subhasundardass/retui/retui/layout.go:813.3,818.28 4 0
github.com/subhasundardass/retui/retui/layout.go:818.28,820.4 1 0
github.com/subhasundardass/retui/retui/layout.go:828.31,829.25 1 0
github.com/subhasundardass/retui/retui/layout.go:829.25,831.3 1 0
github.com/subhasundardass/retui/retui/layout.go:832.2,832.10 1 0
github.com/subhasundardass/retui/retui/logger.go:40.35,41.11 1 3
github.com/subhasundardass/retui/retui/logger.go:42.20,43.19 1 0
github.com/subhasundardass/retui/retui/logger.go:44.18,45.17 1 0
github.com/subhasundardass/retui/retui/logger.go:46.17,47.16 1 3
github.com/subhasundardass/retui/retui/logger.go:48.17,49.16 1 0
github.com/subhasundardass/retui/retui/logger.go:50.18,51.17 1 0
github.com/subhasundardass/retui/retui/logger.go:52.18,53.17 1 0
github.com/subhasundardass/retui/retui/logger.go:54.10,55.19 1 0
github.com/subhasundardass/retui/retui/logger.go:71.13,77.39 3 1
github.com/subhasundardass/retui/retui/logger.go:77.39,81.3 2 0
github.com/subhasundardass/retui/retui/logger.go:85.27,90.50 4 1
github.com/subhasundardass/retui/retui/logger.go:90.50,92.3 1 0
github.com/subhasundardass/retui/retui/logger.go:97.2,104.16 4 1
github.com/subhasundardass/retui/retui/logger.go:104.16,106.3 1 0
github.com/subhasundardass/retui/retui/logger.go:109.2,111.12 2 1
github.com/subhasundardass/retui/retui/logger.go:115.25,117.16 2 1
github.com/subhasundardass/retui/retui/logger.go:117.16,119.3 1 0
github.com/subhasundardass/retui/retui/logger.go:120.2,120.11 1 1
github.com/subhasundardass/retui/retui/logger.go:124.33,128.13 4 0
github.com/subhasundardass/retui/retui/logger.go:128.13,130.3 1 0
github.com/subhasundardass/retui/retui/logger.go:130.8,132.3 1 0
github.com/subhasundardass/retui/retui/logger.go:136.34,140.2 3 0
github.com/subhasundardass/retui/retui/logger.go:143.29,147.2 3 0
github.com/subhasundardass/retui/retui/logger.go:150.25,154.2 3 0
github.com/subhasundardass/retui/retui/logger.go:157.23,161.20 3 0
github.com/subhasundardass/retui/retui/logger.go:161.20,163.3 1 0
github.com/subhasundardass/retui/retui/logger.go:164.2,164.12 1 0
github.com/subhasundardass/retui/retui/logger.go:168.68,173.22 3 3
github.com/subhasundardass/retui/retui/logger.go:173.22,175.3 1 0
github.com/subhasundardass/retui/retui/logger.go:177.2,177.19 1 3
github.com/subhasundardass/retui/retui/logger.go:177.19,179.3 1 0
github.com/subhasundardass/retui/retui/logger.go:182.2,184.8 3 3
github.com/subhasundardass/retui/retui/logger.go:184.8,189.3 3 3
github.com/subhasundardass/retui/retui/logger.go:191.2,206.26 5 3
github.com/subhasundardass/retui/retui/logger.go:215.33,216.15 1 0
github.com/subhasundardass/retui/retui/logger.go:216.15,218.3 1 0
github.com/subhasundardass/retui/retui/logger.go:222.49,223.15 1 0
github.com/subhasundardass/retui/retui/logger.go:223.15,225.3 1 0
github.com/subhasundardass/retui/retui/logger.go:229.32,231.2 1 0
github.com/subhasundardass/retui/retui/logger.go:234.48,236.2 1 3
github.com/subhasundardass/retui/retui/logger.go:239.32,241.2 1 0
github.com/subhasundardass/retui/retui/logger.go:244.48,246.2 1 0
github.com/subhasundardass/retui/retui/logger.go:249.33,251.2 1 0
github.com/subhasundardass/retui/retui/logger.go:254.49,256.2 1 0
github.com/subhasundardass/retui/retui/logger.go:259.33,262.2 2 0
github.com/subhasundardass/retui/retui/logger.go:265.49,268.2 2 0
github.com/subhasundardass/retui/retui/logger.go:271.35,273.2 1 0
github.com/subhasundardass/retui/retui/logger.go:276.51,278.2 1 0
github.com/subhasundardass/retui/retui/logger.go:281.83,282.22 1 0
github.com/subhasundardass/retui/retui/logger.go:282.22,284.3 1 0
github.com/subhasundardass/retui/retui/logger.go:286.2,287.21 2 0
github.com/subhasundardass/retui/retui/logger.go:287.21,289.3 1 0
github.com/subhasundardass/retui/retui/logger.go:291.2,291.49 1 0
github.com/subhasundardass/retui/retui/logger.go:300.55,302.2 1 0
github.com/subhasundardass/retui/retui/logger.go:305.40,306.15 1 0
github.com/subhasundardass/retui/retui/logger.go:306.15,308.3 1 0
github.com/subhasundardass/retui/retui/logger.go:312.39,314.2 1 0
github.com/subhasundardass/retui/retui/logger.go:317.39,319.2 1 0
github.com/subhasundardass/retui/retui/logger.go:322.40,324.2 1 0
github.com/subhasundardass/retui/retui/logger.go:327.66,328.21 1 0
github.com/subhasundardass/retui/retui/logger.go:328.21,330.3 1 0
github.com/subhasundardass/retui/retui/logger.go:331.2,332.10 2 0
github.com/subhasundardass/retui/retui/logger.go:336.56,338.2 1 0
github.com/subhasundardass/retui/retui/markdown.go:52.18,53.16 1 0
github.com/subhasundardass/retui/retui/markdown.go:53.16,55.3 1 0
github.com/subhasundardass/retui/retui/markdown.go:57.2,59.31 3 0
github.com/subhasundardass/retui/retui/markdown.go:59.31,60.58 1 0
github.com/subhasundardass/retui/retui/markdown.go:60.58,62.4 1 0
github.com/subhasundardass/retui/retui/markdown.go:63.3,63.68 1 0
github.com/subhasundardass/retui/retui/markdown.go:65.2,65.21 1 0
github.com/subhasundardass/retui/retui/markdown.go:65.21,67.3 1 0
github.com/subhasundardass/retui/retui/markdown.go:68.2,68.14 1 0
github.com/subhasundardass/retui/retui/markdown.go:71.60,72.68 1 0
github.com/subhasundardass/retui/retui/markdown.go:72.68,74.3 1 0
github.com/subhasundardass/retui/retui/markdown.go:75.2,75.62 1 0
github.com/subhasundardass/retui/retui/markdown.go:75.62,77.3 1 0
github.com/subhasundardass/retui/retui/markdown.go:78.2,78.13 1 0
github.com/subhasundardass/retui/retui/markdown.go:81.59,88.30 6 0
github.com/subhasundardass/retui/retui/markdown.go:88.30,91.20 3 0
github.com/subhasundardass/retui/retui/markdown.go:91.20,94.12 3 0
github.com/subhasundardass/retui/retui/markdown.go:97.3,97.40 1 0
github.com/subhasundardass/retui/retui/markdown.go:97.40,102.23 5 0
github.com/subhasundardass/retui/retui/markdown.go:102.23,104.47 2 0
github.com/subhasundardass/retui/retui/markdown.go:104.47,107.11 3 0
github.com/subhasundardass/retui/retui/markdown.go:109.5,110.8 2 0
github.com/subhasundardass/retui/retui/markdown.go:114.4,114.21 1 0
github.com/subhasundardass/retui/retui/markdown.go:114.21,120.13 2 0
github.com/subhasundardass/retui/retui/markdown.go:122.4,126.12 2 0
github.com/subhasundardass/retui/retui/markdown.go:129.3,129.30 1 0
github.com/subhasundardass/retui/retui/markdown.go:129.30,132.12 3 0
github.com/subhasundardass/retui/retui/markdown.go:135.3,135.59 1 0
github.com/subhasundardass/retui/retui/markdown.go:135.59,141.12 3 0
github.com/subhasundardass/retui/retui/markdown.go:144.3,144.37 1 0
github.com/subhasundardass/retui/retui/markdown.go:144.37,148.95 4 0
github.com/subhasundardass/retui/retui/markdown.go:148.95,151.5 2 0
github.com/subhasundardass/retui/retui/markdown.go:152.4,160.12 2 0
github.com/subhasundardass/retui/retui/markdown.go:163.3,163.50 1 0
github.com/subhasundardass/retui/retui/markdown.go:163.50,166.23 3 0
github.com/subhasundardass/retui/retui/markdown.go:166.23,167.72 1 0
github.com/subhasundardass/retui/retui/markdown.go:167.72,170.14 3 0
github.com/subhasundardass/retui/retui/markdown.go:172.5,172.10 1 0
github.com/subhasundardass/retui/retui/markdown.go:174.4,181.12 2 0
github.com/subhasundardass/retui/retui/markdown.go:184.3,184.63 1 0
github.com/subhasundardass/retui/retui/markdown.go:184.63,188.12 4 0
github.com/subhasundardass/retui/retui/markdown.go:190.3,194.22 4 0
github.com/subhasundardass/retui/retui/markdown.go:194.22,197.26 2 0
github.com/subhasundardass/retui/retui/markdown.go:197.26,198.10 1 0
github.com/subhasundardass/retui/retui/markdown.go:200.4,200.50 1 0
github.com/subhasundardass/retui/retui/markdown.go:200.50,201.10 1 0
github.com/subhasundardass/retui/retui/markdown.go:203.4,203.38 1 0
github.com/subhasundardass/retui/retui/markdown.go:203.38,204.10 1 0
github.com/subhasundardass/retui/retui/markdown.go:206.4,206.45 1 0
github.com/subhasundardass/retui/retui/markdown.go:206.45,207.10 1 0
github.com/subhasundardass/retui/retui/markdown.go:209.4,209.59 1 0
github.com/subhasundardass/retui/retui/markdown.go:209.59,210.10 1 0
github.com/subhasundardass/retui/retui/markdown.go:212.4,213.7 2 0
github.com/subhasundardass/retui/retui/markdown.go:215.3,221.4 1 0
github.com/subhasundardass/retui/retui/markdown.go:224.2,224.15 1 0
github.com/subhasundardass/retui/retui/markdown.go:227.60,229.59 2 0
github.com/subhasundardass/retui/retui/markdown.go:229.59,231.3 1 0
github.com/subhasundardass/retui/retui/markdown.go:232.2,232.60 1 0
github.com/subhasundardass/retui/retui/markdown.go:232.60,234.3 1 0
github.com/subhasundardass/retui/retui/markdown.go:235.2,235.55 1 0
github.com/subhasundardass/retui/retui/markdown.go:238.43,240.46 2 0
github.com/subhasundardass/retui/retui/markdown.go:240.46,242.3 1 0
github.com/subhasundardass/retui/retui/markdown.go:243.2,243.14 1 0
github.com/subhasundardass/retui/retui/markdown.go:246.63,247.46 1 0
github.com/subhasundardass/retui/retui/markdown.go:247.46,249.3 1 0
github.com/subhasundardass/retui/retui/markdown.go:250.2,250.34 1 0
github.com/subhasundardass/retui/retui/markdown.go:250.34,251.21 1 0
github.com/subhasundardass/retui/retui/markdown.go:251.21,253.4 1 0
github.com/subhasundardass/retui/retui/markdown.go:255.2,255.51 1 0
github.com/subhasundardass/retui/retui/markdown.go:258.39,259.19 1 0
github.com/subhasundardass/retui/retui/markdown.go:259.19,261.3 1 0
github.com/subhasundardass/retui/retui/markdown.go:262.2,264.25 3 0
github.com/subhasundardass/retui/retui/markdown.go:264.25,265.25 1 0
github.com/subhasundardass/retui/retui/markdown.go:265.25,266.12 1 0
github.com/subhasundardass/retui/retui/markdown.go:268.3,268.18 1 0
github.com/subhasundardass/retui/retui/markdown.go:268.18,269.40 1 0
github.com/subhasundardass/retui/retui/markdown.go:269.40,271.5 1 0
github.com/subhasundardass/retui/retui/markdown.go:272.4,272.14 1 0
github.com/subhasundardass/retui/retui/markdown.go:274.3,274.18 1 0
github.com/subhasundardass/retui/retui/markdown.go:274.18,276.4 1 0
github.com/subhasundardass/retui/retui/markdown.go:277.3,277.10 1 0
github.com/subhasundardass/retui/retui/markdown.go:279.2,279.19 1 0
github.com/subhasundardass/retui/retui/markdown.go:282.53,283.35 1 0
github.com/subhasundardass/retui/retui/markdown.go:283.35,285.3 1 0
github.com/subhasundardass/retui/retui/markdown.go:286.2,286.63 1 0
github.com/subhasundardass/retui/retui/markdown.go:289.76,291.48 2 0
github.com/subhasundardass/retui/retui/markdown.go:291.48,293.3 1 0
github.com/subhasundardass/retui/retui/markdown.go:294.2,294.27 1 0
github.com/subhasundardass/retui/retui/markdown.go:294.27,296.3 1 0
github.com/subhasundardass/retui/retui/markdown.go:297.2,300.18 2 0
github.com/subhasundardass/retui/retui/markdown.go:300.18,309.3 3 0
github.com/subhasundardass/retui/retui/markdown.go:311.2,312.62 2 0
github.com/subhasundardass/retui/retui/markdown.go:312.62,314.3 1 0
github.com/subhasundardass/retui/retui/markdown.go:315.2,316.22 1 0
github.com/subhasundardass/retui/retui/markdown.go:316.22,318.3 1 0
github.com/subhasundardass/retui/retui/markdown.go:319.2,320.25 2 0
github.com/subhasundardass/retui/retui/markdown.go:320.25,322.3 1 0
github.com/subhasundardass/retui/retui/markdown.go:323.2,332.9 3 0
github.com/subhasundardass/retui/retui/markdown.go:335.51,336.74 1 0
github.com/subhasundardass/retui/retui/markdown.go:336.74,337.18 1 0
github.com/subhasundardass/retui/retui/markdown.go:338.12,339.41 1 0
github.com/subhasundardass/retui/retui/markdown.go:340.17,341.41 1 0
github.com/subhasundardass/retui/retui/markdown.go:344.2,344.17 1 0
github.com/subhasundardass/retui/retui/markdown.go:347.55,348.59 1 0
github.com/subhasundardass/retui/retui/markdown.go:348.59,350.3 1 0
github.com/subhasundardass/retui/retui/markdown.go:351.2,352.21 2 0
github.com/subhasundardass/retui/retui/markdown.go:352.21,354.3 1 0
github.com/subhasundardass/retui/retui/markdown.go:355.2,356.25 2 0
github.com/subhasundardass/retui/retui/markdown.go:356.25,358.3 1 0
github.com/subhasundardass/retui/retui/markdown.go:359.2,359.33 1 0
github.com/subhasundardass/retui/retui/markdown.go:359.33,362.20 3 0
github.com/subhasundardass/retui/retui/markdown.go:362.20,364.4 1 0
github.com/subhasundardass/retui/retui/markdown.go:365.3,365.26 1 0
github.com/subhasundardass/retui/retui/markdown.go:365.26,366.16 1 0
github.com/subhasundardass/retui/retui/markdown.go:366.16,368.5 1 0
github.com/subhasundardass/retui/retui/markdown.go:371.2,371.13 1 0
github.com/subhasundardass/retui/retui/markdown.go:374.50,380.29 6 0
github.com/subhasundardass/retui/retui/markdown.go:380.29,382.3 1 0
github.com/subhasundardass/retui/retui/markdown.go:383.2,383.14 1 0
github.com/subhasundardass/retui/retui/markdown.go:390.18,391.20 1 0
github.com/subhasundardass/retui/retui/markdown.go:392.23,399.4 2 0
github.com/subhasundardass/retui/retui/markdown.go:400.25,406.4 1 0
github.com/subhasundardass/retui/retui/markdown.go:407.21,415.4 3 0
github.com/subhasundardass/retui/retui/markdown.go:416.24,423.4 2 0
github.com/subhasundardass/retui/retui/markdown.go:424.20,430.4 1 0
github.com/subhasundardass/retui/retui/markdown.go:431.20,432.54 1 0
github.com/subhasundardass/retui/retui/markdown.go:433.21,434.49 1 0
github.com/subhasundardass/retui/retui/markdown.go:435.10,436.28 1 0
github.com/subhasundardass/retui/retui/markdown.go:440.53,442.19 2 0
github.com/subhasundardass/retui/retui/markdown.go:442.19,444.3 1 0
github.com/subhasundardass/retui/retui/markdown.go:445.2,445.21 1 0
github.com/subhasundardass/retui/retui/markdown.go:445.21,447.3 1 0
github.com/subhasundardass/retui/retui/markdown.go:447.8,447.28 1 0
github.com/subhasundardass/retui/retui/markdown.go:447.28,449.3 1 0
github.com/subhasundardass/retui/retui/markdown.go:450.2,450.15 1 0
github.com/subhasundardass/retui/retui/markdown.go:453.79,456.21 3 0
github.com/subhasundardass/retui/retui/markdown.go:456.21,458.3 1 0
github.com/subhasundardass/retui/retui/markdown.go:459.2,459.29 1 0
github.com/subhasundardass/retui/retui/markdown.go:459.29,464.3 1 0
github.com/subhasundardass/retui/retui/markdown.go:465.2,465.12 1 0
github.com/subhasundardass/retui/retui/markdown.go:472.18,474.33 2 0
github.com/subhasundardass/retui/retui/markdown.go:474.33,475.22 1 0
github.com/subhasundardass/retui/retui/markdown.go:475.22,477.4 1 0
github.com/subhasundardass/retui/retui/markdown.go:479.2,479.15 1 0
github.com/subhasundardass/retui/retui/markdown.go:479.15,481.3 1 0
github.com/subhasundardass/retui/retui/markdown.go:483.2,484.37 2 0
github.com/subhasundardass/retui/retui/markdown.go:484.37,486.3 1 0
github.com/subhasundardass/retui/retui/markdown.go:487.2,487.33 1 0
github.com/subhasundardass/retui/retui/markdown.go:487.33,488.28 1 0
github.com/subhasundardass/retui/retui/markdown.go:488.28,493.4 1 0
github.com/subhasundardass/retui/retui/markdown.go:496.2,513.33 4 0
github.com/subhasundardass/retui/retui/markdown.go:513.33,515.3 1 0
github.com/subhasundardass/retui/retui/markdown.go:516.2,516.12 1 0
github.com/subhasundardass/retui/retui/markdown.go:524.16,527.27 3 0
github.com/subhasundardass/retui/retui/markdown.go:527.27,529.21 2 0
github.com/subhasundardass/retui/retui/markdown.go:529.21,531.4 1 0
github.com/subhasundardass/retui/retui/markdown.go:532.3,535.24 4 0
github.com/subhasundardass/retui/retui/markdown.go:537.2,537.73 1 0
github.com/subhasundardass/retui/retui/markdown.go:540.50,543.27 3 0
github.com/subhasundardass/retui/retui/markdown.go:543.27,544.12 1 0
github.com/subhasundardass/retui/retui/markdown.go:544.12,546.4 1 0
github.com/subhasundardass/retui/retui/markdown.go:547.3,547.44 1 0
github.com/subhasundardass/retui/retui/markdown.go:549.2,550.19 2 0
github.com/subhasundardass/retui/retui/markdown.go:553.66,555.20 2 0
github.com/subhasundardass/retui/retui/markdown.go:555.20,556.35 1 0
github.com/subhasundardass/retui/retui/markdown.go:556.35,557.53 1 0
github.com/subhasundardass/retui/retui/markdown.go:557.53,568.13 4 0
github.com/subhasundardass/retui/retui/markdown.go:571.3,571.36 1 0
github.com/subhasundardass/retui/retui/markdown.go:571.36,572.54 1 0
github.com/subhasundardass/retui/retui/markdown.go:572.54,583.13 4 0
github.com/subhasundardass/retui/retui/markdown.go:586.3,586.36 1 0
github.com/subhasundardass/retui/retui/markdown.go:586.36,587.54 1 0
github.com/subhasundardass/retui/retui/markdown.go:587.54,594.13 4 0
github.com/subhasundardass/retui/retui/markdown.go:597.3,597.36 1 0
github.com/subhasundardass/retui/retui/markdown.go:597.36,598.54 1 0
github.com/subhasundardass/retui/retui/markdown.go:598.54,605.13 4 0
github.com/subhasundardass/retui/retui/markdown.go:608.3,608.35 1 0
github.com/subhasundardass/retui/retui/markdown.go:608.35,609.53 1 0
github.com/subhasundardass/retui/retui/markdown.go:609.53,616.13 4 0
github.com/subhasundardass/retui/retui/markdown.go:619.3,619.35 1 0
github.com/subhasundardass/retui/retui/markdown.go:619.35,620.53 1 0
github.com/subhasundardass/retui/retui/markdown.go:620.53,627.13 4 0
github.com/subhasundardass/retui/retui/markdown.go:630.3,630.35 1 0
github.com/subhasundardass/retui/retui/markdown.go:630.35,631.59 1 0
github.com/subhasundardass/retui/retui/markdown.go:631.59,634.13 3 0
github.com/subhasundardass/retui/retui/markdown.go:638.3,640.21 3 0
github.com/subhasundardass/retui/retui/markdown.go:642.2,642.14 1 0
github.com/subhasundardass/retui/retui/markdown.go:645.78,648.29 2 0
github.com/subhasundardass/retui/retui/markdown.go:648.29,650.3 1 0
github.com/subhasundardass/retui/retui/markdown.go:651.2,652.18 2 0
github.com/subhasundardass/retui/retui/markdown.go:652.18,654.3 1 0
github.com/subhasundardass/retui/retui/markdown.go:655.2,658.34 4 0
github.com/subhasundardass/retui/retui/markdown.go:658.34,660.3 1 0
github.com/subhasundardass/retui/retui/markdown.go:661.2,664.39 1 0
github.com/subhasundardass/retui/retui/markdown.go:667.45,669.72 2 0
github.com/subhasundardass/retui/retui/markdown.go:669.72,670.71 1 0
github.com/subhasundardass/retui/retui/markdown.go:670.71,672.4 1 0
github.com/subhasundardass/retui/retui/markdown.go:674.2,674.15 1 0
github.com/subhasundardass/retui/retui/markdown.go:674.15,676.3 1 0
github.com/subhasundardass/retui/retui/markdown.go:677.2,677.13 1 0
github.com/subhasundardass/retui/retui/markdown.go:680.46,683.29 3 0
github.com/subhasundardass/retui/retui/markdown.go:683.29,685.3 1 0
github.com/subhasundardass/retui/retui/markdown.go:686.2,686.19 1 0
github.com/subhasundardass/retui/retui/markdown.go:693.18,694.16 1 0
github.com/subhasundardass/retui/retui/markdown.go:694.16,696.3 1 0
github.com/subhasundardass/retui/retui/markdown.go:698.2,706.29 8 0
github.com/subhasundardass/retui/retui/markdown.go:706.29,708.30 2 0
github.com/subhasundardass/retui/retui/markdown.go:708.30,711.52 2 0
github.com/subhasundardass/retui/retui/markdown.go:711.52,715.5 3 0
github.com/subhasundardass/retui/retui/markdown.go:716.4,716.53 1 0
github.com/subhasundardass/retui/retui/markdown.go:716.53,718.23 2 0
github.com/subhasundardass/retui/retui/markdown.go:718.23,723.6 4 0
github.com/subhasundardass/retui/retui/markdown.go:724.5,731.22 8 0
github.com/subhasundardass/retui/retui/markdown.go:733.4,735.21 3 0
github.com/subhasundardass/retui/retui/markdown.go:735.21,737.5 1 0
github.com/subhasundardass/retui/retui/markdown.go:741.2,742.12 2 0
github.com/subhasundardass/retui/retui/markdown.go:745.59,748.30 3 0
github.com/subhasundardass/retui/retui/markdown.go:748.30,750.25 2 0
github.com/subhasundardass/retui/retui/markdown.go:750.25,751.24 1 0
github.com/subhasundardass/retui/retui/markdown.go:751.24,754.5 2 0
github.com/subhasundardass/retui/retui/markdown.go:755.4,756.37 1 0
github.com/subhasundardass/retui/retui/markdown.go:756.37,758.5 1 0
github.com/subhasundardass/retui/retui/markdown.go:759.4,759.12 1 0
github.com/subhasundardass/retui/retui/markdown.go:761.3,761.34 1 0
github.com/subhasundardass/retui/retui/markdown.go:763.2,763.22 1 0
github.com/subhasundardass/retui/retui/markdown.go:763.22,765.3 1 0
github.com/subhasundardass/retui/retui/markdown.go:766.2,766.14 1 0
github.com/subhasundardass/retui/retui/markdown.go:772.32,773.16 1 0
github.com/subhasundardass/retui/retui/markdown.go:773.16,775.3 1 0
github.com/subhasundardass/retui/retui/markdown.go:776.2,777.28 2 0
github.com/subhasundardass/retui/retui/markdown.go:777.28,779.21 2 0
github.com/subhasundardass/retui/retui/markdown.go:779.21,781.4 1 0
github.com/subhasundardass/retui/retui/markdown.go:782.3,782.12 1 0
github.com/subhasundardass/retui/retui/markdown.go:784.2,784.18 1 0
github.com/subhasundardass/retui/retui/markdown.go:787.60,789.38 2 0
github.com/subhasundardass/retui/retui/markdown.go:789.38,791.3 1 0
github.com/subhasundardass/retui/retui/markdown.go:792.2,792.19 1 0
github.com/subhasundardass/retui/retui/markdown.go:795.62,797.25 2 0
github.com/subhasundardass/retui/retui/markdown.go:797.25,799.3 1 0
github.com/subhasundardass/retui/retui/markdown.go:800.2,800.13 1 0
github.com/subhasundardass/retui/retui/markdown.go:803.51,805.28 2 0
github.com/subhasundardass/retui/retui/markdown.go:805.28,807.3 1 0
github.com/subhasundardass/retui/retui/markdown.go:808.2,808.14 1 0
github.com/subhasundardass/retui/retui/markdown.go:811.39,813.25 2 0
github.com/subhasundardass/retui/retui/markdown.go:813.25,815.3 1 0
github.com/subhasundardass/retui/retui/markdown.go:816.2,816.14 1 0
github.com/subhasundardass/retui/retui/markdown.go:819.58,820.16 1 0
github.com/subhasundardass/retui/retui/markdown.go:820.16,822.3 1 0
github.com/subhasundardass/retui/retui/markdown.go:823.2,825.25 3 0
github.com/subhasundardass/retui/retui/markdown.go:825.25,827.21 2 0
github.com/subhasundardass/retui/retui/markdown.go:827.21,828.9 1 0
github.com/subhasundardass/retui/retui/markdown.go:830.3,831.12 2 0
github.com/subhasundardass/retui/retui/markdown.go:833.2,833.19 1 0
github.com/subhasundardass/retui/retui/navigation.go:42.53,52.2 2 1
github.com/subhasundardass/retui/retui/navigation.go:63.72,74.2 5 0
github.com/subhasundardass/retui/retui/navigation.go:79.42,83.23 3 0
github.com/subhasundardass/retui/retui/navigation.go:83.23,85.3 1 0
github.com/subhasundardass/retui/retui/navigation.go:87.2,90.25 3 0
github.com/subhasundardass/retui/retui/navigation.go:96.75,105.23 4 0
github.com/subhasundardass/retui/retui/navigation.go:105.23,107.3 1 0
github.com/subhasundardass/retui/retui/navigation.go:107.8,109.3 1 0
github.com/subhasundardass/retui/retui/navigation.go:111.2,111.23 1 0
github.com/subhasundardass/retui/retui/navigation.go:115.40,119.23 3 0
github.com/subhasundardass/retui/retui/navigation.go:119.23,121.3 1 0
github.com/subhasundardass/retui/retui/navigation.go:123.2,123.25 1 0
github.com/subhasundardass/retui/retui/navigation.go:129.52,133.23 3 0
github.com/subhasundardass/retui/retui/navigation.go:133.23,135.3 1 0
github.com/subhasundardass/retui/retui/navigation.go:137.2,137.29 1 0
github.com/subhasundardass/retui/retui/navigation.go:143.40,149.32 4 0
github.com/subhasundardass/retui/retui/navigation.go:149.32,151.3 1 0
github.com/subhasundardass/retui/retui/navigation.go:153.2,153.11 1 0
github.com/subhasundardass/retui/retui/navigation.go:157.34,162.2 3 0
github.com/subhasundardass/retui/retui/navigation.go:165.37,170.2 3 0
github.com/subhasundardass/retui/retui/navigation.go:173.50,183.2 5 0
github.com/subhasundardass/retui/retui/navigation.go:186.38,191.2 3 0
github.com/subhasundardass/retui/retui/navigation.go:196.31,202.2 4 0
github.com/subhasundardass/retui/retui/navigation.go:207.34,209.2 1 0
github.com/subhasundardass/retui/retui/navigation.go:222.52,225.21 2 0
github.com/subhasundardass/retui/retui/navigation.go:225.21,227.3 1 0
github.com/subhasundardass/retui/retui/navigation.go:229.2,230.19 2 0
github.com/subhasundardass/retui/retui/navigation.go:234.25,238.19 3 0
github.com/subhasundardass/retui/retui/navigation.go:238.19,240.3 1 0
github.com/subhasundardass/retui/retui/navigation.go:242.2,242.12 1 0
github.com/subhasundardass/retui/retui/navigation.go:246.55,249.21 2 0
github.com/subhasundardass/retui/retui/navigation.go:249.21,251.3 1 0
github.com/subhasundardass/retui/retui/navigation.go:253.2,254.19 2 0
github.com/subhasundardass/retui/retui/navigation.go:258.38,261.2 2 0
github.com/subhasundardass/retui/retui/navigation.go:264.29,266.2 1 0
github.com/subhasundardass/retui/retui/navigation.go:270.41,272.2 1 0
github.com/subhasundardass/retui/retui/navigation.go:275.37,277.2 1 0
github.com/subhasundardass/retui/retui/navigation.go:280.28,282.2 1 0
github.com/subhasundardass/retui/retui/navigation.go:285.26,287.2 1 0
github.com/subhasundardass/retui/retui/navigation.go:289.24,292.2 2 0
github.com/subhasundardass/retui/retui/node.go:282.36,283.21 1 0
github.com/subhasundardass/retui/retui/node.go:283.21,285.3 1 0
github.com/subhasundardass/retui/retui/node.go:286.2,286.22 1 0
github.com/subhasundardass/retui/retui/node.go:304.23,310.2 1 0
github.com/subhasundardass/retui/retui/overlay.go:14.29,18.2 3 0
github.com/subhasundardass/retui/retui/overlay.go:20.30,24.2 3 0
github.com/subhasundardass/retui/retui/overlay.go:26.30,30.2 3 0
github.com/subhasundardass/retui/retui/renderer.go:23.37,25.2 1 0
github.com/subhasundardass/retui/retui/renderer.go:35.55,37.37 2 0
github.com/subhasundardass/retui/retui/renderer.go:37.37,39.3 1 0
github.com/subhasundardass/retui/retui/renderer.go:40.2,40.12 1 0
github.com/subhasundardass/retui/retui/renderer.go:57.51,58.19 1 0
github.com/subhasundardass/retui/retui/renderer.go:58.19,60.3 1 0
github.com/subhasundardass/retui/retui/renderer.go:62.2,63.21 2 0
github.com/subhasundardass/retui/retui/renderer.go:63.21,65.3 1 0
github.com/subhasundardass/retui/retui/renderer.go:67.2,71.29 4 0
github.com/subhasundardass/retui/retui/renderer.go:71.29,74.21 2 0
github.com/subhasundardass/retui/retui/renderer.go:74.21,76.29 1 0
github.com/subhasundardass/retui/retui/renderer.go:76.29,83.5 6 0
github.com/subhasundardass/retui/retui/renderer.go:84.4,85.25 2 0
github.com/subhasundardass/retui/retui/renderer.go:86.9,86.47 1 0
github.com/subhasundardass/retui/retui/renderer.go:86.47,91.4 3 0
github.com/subhasundardass/retui/retui/renderer.go:91.9,98.29 3 0
github.com/subhasundardass/retui/retui/renderer.go:98.29,105.5 6 0
github.com/subhasundardass/retui/retui/renderer.go:106.4,107.25 2 0
github.com/subhasundardass/retui/retui/renderer.go:112.2,113.14 2 0
github.com/subhasundardass/retui/retui/renderer.go:118.38,120.25 2 0
github.com/subhasundardass/retui/retui/renderer.go:120.25,122.3 1 0
github.com/subhasundardass/retui/retui/renderer.go:123.2,123.14 1 0
github.com/subhasundardass/retui/retui/renderer.go:128.79,130.58 2 0
github.com/subhasundardass/retui/retui/renderer.go:130.58,133.3 2 0
github.com/subhasundardass/retui/retui/renderer.go:154.53,155.19 1 1
github.com/subhasundardass/retui/retui/renderer.go:155.19,156.38 1 0
github.com/subhasundardass/retui/retui/renderer.go:158.2,158.43 1 1
github.com/subhasundardass/retui/retui/renderer.go:185.50,197.24 5 0
github.com/subhasundardass/retui/retui/renderer.go:197.24,199.3 1 0
github.com/subhasundardass/retui/retui/renderer.go:204.2,206.67 3 0
github.com/subhasundardass/retui/retui/renderer.go:206.67,208.3 1 0
github.com/subhasundardass/retui/retui/renderer.go:209.2,209.68 1 0
github.com/subhasundardass/retui/retui/renderer.go:209.68,211.3 1 0
github.com/subhasundardass/retui/retui/renderer.go:214.2,221.32 4 0
github.com/subhasundardass/retui/retui/renderer.go:221.32,224.3 2 0
github.com/subhasundardass/retui/retui/renderer.go:226.2,235.29 4 0
github.com/subhasundardass/retui/retui/renderer.go:235.29,237.3 1 0
github.com/subhasundardass/retui/retui/renderer.go:241.2,241.29 1 0
github.com/subhasundardass/retui/retui/renderer.go:250.40,251.35 1 0
github.com/subhasundardass/retui/retui/renderer.go:251.35,253.3 1 0
github.com/subhasundardass/retui/retui/renderer.go:254.2,254.37 1 0
github.com/subhasundardass/retui/retui/renderer.go:254.37,255.21 1 0
github.com/subhasundardass/retui/retui/renderer.go:255.21,257.4 1 0
github.com/subhasundardass/retui/retui/renderer.go:259.2,259.14 1 0
github.com/subhasundardass/retui/retui/renderer.go:282.67,283.27 1 0
github.com/subhasundardass/retui/retui/renderer.go:283.27,285.3 1 0
github.com/subhasundardass/retui/retui/renderer.go:288.2,293.36 5 0
github.com/subhasundardass/retui/retui/renderer.go:293.36,297.30 3 0
github.com/subhasundardass/retui/retui/renderer.go:297.30,304.4 2 0
github.com/subhasundardass/retui/retui/renderer.go:306.3,306.27 1 0
github.com/subhasundardass/retui/retui/renderer.go:306.27,308.4 1 0
github.com/subhasundardass/retui/retui/renderer.go:311.3,312.32 2 0
github.com/subhasundardass/retui/retui/renderer.go:312.32,314.4 1 0
github.com/subhasundardass/retui/retui/renderer.go:315.3,316.11 2 0
github.com/subhasundardass/retui/retui/renderer.go:319.2,319.25 1 0
github.com/subhasundardass/retui/retui/renderer.go:344.51,350.11 4 0
github.com/subhasundardass/retui/retui/renderer.go:350.11,352.3 1 0
github.com/subhasundardass/retui/retui/renderer.go:353.2,353.13 1 0
github.com/subhasundardass/retui/retui/renderer.go:353.13,355.3 1 0
github.com/subhasundardass/retui/retui/renderer.go:356.2,356.14 1 0
github.com/subhasundardass/retui/retui/renderer.go:356.14,358.3 1 0
github.com/subhasundardass/retui/retui/renderer.go:359.2,359.12 1 0
github.com/subhasundardass/retui/retui/renderer.go:359.12,361.3 1 0
github.com/subhasundardass/retui/retui/renderer.go:363.2,380.22 2 0
github.com/subhasundardass/retui/retui/renderer.go:381.22,385.28 2 0
github.com/subhasundardass/retui/retui/renderer.go:387.19,391.28 3 0
github.com/subhasundardass/retui/retui/renderer.go:393.28,394.19 1 0
github.com/subhasundardass/retui/retui/renderer.go:394.19,399.35 4 0
github.com/subhasundardass/retui/retui/renderer.go:399.35,400.19 1 0
github.com/subhasundardass/retui/retui/renderer.go:400.19,402.6 1 0
github.com/subhasundardass/retui/retui/renderer.go:403.5,403.42 1 0
github.com/subhasundardass/retui/retui/renderer.go:405.9,409.31 3 0
github.com/subhasundardass/retui/retui/renderer.go:409.31,411.19 2 0
github.com/subhasundardass/retui/retui/renderer.go:411.19,413.6 1 0
github.com/subhasundardass/retui/retui/renderer.go:415.4,416.38 2 0
github.com/subhasundardass/retui/retui/renderer.go:419.23,425.34 5 0
github.com/subhasundardass/retui/retui/renderer.go:425.34,426.40 1 0
github.com/subhasundardass/retui/retui/renderer.go:426.40,428.5 1 0
github.com/subhasundardass/retui/retui/renderer.go:429.4,430.21 2 0
github.com/subhasundardass/retui/retui/renderer.go:433.3,434.38 2 0
github.com/subhasundardass/retui/retui/renderer.go:434.38,436.4 1 0
github.com/subhasundardass/retui/retui/renderer.go:440.2,440.41 1 0
github.com/subhasundardass/retui/retui/renderer.go:440.41,442.3 1 0
github.com/subhasundardass/retui/retui/renderer.go:443.2,443.10 1 0
github.com/subhasundardass/retui/retui/renderer.go:460.118,467.22 4 0
github.com/subhasundardass/retui/retui/renderer.go:468.22,470.88 1 0
github.com/subhasundardass/retui/retui/renderer.go:472.18,474.47 1 0
github.com/subhasundardass/retui/retui/renderer.go:474.47,475.49 1 0
github.com/subhasundardass/retui/retui/renderer.go:475.49,477.5 1 0
github.com/subhasundardass/retui/retui/renderer.go:479.3,479.61 1 0
github.com/subhasundardass/retui/retui/renderer.go:481.19,484.35 2 0
github.com/subhasundardass/retui/retui/renderer.go:484.35,485.30 1 0
github.com/subhasundardass/retui/retui/renderer.go:485.30,486.10 1 0
github.com/subhasundardass/retui/retui/renderer.go:488.4,489.22 2 0
github.com/subhasundardass/retui/retui/renderer.go:492.28,495.19 2 0
github.com/subhasundardass/retui/retui/renderer.go:495.19,497.4 1 0
github.com/subhasundardass/retui/retui/renderer.go:497.9,499.4 1 0
github.com/subhasundardass/retui/retui/renderer.go:500.3,500.30 1 0
github.com/subhasundardass/retui/retui/renderer.go:500.30,502.31 2 0
github.com/subhasundardass/retui/retui/renderer.go:502.31,503.10 1 0
github.com/subhasundardass/retui/retui/renderer.go:505.4,506.28 2 0
github.com/subhasundardass/retui/retui/renderer.go:506.28,507.31 1 0
github.com/subhasundardass/retui/retui/renderer.go:507.31,508.11 1 0
github.com/subhasundardass/retui/retui/renderer.go:510.5,511.23 2 0
github.com/subhasundardass/retui/retui/renderer.go:515.23,518.51 2 0
github.com/subhasundardass/retui/retui/renderer.go:518.51,520.4 1 0
github.com/subhasundardass/retui/retui/renderer.go:521.3,521.30 1 0
github.com/subhasundardass/retui/retui/renderer.go:521.30,523.31 2 0
github.com/subhasundardass/retui/retui/renderer.go:523.31,524.10 1 0
github.com/subhasundardass/retui/retui/renderer.go:526.4,527.30 2 0
github.com/subhasundardass/retui/retui/renderer.go:527.30,528.31 1 0
github.com/subhasundardass/retui/retui/renderer.go:528.31,529.11 1 0
github.com/subhasundardass/retui/retui/renderer.go:531.5,533.27 3 0
github.com/subhasundardass/retui/retui/renderer.go:540.2,540.36 1 0
github.com/subhasundardass/retui/retui/renderer.go:540.36,541.42 1 0
github.com/subhasundardass/retui/retui/renderer.go:541.42,543.4 1 0
github.com/subhasundardass/retui/retui/renderer.go:544.8,548.3 1 0
github.com/subhasundardass/retui/retui/renderer.go:549.2,549.12 1 0
github.com/subhasundardass/retui/retui/renderer.go:557.46,558.41 1 0
github.com/subhasundardass/retui/retui/renderer.go:558.41,561.3 2 0
github.com/subhasundardass/retui/retui/renderer.go:562.2,562.12 1 0
github.com/subhasundardass/retui/retui/renderer.go:578.79,579.32 1 0
github.com/subhasundardass/retui/retui/renderer.go:579.32,581.3 1 0
github.com/subhasundardass/retui/retui/renderer.go:584.2,604.14 6 0
github.com/subhasundardass/retui/retui/renderer.go:604.14,606.3 1 0
github.com/subhasundardass/retui/retui/renderer.go:607.2,607.14 1 0
github.com/subhasundardass/retui/retui/renderer.go:607.14,609.3 1 0
github.com/subhasundardass/retui/retui/renderer.go:610.2,610.21 1 0
github.com/subhasundardass/retui/retui/renderer.go:610.21,612.3 1 0
github.com/subhasundardass/retui/retui/renderer.go:613.2,613.21 1 0
github.com/subhasundardass/retui/retui/renderer.go:613.21,615.3 1 0
github.com/subhasundardass/retui/retui/renderer.go:617.2,628.35 5 0
github.com/subhasundardass/retui/retui/renderer.go:628.35,630.3 1 0
github.com/subhasundardass/retui/retui/renderer.go:641.67,642.53 1 0
github.com/subhasundardass/retui/retui/renderer.go:642.53,644.3 1 0
github.com/subhasundardass/retui/retui/renderer.go:646.2,647.31 2 0
github.com/subhasundardass/retui/retui/renderer.go:647.31,649.3 1 0
github.com/subhasundardass/retui/retui/renderer.go:650.2,656.11 4 0
github.com/subhasundardass/retui/retui/renderer.go:656.11,658.32 1 0
github.com/subhasundardass/retui/retui/renderer.go:658.32,660.4 1 0
github.com/subhasundardass/retui/retui/renderer.go:663.3,663.43 1 0
github.com/subhasundardass/retui/retui/renderer.go:663.43,665.18 2 0
github.com/subhasundardass/retui/retui/renderer.go:665.18,670.28 3 0
github.com/subhasundardass/retui/retui/renderer.go:670.28,672.6 1 0
github.com/subhasundardass/retui/retui/renderer.go:674.5,677.26 3 0
github.com/subhasundardass/retui/retui/renderer.go:678.21,679.30 1 0
github.com/subhasundardass/retui/retui/renderer.go:681.19,682.39 1 0
github.com/subhasundardass/retui/retui/renderer.go:684.22,685.17 1 0
github.com/subhasundardass/retui/retui/renderer.go:686.13,687.44 1 0
github.com/subhasundardass/retui/retui/renderer.go:691.5,694.25 3 0
github.com/subhasundardass/retui/retui/renderer.go:694.25,696.6 1 0
github.com/subhasundardass/retui/retui/renderer.go:697.5,697.25 1 0
github.com/subhasundardass/retui/retui/renderer.go:697.25,699.6 1 0
github.com/subhasundardass/retui/retui/renderer.go:701.5,703.29 2 0
github.com/subhasundardass/retui/retui/renderer.go:703.29,705.6 1 0
github.com/subhasundardass/retui/retui/renderer.go:711.2,711.26 1 0
github.com/subhasundardass/retui/retui/renderer.go:711.26,712.32 1 0
github.com/subhasundardass/retui/retui/renderer.go:712.32,714.4 1 0
github.com/subhasundardass/retui/retui/renderer.go:718.2,718.12 1 0
github.com/subhasundardass/retui/retui/renderer.go:718.12,719.32 1 0
github.com/subhasundardass/retui/retui/renderer.go:719.32,721.4 1 0
github.com/subhasundardass/retui/retui/renderer.go:725.2,725.25 1 0
github.com/subhasundardass/retui/retui/renderer.go:725.25,726.32 1 0
github.com/subhasundardass/retui/retui/renderer.go:726.32,728.4 1 0
github.com/subhasundardass/retui/retui/renderer.go:732.2,732.71 1 0
github.com/subhasundardass/retui/retui/renderer.go:732.71,734.3 1 0
github.com/subhasundardass/retui/retui/renderer.go:735.2,735.74 1 0
github.com/subhasundardass/retui/retui/renderer.go:735.74,737.3 1 0
github.com/subhasundardass/retui/retui/renderer.go:738.2,738.80 1 0
github.com/subhasundardass/retui/retui/renderer.go:738.80,740.3 1 0
github.com/subhasundardass/retui/retui/renderer.go:741.2,741.83 1 0
github.com/subhasundardass/retui/retui/renderer.go:741.83,743.3 1 0
github.com/subhasundardass/retui/retui/renderer.go:752.71,753.9 1 0
github.com/subhasundardass/retui/retui/renderer.go:754.20,755.20 1 0
github.com/subhasundardass/retui/retui/renderer.go:756.12,757.15 1 0
github.com/subhasundardass/retui/retui/renderer.go:758.12,759.15 1 0
github.com/subhasundardass/retui/retui/renderer.go:760.10,761.11 1 0
github.com/subhasundardass/retui/retui/runtime.go:74.37,82.48 3 0
github.com/subhasundardass/retui/retui/runtime.go:82.48,84.3 1 0
github.com/subhasundardass/retui/retui/runtime.go:84.8,86.3 1 0
github.com/subhasundardass/retui/retui/runtime.go:88.2,94.3 2 0
github.com/subhasundardass/retui/retui/runtime.go:154.13,155.9 1 0
github.com/subhasundardass/retui/retui/runtime.go:156.28,156.28 0 0
github.com/subhasundardass/retui/retui/runtime.go:157.10,157.10 0 0
github.com/subhasundardass/retui/retui/runtime.go:239.62,250.24 5 0
github.com/subhasundardass/retui/retui/runtime.go:250.24,251.22 1 0
github.com/subhasundardass/retui/retui/runtime.go:251.22,251.37 1 0
github.com/subhasundardass/retui/retui/runtime.go:255.2,262.12 5 0
github.com/subhasundardass/retui/retui/runtime.go:262.12,264.7 2 0
github.com/subhasundardass/retui/retui/runtime.go:264.7,267.11 3 0
github.com/subhasundardass/retui/retui/runtime.go:268.26,268.26 0 0
github.com/subhasundardass/retui/retui/runtime.go:270.16,272.11 1 0
github.com/subhasundardass/retui/retui/runtime.go:273.12,273.12 0 0
github.com/subhasundardass/retui/retui/runtime.go:281.2,281.12 1 0
github.com/subhasundardass/retui/retui/runtime.go:281.12,284.7 3 0
github.com/subhasundardass/retui/retui/runtime.go:284.7,286.18 2 0
github.com/subhasundardass/retui/retui/runtime.go:286.18,290.5 2 0
github.com/subhasundardass/retui/retui/runtime.go:291.4,291.46 1 0
github.com/subhasundardass/retui/retui/runtime.go:291.46,292.29 1 0
github.com/subhasundardass/retui/retui/runtime.go:292.29,296.6 2 0
github.com/subhasundardass/retui/retui/runtime.go:297.5,297.16 1 0
github.com/subhasundardass/retui/retui/runtime.go:303.2,306.6 2 0
github.com/subhasundardass/retui/retui/runtime.go:306.6,307.10 1 0
github.com/subhasundardass/retui/retui/runtime.go:308.15,310.10 1 0
github.com/subhasundardass/retui/retui/runtime.go:312.17,314.17 1 0
github.com/subhasundardass/retui/retui/runtime.go:316.22,321.39 2 0
github.com/subhasundardass/retui/retui/runtime.go:321.39,322.33 1 0
github.com/subhasundardass/retui/retui/runtime.go:322.33,324.6 1 0
github.com/subhasundardass/retui/retui/runtime.go:325.5,326.10 2 0
github.com/subhasundardass/retui/retui/runtime.go:330.4,334.32 3 0
github.com/subhasundardass/retui/retui/runtime.go:334.32,336.5 1 0
github.com/subhasundardass/retui/retui/runtime.go:339.4,339.16 1 0
github.com/subhasundardass/retui/retui/runtime.go:339.16,341.5 1 0
github.com/subhasundardass/retui/retui/runtime.go:343.4,343.23 1 0
github.com/subhasundardass/retui/retui/runtime.go:345.27,348.23 2 0
github.com/subhasundardass/retui/retui/runtime.go:350.17,354.23 3 0
github.com/subhasundardass/retui/retui/runtime.go:392.65,405.15 7 0
github.com/subhasundardass/retui/retui/runtime.go:405.15,408.3 1 0
github.com/subhasundardass/retui/retui/runtime.go:409.2,410.27 2 0
github.com/subhasundardass/retui/retui/runtime.go:410.27,414.3 2 0
github.com/subhasundardass/retui/retui/runtime.go:419.2,424.27 5 0
github.com/subhasundardass/retui/retui/runtime.go:424.27,426.3 1 0
github.com/subhasundardass/retui/retui/runtime.go:428.2,438.19 5 0
github.com/subhasundardass/retui/retui/runtime.go:438.19,443.28 5 0
github.com/subhasundardass/retui/retui/runtime.go:443.28,445.4 1 0
github.com/subhasundardass/retui/retui/runtime.go:446.3,447.19 2 0
github.com/subhasundardass/retui/retui/screen.go:110.58,119.2 4 1
github.com/subhasundardass/retui/retui/screen.go:129.32,131.94 2 1
github.com/subhasundardass/retui/retui/screen.go:131.94,133.3 1 0
github.com/subhasundardass/retui/retui/screen.go:134.2,134.35 1 1
github.com/subhasundardass/retui/retui/screen.go:145.29,146.29 1 1
github.com/subhasundardass/retui/retui/screen.go:146.29,148.3 1 1
github.com/subhasundardass/retui/retui/screen.go:149.2,149.21 1 1
github.com/subhasundardass/retui/retui/screen.go:153.31,156.2 2 1
github.com/subhasundardass/retui/retui/screen.go:159.43,161.22 2 2
github.com/subhasundardass/retui/retui/screen.go:161.22,163.3 1 48
github.com/subhasundardass/retui/retui/screen.go:164.2,164.13 1 2
github.com/subhasundardass/retui/retui/screen.go:182.26,187.16 3 0
github.com/subhasundardass/retui/retui/screen.go:187.16,189.3 1 0
github.com/subhasundardass/retui/retui/screen.go:192.2,192.94 1 0
github.com/subhasundardass/retui/retui/screen.go:192.94,197.42 4 0
github.com/subhasundardass/retui/retui/screen.go:197.42,202.4 4 0
github.com/subhasundardass/retui/retui/screen.go:203.3,203.16 1 0
github.com/subhasundardass/retui/retui/screen.go:206.2,209.34 3 0
github.com/subhasundardass/retui/retui/screen.go:219.25,223.23 4 0
github.com/subhasundardass/retui/retui/screen.go:223.23,224.70 1 0
github.com/subhasundardass/retui/retui/screen.go:224.70,226.4 1 0
github.com/subhasundardass/retui/retui/screen.go:235.30,235.48 1 0
github.com/subhasundardass/retui/retui/screen.go:238.31,238.50 1 0
github.com/subhasundardass/retui/retui/screen.go:248.33,250.42 2 0
github.com/subhasundardass/retui/retui/screen.go:250.42,252.3 1 0
github.com/subhasundardass/retui/retui/screen.go:254.2,266.23 11 0
github.com/subhasundardass/retui/retui/screen.go:275.44,283.2 7 0
github.com/subhasundardass/retui/retui/screen.go:302.61,303.53 1 0
github.com/subhasundardass/retui/retui/screen.go:303.53,305.3 1 0
github.com/subhasundardass/retui/retui/screen.go:307.2,310.27 3 0
github.com/subhasundardass/retui/retui/screen.go:310.27,312.3 1 0
github.com/subhasundardass/retui/retui/screen.go:314.2,318.27 3 0
github.com/subhasundardass/retui/retui/screen.go:318.27,320.34 2 0
github.com/subhasundardass/retui/retui/screen.go:320.34,323.4 2 0
github.com/subhasundardass/retui/retui/screen.go:332.41,333.53 1 0
github.com/subhasundardass/retui/retui/screen.go:333.53,335.3 1 0
github.com/subhasundardass/retui/retui/screen.go:336.2,336.22 1 0
github.com/subhasundardass/retui/retui/screen.go:344.26,345.32 1 0
github.com/subhasundardass/retui/retui/screen.go:345.32,346.32 1 0
github.com/subhasundardass/retui/retui/screen.go:346.32,347.30 1 0
github.com/subhasundardass/retui/retui/screen.go:347.30,348.13 1 0
github.com/subhasundardass/retui/retui/screen.go:350.4,351.21 2 0
github.com/subhasundardass/retui/retui/screen.go:387.87,397.2 3 0
github.com/subhasundardass/retui/retui/screen.go:411.63,412.43 1 0
github.com/subhasundardass/retui/retui/screen.go:412.43,414.41 2 0
github.com/subhasundardass/retui/retui/screen.go:414.41,415.12 1 0
github.com/subhasundardass/retui/retui/screen.go:417.3,417.43 1 0
github.com/subhasundardass/retui/retui/screen.go:417.43,419.41 2 0
github.com/subhasundardass/retui/retui/screen.go:419.41,420.13 1 0
github.com/subhasundardass/retui/retui/screen.go:422.4,423.41 2 0
github.com/subhasundardass/retui/retui/screen.go:423.41,424.13 1 0
github.com/subhasundardass/retui/retui/screen.go:426.4,427.27 2 0
github.com/subhasundardass/retui/retui/screen.go:445.26,446.37 1 0
github.com/subhasundardass/retui/retui/screen.go:446.37,448.3 1 0
github.com/subhasundardass/retui/retui/screen.go:450.2,456.50 5 0
github.com/subhasundardass/retui/retui/screen.go:456.50,457.22 1 0
github.com/subhasundardass/retui/retui/screen.go:457.22,458.12 1 0
github.com/subhasundardass/retui/retui/screen.go:461.3,462.40 2 0
github.com/subhasundardass/retui/retui/screen.go:462.40,463.12 1 0
github.com/subhasundardass/retui/retui/screen.go:466.3,466.32 1 0
github.com/subhasundardass/retui/retui/screen.go:466.32,468.28 2 0
github.com/subhasundardass/retui/retui/screen.go:468.28,469.13 1 0
github.com/subhasundardass/retui/retui/screen.go:473.4,473.45 1 0
github.com/subhasundardass/retui/retui/screen.go:473.45,476.5 2 0
github.com/subhasundardass/retui/retui/screen.go:479.4,479.50 1 0
github.com/subhasundardass/retui/retui/screen.go:479.50,483.5 3 0
github.com/subhasundardass/retui/retui/screen.go:485.4,486.14 2 0
github.com/subhasundardass/retui/retui/screen.go:486.14,488.5 1 0
github.com/subhasundardass/retui/retui/screen.go:489.4,492.14 3 0
github.com/subhasundardass/retui/retui/screen.go:492.14,494.5 1 0
github.com/subhasundardass/retui/retui/screen.go:495.4,497.23 2 0
github.com/subhasundardass/retui/retui/screen.go:501.2,501.17 1 0
github.com/subhasundardass/retui/retui/screen.go:501.17,503.3 1 0
github.com/subhasundardass/retui/retui/screen.go:505.2,506.16 2 0
github.com/subhasundardass/retui/retui/screen.go:518.43,519.21 1 0
github.com/subhasundardass/retui/retui/screen.go:519.21,521.3 1 0
github.com/subhasundardass/retui/retui/screen.go:522.2,523.26 2 0
github.com/subhasundardass/retui/retui/screen.go:523.26,525.3 1 0
github.com/subhasundardass/retui/retui/screen.go:526.2,529.16 3 0
github.com/subhasundardass/retui/retui/screen.go:529.16,531.3 1 0
github.com/subhasundardass/retui/retui/screen.go:533.2,537.21 4 0
github.com/subhasundardass/retui/retui/screen.go:537.21,539.3 1 0
github.com/subhasundardass/retui/retui/screen.go:541.2,541.37 1 0
github.com/subhasundardass/retui/retui/screen.go:541.37,545.32 3 0
github.com/subhasundardass/retui/retui/screen.go:545.32,547.47 2 0
github.com/subhasundardass/retui/retui/screen.go:547.47,548.20 1 0
github.com/subhasundardass/retui/retui/screen.go:548.20,550.6 1 0
github.com/subhasundardass/retui/retui/screen.go:551.5,553.23 3 0
github.com/subhasundardass/retui/retui/screen.go:555.4,556.14 2 0
github.com/subhasundardass/retui/retui/screen.go:556.14,558.5 1 0
github.com/subhasundardass/retui/retui/screen.go:559.4,559.30 1 0
github.com/subhasundardass/retui/retui/screen.go:562.3,562.18 1 0
github.com/subhasundardass/retui/retui/screen.go:562.18,564.4 1 0
github.com/subhasundardass/retui/retui/screen.go:565.3,565.21 1 0
github.com/subhasundardass/retui/retui/screen.go:565.21,567.4 1 0
github.com/subhasundardass/retui/retui/screen.go:570.2,573.37 2 0
github.com/subhasundardass/retui/retui/screen.go:573.37,575.27 2 0
github.com/subhasundardass/retui/retui/screen.go:575.27,577.4 1 0
github.com/subhasundardass/retui/retui/screen.go:580.2,581.26 2 0
github.com/subhasundardass/retui/retui/screen.go:588.38,589.36 1 0
github.com/subhasundardass/retui/retui/screen.go:589.36,591.3 1 0
github.com/subhasundardass/retui/retui/screen.go:592.2,594.46 3 0
github.com/subhasundardass/retui/retui/screen.go:594.46,596.3 1 0
github.com/subhasundardass/retui/retui/screen.go:597.2,597.23 1 0
github.com/subhasundardass/retui/retui/screen.go:597.23,599.3 1 0
github.com/subhasundardass/retui/retui/screen.go:602.31,607.2 4 1
github.com/subhasundardass/retui/retui/screen.go:609.31,613.29 4 0
github.com/subhasundardass/retui/retui/screen.go:613.29,615.3 1 0
github.com/subhasundardass/retui/retui/screen.go:618.41,620.32 2 0
github.com/subhasundardass/retui/retui/screen.go:620.32,621.9 1 0
github.com/subhasundardass/retui/retui/screen.go:621.9,622.12 1 0
github.com/subhasundardass/retui/retui/screen.go:624.3,624.26 1 0
github.com/subhasundardass/retui/retui/screen.go:624.26,626.4 1 0
github.com/subhasundardass/retui/retui/screen.go:627.3,627.20 1 0
github.com/subhasundardass/retui/retui/screen.go:629.2,629.31 1 0
github.com/subhasundardass/retui/retui/screen.go:634.38,638.29 4 0
github.com/subhasundardass/retui/retui/screen.go:638.29,640.3 1 0
github.com/subhasundardass/retui/retui/screen.go:649.28,651.2 1 0
github.com/subhasundardass/retui/retui/style.go:20.23,22.2 1 31
[...]
github.com/subhasundardass/retui/retui/components/tree.go:79.31,84.21 3 0
github.com/subhasundardass/retui/retui/components/tree.go:84.21,85.38 1 0
github.com/subhasundardass/retui/retui/components/tree.go:85.38,87.5 1 0
github.com/subhasundardass/retui/retui/components/tree.go:88.4,88.19 1 0
github.com/subhasundardass/retui/retui/components/tree.go:88.19,90.5 1 0
github.com/subhasundardass/retui/retui/components/tree.go:90.10,92.5 1 0
github.com/subhasundardass/retui/retui/components/tree.go:96.3,99.19 2 0
github.com/subhasundardass/retui/retui/components/tree.go:99.19,102.4 2 0
github.com/subhasundardass/retui/retui/components/tree.go:105.3,106.16 2 0
github.com/subhasundardass/retui/retui/components/tree.go:106.16,108.4 1 0
github.com/subhasundardass/retui/retui/components/tree.go:110.3,117.5 2 0
github.com/subhasundardass/retui/retui/components/tree.go:120.2,124.3 1 0
github.com/subhasundardass/retui/retui/components/tree.go:128.76,132.2 3 0
github.com/subhasundardass/retui/retui/components/tree.go:134.90,135.26 1 0
github.com/subhasundardass/retui/retui/components/tree.go:135.26,137.15 2 0
github.com/subhasundardass/retui/retui/components/tree.go:137.15,139.4 1 0
github.com/subhasundardass/retui/retui/components/tree.go:141.3,149.42 2 0
github.com/subhasundardass/retui/retui/components/tree.go:149.42,151.4 1 0
github.com/subhasundardass/retui/retui/window/manager.go:24.40,34.2 1 0
github.com/subhasundardass/retui/retui/window/manager.go:36.13,37.39 1 0
github.com/subhasundardass/retui/retui/window/manager.go:37.39,39.3 1 0
github.com/subhasundardass/retui/retui/window/manager.go:40.2,40.64 1 0
github.com/subhasundardass/retui/retui/window/manager.go:40.64,42.3 1 0
github.com/subhasundardass/retui/retui/window/manager.go:43.2,43.53 1 0
github.com/subhasundardass/retui/retui/window/manager.go:43.53,45.65 1 0
github.com/subhasundardass/retui/retui/window/manager.go:45.65,46.82 1 0
github.com/subhasundardass/retui/retui/window/manager.go:46.82,47.83 1 0
github.com/subhasundardass/retui/retui/window/manager.go:47.83,49.6 1 0
github.com/subhasundardass/retui/retui/window/manager.go:50.5,50.16 1 0
github.com/subhasundardass/retui/retui/window/manager.go:52.4,53.15 2 0
github.com/subhasundardass/retui/retui/window/manager.go:57.3,57.68 1 0
github.com/subhasundardass/retui/retui/window/manager.go:57.68,63.32 2 0
github.com/subhasundardass/retui/retui/window/manager.go:63.32,65.5 1 0
github.com/subhasundardass/retui/retui/window/manager.go:67.4,68.22 2 0
github.com/subhasundardass/retui/retui/window/manager.go:68.22,69.61 1 0
github.com/subhasundardass/retui/retui/window/manager.go:69.61,72.28 1 0
github.com/subhasundardass/retui/retui/window/manager.go:72.28,74.7 1 0
github.com/subhasundardass/retui/retui/window/manager.go:77.6,78.17 2 0
github.com/subhasundardass/retui/retui/window/manager.go:82.4,82.15 1 0
github.com/subhasundardass/retui/retui/window/manager.go:85.3,86.15 2 0
github.com/subhasundardass/retui/retui/window/manager.go:86.15,88.4 1 0
github.com/subhasundardass/retui/retui/window/manager.go:89.3,89.53 1 0
github.com/subhasundardass/retui/retui/window/manager.go:89.53,91.4 1 0
github.com/subhasundardass/retui/retui/window/manager.go:93.3,93.15 1 0
github.com/subhasundardass/retui/retui/window/manager.go:101.59,106.2 4 0
github.com/subhasundardass/retui/retui/window/manager.go:109.53,113.2 3 0
github.com/subhasundardass/retui/retui/window/manager.go:118.59,122.2 3 0
github.com/subhasundardass/retui/retui/window/manager.go:126.42,129.29 3 0
github.com/subhasundardass/retui/retui/window/manager.go:129.29,131.3 1 0
github.com/subhasundardass/retui/retui/window/manager.go:140.47,144.43 3 0
github.com/subhasundardass/retui/retui/window/manager.go:144.43,146.3 1 0
github.com/subhasundardass/retui/retui/window/manager.go:147.2,150.17 3 0
github.com/subhasundardass/retui/retui/window/manager.go:150.17,154.3 3 0
github.com/subhasundardass/retui/retui/window/manager.go:154.8,156.30 2 0
github.com/subhasundardass/retui/retui/window/manager.go:156.30,158.4 1 0
github.com/subhasundardass/retui/retui/window/manager.go:160.2,160.23 1 0
github.com/subhasundardass/retui/retui/window/manager.go:165.50,169.42 3 0
github.com/subhasundardass/retui/retui/window/manager.go:169.42,171.3 1 0
github.com/subhasundardass/retui/retui/window/manager.go:172.2,175.31 2 0
github.com/subhasundardass/retui/retui/window/manager.go:175.31,176.16 1 0
github.com/subhasundardass/retui/retui/window/manager.go:176.16,178.9 2 0
github.com/subhasundardass/retui/retui/window/manager.go:183.2,183.36 1 0
github.com/subhasundardass/retui/retui/window/manager.go:183.36,184.16 1 0
github.com/subhasundardass/retui/retui/window/manager.go:184.16,186.9 2 0
github.com/subhasundardass/retui/retui/window/manager.go:191.2,191.22 1 0
github.com/subhasundardass/retui/retui/window/manager.go:191.22,192.53 1 0
github.com/subhasundardass/retui/retui/window/manager.go:192.53,194.4 1 0
github.com/subhasundardass/retui/retui/window/manager.go:194.9,194.31 1 0
github.com/subhasundardass/retui/retui/window/manager.go:194.31,197.4 2 0
github.com/subhasundardass/retui/retui/window/manager.go:197.9,199.4 1 0
github.com/subhasundardass/retui/retui/window/manager.go:201.2,201.23 1 0
github.com/subhasundardass/retui/retui/window/manager.go:205.55,209.2 3 0
github.com/subhasundardass/retui/retui/window/manager.go:217.50,222.68 3 0
github.com/subhasundardass/retui/retui/window/manager.go:222.68,224.3 1 0
github.com/subhasundardass/retui/retui/window/manager.go:227.2,228.31 2 0
github.com/subhasundardass/retui/retui/window/manager.go:228.31,229.16 1 0
github.com/subhasundardass/retui/retui/window/manager.go:229.16,231.9 2 0
github.com/subhasundardass/retui/retui/window/manager.go:234.2,234.15 1 0
github.com/subhasundardass/retui/retui/window/manager.go:234.15,236.3 1 0
github.com/subhasundardass/retui/retui/window/manager.go:237.2,241.48 3 0
github.com/subhasundardass/retui/retui/window/manager.go:241.48,243.3 1 0
github.com/subhasundardass/retui/retui/window/manager.go:245.2,246.23 2 0
github.com/subhasundardass/retui/retui/window/manager.go:251.47,257.2 5 0
github.com/subhasundardass/retui/retui/window/manager.go:264.46,267.52 3 0
github.com/subhasundardass/retui/retui/window/manager.go:267.52,269.3 1 0
github.com/subhasundardass/retui/retui/window/manager.go:270.2,270.19 1 0
github.com/subhasundardass/retui/retui/window/manager.go:274.46,278.68 3 0
github.com/subhasundardass/retui/retui/window/manager.go:278.68,280.3 1 0
github.com/subhasundardass/retui/retui/window/manager.go:281.2,281.42 1 0
github.com/subhasundardass/retui/retui/window/manager.go:281.42,283.3 1 0
github.com/subhasundardass/retui/retui/window/manager.go:284.2,285.23 2 0
github.com/subhasundardass/retui/retui/window/manager.go:289.52,292.52 3 0
github.com/subhasundardass/retui/retui/window/manager.go:292.52,294.3 1 0
github.com/subhasundardass/retui/retui/window/manager.go:295.2,295.25 1 0
github.com/subhasundardass/retui/retui/window/manager.go:300.38,303.52 3 0
github.com/subhasundardass/retui/retui/window/manager.go:303.52,304.29 1 0
github.com/subhasundardass/retui/retui/window/manager.go:304.29,306.38 2 0
github.com/subhasundardass/retui/retui/window/manager.go:306.38,307.22 1 0
github.com/subhasundardass/retui/retui/window/manager.go:307.22,309.11 2 0
github.com/subhasundardass/retui/retui/window/manager.go:312.4,312.16 1 0
github.com/subhasundardass/retui/retui/window/manager.go:312.16,316.5 3 0
github.com/subhasundardass/retui/retui/window/manager.go:318.3,318.9 1 0
github.com/subhasundardass/retui/retui/window/manager.go:321.2,321.24 1 0
github.com/subhasundardass/retui/retui/window/manager.go:321.24,323.3 1 0
github.com/subhasundardass/retui/retui/window/manager.go:324.2,325.30 2 0
github.com/subhasundardass/retui/retui/window/manager.go:325.30,326.23 1 0
github.com/subhasundardass/retui/retui/window/manager.go:326.23,328.9 2 0
github.com/subhasundardass/retui/retui/window/manager.go:331.2,332.30 2 0
github.com/subhasundardass/retui/retui/window/manager.go:332.30,334.3 1 0
github.com/subhasundardass/retui/retui/window/manager.go:335.2,336.23 2 0
github.com/subhasundardass/retui/retui/window/manager.go:343.39,347.2 3 0
github.com/subhasundardass/retui/retui/window/manager.go:350.33,352.2 1 0
github.com/subhasundardass/retui/retui/window/manager.go:355.45,359.31 4 0
github.com/subhasundardass/retui/retui/window/manager.go:359.31,361.3 1 0
github.com/subhasundardass/retui/retui/window/manager.go:362.2,362.16 1 0
github.com/subhasundardass/retui/retui/window/manager.go:366.49,370.30 4 0
github.com/subhasundardass/retui/retui/window/manager.go:370.30,371.51 1 0
github.com/subhasundardass/retui/retui/window/manager.go:371.51,373.4 1 0
github.com/subhasundardass/retui/retui/window/manager.go:375.2,375.16 1 0
github.com/subhasundardass/retui/retui/window/manager.go:379.38,383.2 3 0
github.com/subhasundardass/retui/retui/window/manager.go:386.45,391.31 4 0
github.com/subhasundardass/retui/retui/window/manager.go:391.31,392.16 1 0
github.com/subhasundardass/retui/retui/window/manager.go:392.16,394.4 1 0
github.com/subhasundardass/retui/retui/window/manager.go:396.2,396.14 1 0
github.com/subhasundardass/retui/retui/window/manager.go:400.48,403.31 3 0
github.com/subhasundardass/retui/retui/window/manager.go:403.31,404.35 1 0
github.com/subhasundardass/retui/retui/window/manager.go:404.35,406.4 1 0
github.com/subhasundardass/retui/retui/window/manager.go:408.2,408.14 1 0
github.com/subhasundardass/retui/retui/window/manager.go:412.55,415.42 3 0
github.com/subhasundardass/retui/retui/window/manager.go:415.42,416.75 1 0
github.com/subhasundardass/retui/retui/window/manager.go:416.75,418.4 1 0
github.com/subhasundardass/retui/retui/window/manager.go:420.2,420.12 1 0
github.com/subhasundardass/retui/retui/window/manager.go:424.52,429.2 4 0
github.com/subhasundardass/retui/retui/window/manager.go:432.58,436.18 4 0
github.com/subhasundardass/retui/retui/window/manager.go:436.18,438.3 1 0
github.com/subhasundardass/retui/retui/window/manager.go:439.2,439.21 1 0
github.com/subhasundardass/retui/retui/window/manager.go:443.50,447.2 3 0
github.com/subhasundardass/retui/retui/window/manager.go:454.53,455.29 1 0
github.com/subhasundardass/retui/retui/window/manager.go:455.29,457.3 1 0
github.com/subhasundardass/retui/retui/window/manager.go:458.2,458.44 1 0
github.com/subhasundardass/retui/retui/window/manager.go:462.56,463.31 1 0
github.com/subhasundardass/retui/retui/window/manager.go:463.31,464.16 1 0
github.com/subhasundardass/retui/retui/window/manager.go:464.16,466.9 2 0
github.com/subhasundardass/retui/retui/window/manager.go:469.2,469.33 1 0
github.com/subhasundardass/retui/retui/window/manager.go:473.47,475.30 2 0
github.com/subhasundardass/retui/retui/window/manager.go:475.30,476.49 1 0
github.com/subhasundardass/retui/retui/window/manager.go:476.49,478.4 1 0
github.com/subhasundardass/retui/retui/window/manager.go:478.9,480.4 1 0
github.com/subhasundardass/retui/retui/window/manager.go:482.2,482.41 1 0
github.com/subhasundardass/retui/retui/window/manager.go:486.58,488.36 1 0
github.com/subhasundardass/retui/retui/window/manager.go:488.36,489.16 1 0
github.com/subhasundardass/retui/retui/window/manager.go:489.16,491.9 2 0
github.com/subhasundardass/retui/retui/window/manager.go:494.2,496.27 2 0
github.com/subhasundardass/retui/retui/window/manager.go:500.54,502.33 2 0
github.com/subhasundardass/retui/retui/window/manager.go:502.33,506.3 3 0
github.com/subhasundardass/retui/retui/window/manager.go:517.39,519.2 1 0
github.com/subhasundardass/retui/retui/window/manager.go:522.34,524.2 1 0
github.com/subhasundardass/retui/retui/window/manager.go:527.17,529.41 2 0
github.com/subhasundardass/retui/retui/window/manager.go:529.41,530.45 1 0
github.com/subhasundardass/retui/retui/window/manager.go:530.45,534.4 3 0
github.com/subhasundardass/retui/retui/window/manager.go:535.3,535.36 1 0
github.com/subhasundardass/retui/retui/window/manager.go:537.2,541.34 5 0
github.com/subhasundardass/retui/retui/window/manager.go:545.27,547.2 1 0
github.com/subhasundardass/retui/retui/window/manager.go:550.18,552.2 1 0
github.com/subhasundardass/retui/retui/window/manager.go:555.25,557.2 1 0
github.com/subhasundardass/retui/retui/window/manager.go:560.26,562.2 1 0
github.com/subhasundardass/retui/retui/window/manager.go:565.28,567.2 1 0
github.com/subhasundardass/retui/retui/window/manager.go:570.29,572.2 1 0
github.com/subhasundardass/retui/retui/window/manager.go:575.38,577.2 1 0
github.com/subhasundardass/retui/retui/window/manager.go:580.30,582.2 1 0
github.com/subhasundardass/retui/retui/window/renderer.go:12.44,14.2 1 0
github.com/subhasundardass/retui/retui/window/renderer.go:25.76,29.22 2 0
github.com/subhasundardass/retui/retui/window/renderer.go:29.22,31.3 1 0
github.com/subhasundardass/retui/retui/window/renderer.go:34.2,37.40 2 0
github.com/subhasundardass/retui/retui/window/renderer.go:37.40,39.33 2 0
github.com/subhasundardass/retui/retui/window/renderer.go:39.33,40.12 1 0
github.com/subhasundardass/retui/retui/window/renderer.go:42.3,42.61 1 0
github.com/subhasundardass/retui/retui/window/renderer.go:47.2,54.3 1 0
github.com/subhasundardass/retui/retui/window/renderer.go:59.75,65.2 2 0
github.com/subhasundardass/retui/retui/window/renderer.go:68.72,70.23 2 0
github.com/subhasundardass/retui/retui/window/renderer.go:70.23,72.3 1 0
github.com/subhasundardass/retui/retui/window/renderer.go:74.2,75.31 2 0
github.com/subhasundardass/retui/retui/window/renderer.go:75.31,77.3 1 0
github.com/subhasundardass/retui/retui/window/renderer.go:79.2,86.23 2 0
github.com/subhasundardass/retui/retui/window/renderer.go:86.23,92.3 1 0
github.com/subhasundardass/retui/retui/window/renderer.go:94.2,99.3 1 0
github.com/subhasundardass/retui/retui/window/renderer.go:103.67,107.13 2 0
github.com/subhasundardass/retui/retui/window/renderer.go:107.13,109.3 1 0
github.com/subhasundardass/retui/retui/window/renderer.go:111.2,112.35 2 0
github.com/subhasundardass/retui/retui/window/renderer.go:112.35,114.3 1 0
github.com/subhasundardass/retui/retui/window/renderer.go:117.2,135.3 1 0
github.com/subhasundardass/retui/retui/window/renderer.go:147.68,151.2 2 0
github.com/subhasundardass/retui/retui/window/window.go:16.46,19.2 2 0
github.com/subhasundardass/retui/retui/window/window.go:44.26,60.2 3 0
github.com/subhasundardass/retui/retui/window/window.go:67.49,72.2 4 0
github.com/subhasundardass/retui/retui/window/window.go:75.53,81.2 5 0
github.com/subhasundardass/retui/retui/window/window.go:84.48,90.2 5 0
github.com/subhasundardass/retui/retui/window/window.go:93.47,98.2 4 0
github.com/subhasundardass/retui/retui/window/window.go:100.63,105.2 4 0
github.com/subhasundardass/retui/retui/window/window.go:108.64,113.2 4 0
github.com/subhasundardass/retui/retui/window/window.go:116.60,121.2 4 0
github.com/subhasundardass/retui/retui/window/window.go:129.33,137.2 5 0
github.com/subhasundardass/retui/retui/window/window.go:141.33,149.2 5 0
github.com/subhasundardass/retui/retui/window/window.go:153.26,160.2 5 0
github.com/subhasundardass/retui/retui/window/window.go:164.42,170.14 5 0
github.com/subhasundardass/retui/retui/window/window.go:170.14,172.3 1 0
github.com/subhasundardass/retui/retui/window/window.go:172.8,174.3 1 0
github.com/subhasundardass/retui/retui/window/window.go:175.2,175.17 1 0
github.com/subhasundardass/retui/retui/window/window.go:180.66,185.2 4 0
github.com/subhasundardass/retui/retui/window/window.go:188.48,194.15 4 0
github.com/subhasundardass/retui/retui/window/window.go:194.15,196.3 1 0
github.com/subhasundardass/retui/retui/window/window.go:198.2,198.14 1 0
github.com/subhasundardass/retui/retui/window/window.go:201.28,203.2 1 0
github.com/subhasundardass/retui/retui/window/window.go:205.39,207.2 1 0
github.com/subhasundardass/retui/retui/window/window.go:214.26,216.2 1 0
github.com/subhasundardass/retui/retui/window/window.go:219.35,223.2 3 0
github.com/subhasundardass/retui/retui/window/window.go:230.35,234.2 3 0
github.com/subhasundardass/retui/retui/window/window.go:237.33,241.2 3 0
github.com/subhasundardass/retui/retui/window/window.go:244.34,246.2 1 0
github.com/subhasundardass/retui/retui/window/window.go:249.36,253.2 3 0
github.com/subhasundardass/retui/retui/window/window.go:256.35,260.2 3 0
github.com/subhasundardass/retui/retui/window/window.go:263.39,267.2 3 0
github.com/subhasundardass/retui/retui/window/window.go:270.37,274.2 3 0
github.com/subhasundardass/retui/retui/window/window.go:277.51,281.2 3 0
github.com/subhasundardass/retui/retui/window/window.go:284.47,288.2 3 0
github.com/subhasundardass/retui/retui/window/window.go:292.38,296.2 3 0
github.com/subhasundardass/retui/retui/window/window.go:302.35,309.18 4 0
github.com/subhasundardass/retui/retui/window/window.go:309.18,311.3 1 0
github.com/subhasundardass/retui/retui/window/window.go:312.2,312.19 1 0
github.com/subhasundardass/retui/retui/window/window.go:312.19,314.3 1 0
github.com/subhasundardass/retui/retui/window/window.go:316.2,320.13 3 0
github.com/subhasundardass/retui/retui/window/window.go:320.13,322.3 1 0
github.com/subhasundardass/retui/retui/window/window.go:323.2,323.13 1 0
github.com/subhasundardass/retui/retui/window/window.go:323.13,325.3 1 0
github.com/subhasundardass/retui/retui/window/window.go:328.2,328.57 1 0
github.com/subhasundardass/retui/retui/window/window.go:328.57,330.3 1 0
github.com/subhasundardass/retui/retui/window/window.go:331.2,331.61 1 0
github.com/subhasundardass/retui/retui/window/window.go:331.61,333.3 1 0
github.com/subhasundardass/retui/retui/window/window.go:335.2,335.10 1 0
github.com/subhasundardass/retui/retui/window/window.go:339.62,344.13 4 0
github.com/subhasundardass/retui/retui/window/window.go:344.13,346.3 1 0
github.com/subhasundardass/retui/retui/window/window.go:347.2,347.31 1 0
github.com/subhasundardass/retui/retui/window/window.go:347.31,349.3 1 0
github.com/subhasundardass/retui/retui/window/window.go:350.2,350.10 1 0
github.com/subhasundardass/retui/retui/window/window.go:354.61,359.13 4 0
github.com/subhasundardass/retui/retui/window/window.go:359.13,361.3 1 0
github.com/subhasundardass/retui/retui/window/window.go:362.2,362.33 1 0
github.com/subhasundardass/retui/retui/window/window.go:362.33,364.3 1 0
github.com/subhasundardass/retui/retui/window/window.go:365.2,365.10 1 0
github.com/subhasundardass/retui/retui/window/window.go:369.43,375.2 5 0
github.com/subhasundardass/retui/retui/window/window.go:378.45,384.2 5 0
github.com/subhasundardass/retui/retui/window/window.go:387.54,393.2 5 0
github.com/subhasundardass/retui/retui/window/window.go:401.60,408.2 5 0
github.com/subhasundardass/retui/retui/window/window.go:411.45,415.2 3 0
github.com/subhasundardass/retui/retui/window/window.go:419.41,425.15 5 0
github.com/subhasundardass/retui/retui/window/window.go:425.15,427.3 1 0
github.com/subhasundardass/retui/retui/window/window.go:429.2,429.16 1 0
github.com/subhasundardass/retui/retui/window/window.go:437.34,442.2 3 0
github.com/subhasundardass/retui/retui/window/window.go:446.34,464.2 3 0
github.com/subhasundardass/retui/retui/window/window.go:475.26,481.2 4 0
github.com/subhasundardass/retui/retui/window/window.go:484.27,487.21 2 0
github.com/subhasundardass/retui/retui/window/window.go:487.21,489.17 2 0
github.com/subhasundardass/retui/retui/window/window.go:489.17,493.4 3 0
github.com/subhasundardass/retui/retui/window/window.go:497.2,498.21 2 0
github.com/subhasundardass/retui/retui/window/window.go:498.21,501.17 3 0
github.com/subhasundardass/retui/retui/window/window.go:501.17,504.4 2 0
github.com/subhasundardass/retui/retui/window/window.go:513.62,524.40 2 0
github.com/subhasundardass/retui/retui/window/window.go:524.40,525.64 1 0
github.com/subhasundardass/retui/retui/window/window.go:525.64,528.4 2 0
github.com/subhasundardass/retui/retui/window/window.go:529.3,529.15 1 0
github.com/subhasundardass/retui/retui/window/window.go:532.2,532.10 1 0
